AS,TIME,MEM,CPU
5,09-03-2023-22:13:33,8.0,94.2
5,09-03-2023-22:14:33,8.0,92.4
5,09-03-2023-22:15:33,6.0,91.9
5,09-03-2023-22:16:33,4.7,13.6
5,09-03-2023-22:17:33,5.9,14.3
5,09-03-2023-22:18:33,10,14.6
5,09-03-2023-22:19:33,10,13.3
5,09-03-2023-22:20:33,10,13.8
5,09-03-2023-22:21:33,10,14.0
5,09-03-2023-22:22:33,10,10.3
5,09-03-2023-22:23:33,10,10.2
5,09-03-2023-22:24:33,10,10.4
5,09-03-2023-22:25:33,10,11.5
5,09-03-2023-22:26:33,10,10.5
5,09-03-2023-22:27:33,10,9.9
5,09-03-2023-22:28:33,14,90.3
5,09-03-2023-22:29:33,14,89.3
5,09-03-2023-22:30:33,14,92.1
5,09-03-2023-22:31:33,14,93.6
5,09-03-2023-22:32:33,14,93.7
5,09-03-2023-22:33:33,14,93.0
5,09-03-2023-22:34:33,14,93.0
5,09-03-2023-22:35:33,14,93.2
5,09-03-2023-22:36:33,14,93.3
5,09-03-2023-22:37:33,15,93.3
5,09-03-2023-22:38:33,15,93.1
5,09-03-2023-22:39:33,15,92.8
5,09-03-2023-22:40:33,15,93.1
5,09-03-2023-22:41:33,15,93.0
5,09-03-2023-22:42:33,14,92.9
5,09-03-2023-22:43:33,14,92.1
5,09-03-2023-22:44:33,13,87.2
5,09-03-2023-22:45:33,11,12.8
5,09-03-2023-22:46:33,11,10.9
5,09-03-2023-22:47:33,11,16.9
5,09-03-2023-22:48:33,11,11.5
5,09-03-2023-22:49:33,11,10.3
5,09-03-2023-22:50:33,11,9.2
5,09-03-2023-22:51:33,11,13.7
5,09-03-2023-22:52:33,11,11.6
5,09-03-2023-22:53:33,11,10.1
5,09-03-2023-22:54:33,11,10.0
5,09-03-2023-22:55:33,11,10.5
5,09-03-2023-22:56:33,11,10.4
5,09-03-2023-22:57:33,11,11.8
5,09-03-2023-22:58:33,11,15.2
5,09-03-2023-22:59:33,11,12.4
5,09-03-2023-23:00:33,14,89.6
5,09-03-2023-23:01:33,15,88.7
5,09-03-2023-23:02:33,15,91.3
5,09-03-2023-23:03:33,15,92.9
5,09-03-2023-23:04:33,15,92.9
5,09-03-2023-23:05:33,15,92.3
5,09-03-2023-23:06:33,15,93.4
5,09-03-2023-23:07:33,15,93.3
5,09-03-2023-23:08:33,15,92.7
5,09-03-2023-23:09:33,15,93.2
5,09-03-2023-23:10:33,15,92.9
5,09-03-2023-23:11:33,15,92.9
5,09-03-2023-23:12:33,15,92.7
5,09-03-2023-23:13:33,15,92.3
5,09-03-2023-23:14:33,15,93.0
5,09-03-2023-23:15:33,15,92.9
5,09-03-2023-23:16:33,14,92.2
5,09-03-2023-23:17:33,14,92.3
5,09-03-2023-23:18:33,13,89.3
5,09-03-2023-23:19:33,12,76.1
5,09-03-2023-23:20:33,11,23.7
5,09-03-2023-23:21:33,11,10.8
5,09-03-2023-23:22:33,11,11.3
5,09-03-2023-23:23:33,11,11.2
5,09-03-2023-23:24:33,11,10.3
5,09-03-2023-23:25:33,11,10.6
5,09-03-2023-23:26:33,11,10.6
5,09-03-2023-23:27:33,11,10.4
5,09-03-2023-23:28:33,11,10.2
5,09-03-2023-23:29:33,11,10.4
5,09-03-2023-23:30:33,11,9.8
5,09-03-2023-23:31:33,11,14.4
5,09-03-2023-23:32:33,11,12.9
5,09-03-2023-23:33:33,11,11.6
5,09-03-2023-23:34:33,11,11.9
5,09-03-2023-23:35:33,11,12.4
5,09-03-2023-23:36:33,11,10.1
5,09-03-2023-23:37:33,11,9.7
5,09-03-2023-23:38:33,11,9.1
5,09-03-2023-23:39:33,11,10.6
5,09-03-2023-23:40:33,11,9.7
5,09-03-2023-23:41:33,15,88.4
5,09-03-2023-23:42:33,15,89.3
5,09-03-2023-23:43:33,15,91.7
5,09-03-2023-23:44:33,15,93.0
5,09-03-2023-23:45:33,15,93.2
5,09-03-2023-23:46:33,15,92.7
5,09-03-2023-23:47:33,15,93.5
5,09-03-2023-23:48:33,15,92.9
5,09-03-2023-23:49:33,15,93.0
5,09-03-2023-23:50:33,15,92.3
5,09-03-2023-23:51:33,15,92.9
5,09-03-2023-23:52:33,15,92.7
5,09-03-2023-23:53:33,15,92.8
5,09-03-2023-23:54:33,15,92.6
5,09-03-2023-23:55:33,15,93.0
5,09-03-2023-23:56:33,15,91.8
5,09-03-2023-23:57:33,15,92.0
5,09-03-2023-23:58:33,14,92.8
5,09-03-2023-23:59:33,14,92.4
5,09-04-2023-00:00:33,12,89.2
5,09-04-2023-00:01:33,11,56.8
5,09-04-2023-00:02:33,11,22.5
5,09-04-2023-00:03:33,11,10.0
5,09-04-2023-00:04:33,11,13.0
5,09-04-2023-00:05:33,11,14.7
5,09-04-2023-00:06:33,11,11.9
5,09-04-2023-00:07:33,11,10.3
5,09-04-2023-00:08:33,11,11.5
5,09-04-2023-00:09:33,11,11.7
5,09-04-2023-00:10:33,11,10.6
5,09-04-2023-00:11:33,11,11.0
5,09-04-2023-00:12:33,11,10.0
5,09-04-2023-00:13:33,11,12.4
5,09-04-2023-00:14:33,11,9.5
5,09-04-2023-00:15:33,11,12.1
5,09-04-2023-00:16:33,11,10.2
5,09-04-2023-00:17:33,11,11.7
5,09-04-2023-00:18:33,11,14.0
5,09-04-2023-00:19:33,11,12.2
5,09-04-2023-00:20:33,11,17.6
5,09-04-2023-00:21:33,11,9.1
5,09-04-2023-00:22:33,11,9.3
5,09-04-2023-00:23:33,11,10.7
5,09-04-2023-00:24:33,11,10.5
5,09-04-2023-00:25:33,15,90.1
5,09-04-2023-00:26:33,15,89.8
5,09-04-2023-00:27:33,15,92.4
5,09-04-2023-00:28:33,15,92.8
5,09-04-2023-00:29:33,15,92.4
5,09-04-2023-00:30:33,15,93.3
5,09-04-2023-00:31:33,15,91.2
5,09-04-2023-00:32:33,15,93.0
5,09-04-2023-00:33:33,15,93.0
5,09-04-2023-00:34:33,15,92.1
5,09-04-2023-00:35:33,15,92.3
5,09-04-2023-00:36:33,15,92.6
5,09-04-2023-00:37:33,15,93.2
5,09-04-2023-00:38:33,15,92.4
5,09-04-2023-00:39:33,15,93.5
5,09-04-2023-00:40:33,14,92.0
5,09-04-2023-00:41:33,14,91.0
5,09-04-2023-00:42:33,14,90.6
5,09-04-2023-00:43:33,13,88.3
5,09-04-2023-00:44:33,12,68.1
5,09-04-2023-00:45:33,11,26.4
5,09-04-2023-00:46:33,11,13.5
5,09-04-2023-00:47:33,11,9.9
5,09-04-2023-00:48:33,11,11.8
5,09-04-2023-00:49:33,11,11.7
5,09-04-2023-00:50:33,11,10.0
5,09-04-2023-00:51:33,11,11.3
5,09-04-2023-00:52:33,11,13.9
5,09-04-2023-00:53:33,11,13.9
5,09-04-2023-00:54:33,11,8.5
5,09-04-2023-00:55:33,11,12.1
5,09-04-2023-00:56:33,11,10.3
5,09-04-2023-00:57:33,11,7.9
5,09-04-2023-00:58:33,11,11.4
5,09-04-2023-00:59:33,11,14.6
5,09-04-2023-01:00:33,11,10.6
5,09-04-2023-01:01:33,11,12.2
5,09-04-2023-01:02:33,15,89.8
5,09-04-2023-01:03:33,15,89.1
5,09-04-2023-01:04:33,15,91.8
5,09-04-2023-01:05:33,15,93.4
5,09-04-2023-01:06:33,15,92.7
5,09-04-2023-01:07:33,15,93.1
5,09-04-2023-01:08:33,15,93.2
5,09-04-2023-01:09:33,15,93.7
5,09-04-2023-01:10:33,15,92.8
5,09-04-2023-01:11:33,15,92.8
5,09-04-2023-01:12:33,15,92.2
5,09-04-2023-01:13:33,16,93.1
5,09-04-2023-01:14:33,15,92.5
5,09-04-2023-01:15:33,15,93.2
5,09-04-2023-01:16:33,16,93.7
5,09-04-2023-01:17:33,16,92.9
5,09-04-2023-01:18:33,15,92.0
5,09-04-2023-01:19:33,15,93.1
5,09-04-2023-01:20:33,14,92.9
5,09-04-2023-01:21:33,13,91.8
5,09-04-2023-01:22:33,12,64.3
5,09-04-2023-01:23:33,11,29.6
5,09-04-2023-01:24:33,11,17.7
5,09-04-2023-01:25:33,13,13.6
5,09-04-2023-01:26:33,13,14.7
5,09-04-2023-01:27:33,13,12.5
5,09-04-2023-01:28:33,13,12.5
5,09-04-2023-01:29:33,13,17.3
5,09-04-2023-01:30:33,13,15.0
5,09-04-2023-01:31:33,13,15.3
5,09-04-2023-01:32:33,15,18.4
5,09-04-2023-01:33:33,15,15.2
5,09-04-2023-01:34:33,15,11.9
5,09-04-2023-01:35:33,15,17.1
5,09-04-2023-01:36:33,15,16.1
5,09-04-2023-01:37:33,15,19.8
5,09-04-2023-01:38:33,15,15.0
5,09-04-2023-01:39:33,15,12.6
5,09-04-2023-01:40:33,15,12.9
5,09-04-2023-01:41:33,15,15.2
5,09-04-2023-01:42:33,15,12.0
5,09-04-2023-01:43:33,15,11.9
5,09-04-2023-01:44:33,15,15.6
5,09-04-2023-01:45:33,19,89.9
5,09-04-2023-01:46:33,19,89.2
5,09-04-2023-01:47:33,19,91.8
5,09-04-2023-01:48:33,19,92.4
5,09-04-2023-01:49:33,19,93.1
5,09-04-2023-01:50:33,19,90.2
5,09-04-2023-01:51:33,19,92.9
5,09-04-2023-01:52:33,19,93.1
5,09-04-2023-01:53:33,19,93.3
5,09-04-2023-01:54:33,19,92.8
5,09-04-2023-01:55:33,19,92.4
5,09-04-2023-01:56:33,19,92.9
5,09-04-2023-01:57:33,19,93.4
5,09-04-2023-01:58:33,19,93.2
5,09-04-2023-01:59:33,19,92.2
5,09-04-2023-02:00:33,19,93.0
5,09-04-2023-02:01:33,19,92.6
5,09-04-2023-02:02:33,19,92.6
5,09-04-2023-02:03:33,19,92.7
5,09-04-2023-02:04:33,18,93.0
5,09-04-2023-02:05:33,18,92.3
5,09-04-2023-02:06:33,17,92.6
5,09-04-2023-02:07:33,16,87.0
5,09-04-2023-02:08:33,16,32.0
5,09-04-2023-02:09:33,15,16.5
5,09-04-2023-02:10:33,15,15.3
5,09-04-2023-02:11:33,15,19.4
5,09-04-2023-02:12:33,16,16.1
5,09-04-2023-02:13:33,15,12.7
5,09-04-2023-02:14:33,15,13.4
5,09-04-2023-02:15:33,15,13.7
5,09-04-2023-02:16:33,15,14.0
5,09-04-2023-02:17:33,15,11.7
5,09-04-2023-02:18:33,15,10.6
5,09-04-2023-02:19:33,15,15.5
5,09-04-2023-02:20:33,15,13.9
5,09-04-2023-02:21:33,15,13.1
5,09-04-2023-02:22:33,12,13.4
5,09-04-2023-02:23:33,12,12.2
5,09-04-2023-02:24:33,12,12.5
5,09-04-2023-02:25:33,12,15.7
5,09-04-2023-02:26:33,12,15.8
5,09-04-2023-02:27:33,12,11.3
5,09-04-2023-02:28:33,16,89.4
5,09-04-2023-02:29:33,16,91.8
5,09-04-2023-02:30:33,16,92.9
5,09-04-2023-02:31:33,16,93.8
5,09-04-2023-02:32:33,14,93.8
5,09-04-2023-02:33:33,14,93.9
10,09-04-2023-02:34:12,14,93.7
10,09-04-2023-02:35:12,6.4,92.4
10,09-04-2023-02:36:12,6.3,92.8
10,09-04-2023-02:37:12,6.2,93.5
10,09-04-2023-02:38:12,6.2,93.5
10,09-04-2023-02:39:12,6.2,92.0
10,09-04-2023-02:40:12,6.2,94.3
10,09-04-2023-02:41:12,6.2,93.9
10,09-04-2023-02:42:12,6.3,93.7
10,09-04-2023-02:43:12,6.7,93.3
10,09-04-2023-02:44:12,6.6,92.6
10,09-04-2023-02:45:12,6.1,93.4
10,09-04-2023-02:46:12,5.4,93.4
10,09-04-2023-02:47:12,5.0,73.8
10,09-04-2023-02:48:12,5.6,24.5
10,09-04-2023-02:49:12,6.5,15.5
10,09-04-2023-02:50:12,13,19.1
10,09-04-2023-02:51:12,14,20.8
10,09-04-2023-02:52:12,14,18.4
10,09-04-2023-02:53:12,14,18.5
10,09-04-2023-02:54:12,14,17.8
10,09-04-2023-02:55:12,14,20.7
10,09-04-2023-02:56:12,14,18.1
10,09-04-2023-02:57:12,15,13.7
10,09-04-2023-02:58:12,14,15.0
10,09-04-2023-02:59:12,14,14.7
10,09-04-2023-03:00:12,14,14.7
10,09-04-2023-03:01:12,14,12.9
10,09-04-2023-03:02:12,14,15.1
10,09-04-2023-03:03:12,15,14.1
10,09-04-2023-03:04:12,15,11.7
10,09-04-2023-03:05:12,15,14.1
10,09-04-2023-03:06:12,14,16.0
10,09-04-2023-03:07:12,19,89.9
10,09-04-2023-03:08:12,19,89.8
10,09-04-2023-03:09:12,19,92.0
10,09-04-2023-03:10:12,19,90.0
10,09-04-2023-03:11:12,19,93.6
10,09-04-2023-03:12:12,19,93.3
10,09-04-2023-03:13:12,19,92.6
10,09-04-2023-03:14:12,19,92.7
10,09-04-2023-03:15:12,19,93.7
10,09-04-2023-03:16:12,19,92.7
10,09-04-2023-03:17:12,19,92.7
10,09-04-2023-03:18:12,19,93.0
10,09-04-2023-03:19:12,19,93.4
10,09-04-2023-03:20:12,19,92.5
10,09-04-2023-03:21:12,19,92.6
10,09-04-2023-03:22:12,18,92.9
10,09-04-2023-03:23:12,17,91.4
10,09-04-2023-03:24:12,17,89.5
10,09-04-2023-03:25:12,17,88.6
10,09-04-2023-03:26:12,16,84.5
10,09-04-2023-03:27:12,15,71.6
10,09-04-2023-03:28:12,15,34.5
10,09-04-2023-03:29:12,15,12.7
10,09-04-2023-03:30:12,15,14.5
10,09-04-2023-03:31:12,15,15.6
10,09-04-2023-03:32:12,15,15.3
10,09-04-2023-03:33:12,15,16.0
10,09-04-2023-03:34:12,15,18.8
10,09-04-2023-03:35:12,15,15.4
10,09-04-2023-03:36:12,15,12.9
10,09-04-2023-03:37:12,15,12.7
10,09-04-2023-03:38:12,15,13.5
10,09-04-2023-03:39:12,15,15.8
10,09-04-2023-03:40:12,15,13.5
10,09-04-2023-03:41:12,15,11.6
10,09-04-2023-03:42:12,17,89.3
10,09-04-2023-03:43:12,19,89.6
10,09-04-2023-03:44:12,19,91.2
10,09-04-2023-03:45:12,19,93.2
10,09-04-2023-03:46:12,19,93.6
10,09-04-2023-03:47:12,19,93.4
10,09-04-2023-03:48:12,19,92.9
10,09-04-2023-03:49:12,19,93.4
10,09-04-2023-03:50:12,19,93.3
10,09-04-2023-03:51:12,19,93.7
10,09-04-2023-03:52:12,19,93.6
10,09-04-2023-03:53:12,19,93.3
10,09-04-2023-03:54:12,19,92.3
10,09-04-2023-03:55:12,18,93.4
10,09-04-2023-03:56:12,18,93.7
10,09-04-2023-03:57:12,18,93.0
10,09-04-2023-03:58:12,18,91.7
10,09-04-2023-03:59:12,17,90.8
10,09-04-2023-04:00:12,17,91.9
10,09-04-2023-04:01:12,17,89.3
10,09-04-2023-04:02:12,17,89.3
10,09-04-2023-04:03:12,15,68.9
10,09-04-2023-04:04:12,15,46.6
10,09-04-2023-04:05:12,15,30.3
10,09-04-2023-04:06:12,15,18.1
10,09-04-2023-04:07:12,15,13.8
10,09-04-2023-04:08:12,15,13.0
10,09-04-2023-04:09:12,15,13.8
10,09-04-2023-04:10:12,15,15.7
10,09-04-2023-04:11:12,15,12.9
10,09-04-2023-04:12:12,15,12.4
10,09-04-2023-04:13:12,15,13.2
10,09-04-2023-04:14:12,15,12.5
10,09-04-2023-04:15:12,15,14.1
10,09-04-2023-04:16:12,15,14.9
10,09-04-2023-04:17:12,15,12.8
10,09-04-2023-04:18:12,19,90.1
10,09-04-2023-04:19:12,19,90.0
10,09-04-2023-04:20:12,19,92.7
10,09-04-2023-04:21:12,19,93.2
10,09-04-2023-04:22:12,19,93.4
10,09-04-2023-04:23:12,19,93.5
10,09-04-2023-04:24:12,19,93.3
10,09-04-2023-04:25:12,19,93.3
10,09-04-2023-04:26:12,19,93.4
10,09-04-2023-04:27:12,19,93.7
10,09-04-2023-04:28:12,19,93.3
10,09-04-2023-04:29:12,19,92.5
10,09-04-2023-04:30:12,19,93.4
10,09-04-2023-04:31:12,19,93.0
10,09-04-2023-04:32:12,19,92.8
10,09-04-2023-04:33:12,18,91.7
10,09-04-2023-04:34:12,17,91.8
10,09-04-2023-04:35:12,17,91.0
10,09-04-2023-04:36:12,17,90.1
10,09-04-2023-04:37:12,17,90.2
10,09-04-2023-04:38:12,16,80.5
10,09-04-2023-04:39:12,15,68.2
10,09-04-2023-04:40:12,15,37.0
10,09-04-2023-04:41:12,15,13.6
10,09-04-2023-04:42:12,15,14.7
10,09-04-2023-04:43:12,15,13.8
10,09-04-2023-04:44:12,15,11.1
10,09-04-2023-04:45:12,15,11.1
10,09-04-2023-04:46:12,15,12.4
10,09-04-2023-04:47:12,15,13.2
10,09-04-2023-04:48:12,15,14.9
10,09-04-2023-04:49:12,15,13.1
10,09-04-2023-04:50:12,15,14.1
10,09-04-2023-04:51:12,15,16.9
10,09-04-2023-04:52:12,15,17.2
10,09-04-2023-04:53:12,15,15.1
10,09-04-2023-04:54:12,15,24.5
10,09-04-2023-04:55:12,19,90.0
10,09-04-2023-04:56:12,19,91.0
10,09-04-2023-04:57:12,19,92.5
10,09-04-2023-04:58:12,19,93.2
10,09-04-2023-04:59:12,19,93.7
10,09-04-2023-05:00:12,19,92.7
10,09-04-2023-05:01:12,19,93.5
10,09-04-2023-05:02:12,19,93.7
10,09-04-2023-05:03:12,19,93.1
10,09-04-2023-05:04:12,19,92.7
10,09-04-2023-05:05:12,19,92.5
10,09-04-2023-05:06:12,19,92.9
10,09-04-2023-05:07:12,19,92.3
10,09-04-2023-05:08:12,19,92.8
10,09-04-2023-05:09:12,18,93.7
10,09-04-2023-05:10:12,18,93.1
10,09-04-2023-05:11:12,17,91.4
10,09-04-2023-05:12:12,17,90.2
10,09-04-2023-05:13:12,17,90.5
10,09-04-2023-05:14:12,17,89.2
10,09-04-2023-05:15:12,16,73.7
10,09-04-2023-05:16:12,15,44.2
10,09-04-2023-05:17:12,15,19.7
10,09-04-2023-05:18:12,15,12.1
10,09-04-2023-05:19:12,15,14.7
10,09-04-2023-05:20:12,15,14.5
10,09-04-2023-05:21:12,15,16.0
10,09-04-2023-05:22:12,15,16.4
10,09-04-2023-05:23:12,15,16.4
10,09-04-2023-05:24:12,15,14.5
10,09-04-2023-05:25:12,15,14.3
10,09-04-2023-05:26:12,15,15.4
10,09-04-2023-05:27:12,15,14.7
10,09-04-2023-05:28:12,15,17.8
10,09-04-2023-05:29:12,15,16.8
10,09-04-2023-05:30:12,15,15.3
10,09-04-2023-05:31:12,19,89.4
10,09-04-2023-05:32:12,19,90.3
10,09-04-2023-05:33:12,19,92.3
10,09-04-2023-05:34:12,19,92.8
10,09-04-2023-05:35:12,19,93.6
10,09-04-2023-05:36:12,19,93.0
10,09-04-2023-05:37:12,19,92.9
10,09-04-2023-05:38:12,19,93.3
10,09-04-2023-05:39:12,19,93.1
10,09-04-2023-05:40:12,19,92.7
10,09-04-2023-05:41:12,19,93.8
10,09-04-2023-05:42:12,19,92.6
10,09-04-2023-05:43:12,19,92.8
10,09-04-2023-05:44:12,18,92.4
10,09-04-2023-05:45:12,18,94.1
10,09-04-2023-05:46:12,18,91.1
10,09-04-2023-05:47:12,18,90.8
10,09-04-2023-05:48:12,17,90.6
10,09-04-2023-05:49:12,17,89.9
10,09-04-2023-05:50:12,17,89.7
10,09-04-2023-05:51:12,16,82.1
10,09-04-2023-05:52:12,15,49.3
10,09-04-2023-05:53:12,15,37.8
10,09-04-2023-05:54:12,15,15.6
10,09-04-2023-05:55:12,15,15.4
10,09-04-2023-05:56:12,15,16.1
10,09-04-2023-05:57:12,15,13.1
10,09-04-2023-05:58:12,15,18.9
10,09-04-2023-05:59:12,15,19.6
10,09-04-2023-06:00:12,15,17.0
10,09-04-2023-06:01:12,15,14.8
10,09-04-2023-06:02:12,15,16.1
10,09-04-2023-06:03:12,19,88.1
10,09-04-2023-06:04:12,19,87.4
10,09-04-2023-06:05:12,19,91.6
10,09-04-2023-06:06:12,19,93.1
10,09-04-2023-06:07:12,19,93.2
10,09-04-2023-06:08:12,19,92.7
10,09-04-2023-06:09:12,19,93.6
10,09-04-2023-06:10:12,19,93.0
10,09-04-2023-06:11:12,19,93.3
10,09-04-2023-06:12:12,19,93.3
10,09-04-2023-06:13:12,19,93.1
10,09-04-2023-06:14:12,19,91.8
10,09-04-2023-06:15:12,19,93.4
10,09-04-2023-06:16:12,19,93.6
10,09-04-2023-06:17:12,19,93.4
10,09-04-2023-06:18:12,19,93.2
10,09-04-2023-06:19:12,19,93.0
10,09-04-2023-06:20:12,18,92.5
10,09-04-2023-06:21:12,18,93.4
10,09-04-2023-06:22:12,17,92.4
10,09-04-2023-06:23:12,17,90.9
10,09-04-2023-06:24:12,16,76.4
10,09-04-2023-06:25:12,15,49.7
10,09-04-2023-06:26:12,15,30.2
10,09-04-2023-06:27:12,15,17.8
10,09-04-2023-06:28:12,15,16.2
10,09-04-2023-06:29:12,15,15.8
10,09-04-2023-06:30:12,15,13.3
10,09-04-2023-06:31:12,15,14.6
10,09-04-2023-06:32:12,15,13.3
10,09-04-2023-06:33:12,15,18.6
10,09-04-2023-06:34:12,15,14.2
10,09-04-2023-06:35:12,15,18.6
10,09-04-2023-06:36:12,15,17.8
10,09-04-2023-06:37:12,15,17.6
10,09-04-2023-06:38:12,19,90.2
10,09-04-2023-06:39:12,19,90.0
10,09-04-2023-06:40:12,19,91.2
10,09-04-2023-06:41:12,19,92.4
10,09-04-2023-06:42:12,19,91.6
10,09-04-2023-06:43:12,19,93.7
10,09-04-2023-06:44:12,19,93.0
10,09-04-2023-06:45:12,19,92.9
10,09-04-2023-06:46:12,19,93.6
10,09-04-2023-06:47:12,19,93.7
10,09-04-2023-06:48:12,19,92.9
10,09-04-2023-06:49:12,19,93.1
10,09-04-2023-06:50:12,19,93.2
10,09-04-2023-06:51:12,19,93.4
10,09-04-2023-06:52:12,19,93.3
10,09-04-2023-06:53:12,19,92.9
10,09-04-2023-06:54:12,19,93.8
10,09-04-2023-06:55:12,18,93.6
10,09-04-2023-06:56:12,18,92.0
10,09-04-2023-06:57:12,18,91.4
10,09-04-2023-06:58:12,17,87.8
10,09-04-2023-06:59:12,16,78.5
10,09-04-2023-07:00:12,16,52.9
10,09-04-2023-07:01:12,15,23.9
10,09-04-2023-07:02:12,15,16.7
10,09-04-2023-07:03:12,15,15.5
10,09-04-2023-07:04:12,15,13.9
10,09-04-2023-07:05:12,15,21.2
10,09-04-2023-07:06:12,15,16.2
10,09-04-2023-07:07:12,15,14.7
10,09-04-2023-07:08:12,15,16.9
10,09-04-2023-07:09:12,15,17.3
10,09-04-2023-07:10:12,15,14.4
10,09-04-2023-07:11:12,15,17.6
10,09-04-2023-07:12:12,15,16.9
10,09-04-2023-07:13:12,20,88.9
10,09-04-2023-07:14:12,22,90.6
10,09-04-2023-07:15:12,22,91.8
10,09-04-2023-07:16:12,22,92.5
10,09-04-2023-07:17:12,22,92.6
10,09-04-2023-07:18:12,22,93.4
10,09-04-2023-07:19:12,22,93.3
10,09-04-2023-07:20:12,22,90.0
10,09-04-2023-07:21:12,22,90.1
10,09-04-2023-07:22:12,22,89.7
10,09-04-2023-07:23:12,22,92.4
10,09-04-2023-07:24:12,22,92.3
10,09-04-2023-07:25:12,22,93.3
10,09-04-2023-07:26:12,22,93.1
10,09-04-2023-07:27:12,22,92.0
10,09-04-2023-07:28:12,22,92.2
10,09-04-2023-07:29:12,22,92.0
10,09-04-2023-07:30:12,22,91.0
10,09-04-2023-07:31:12,22,91.8
10,09-04-2023-07:32:12,22,92.7
10,09-04-2023-07:33:12,21,93.2
10,09-04-2023-07:34:12,20,93.3
10,09-04-2023-07:35:12,19,75.8
10,09-04-2023-07:36:12,18,40.6
10,09-04-2023-07:37:12,18,17.7
10,09-04-2023-07:38:12,18,20.5
10,09-04-2023-07:39:12,18,18.5
10,09-04-2023-07:40:12,18,18.8
10,09-04-2023-07:41:12,18,17.9
10,09-04-2023-07:42:12,18,20.3
10,09-04-2023-07:43:12,18,22.5
10,09-04-2023-07:44:12,18,20.3
10,09-04-2023-07:45:12,18,20.2
10,09-04-2023-07:46:12,18,19.8
10,09-04-2023-07:47:12,18,20.3
10,09-04-2023-07:48:12,18,23.5
10,09-04-2023-07:49:12,18,18.4
10,09-04-2023-07:50:12,18,18.0
10,09-04-2023-07:51:12,18,19.1
10,09-04-2023-07:52:12,18,16.3
10,09-04-2023-07:53:12,18,17.3
10,09-04-2023-07:54:12,18,24.7
10,09-04-2023-07:55:12,18,15.4
10,09-04-2023-07:56:12,18,13.3
10,09-04-2023-07:57:12,18,16.5
10,09-04-2023-07:58:12,18,12.9
10,09-04-2023-07:59:12,18,14.7
10,09-04-2023-08:00:12,18,16.6
10,09-04-2023-08:01:12,18,14.0
10,09-04-2023-08:02:12,18,16.7
10,09-04-2023-08:03:12,18,20.4
10,09-04-2023-08:04:12,18,19.7
10,09-04-2023-08:05:12,18,18.9
10,09-04-2023-08:06:12,18,16.4
10,09-04-2023-08:07:12,18,18.5
10,09-04-2023-08:08:12,18,16.3
10,09-04-2023-08:09:12,18,15.5
10,09-04-2023-08:10:12,18,16.6
10,09-04-2023-08:11:12,18,14.5
10,09-04-2023-08:12:12,18,19.4
10,09-04-2023-08:13:12,18,19.1
10,09-04-2023-08:14:12,18,16.1
10,09-04-2023-08:15:12,18,15.8
10,09-04-2023-08:16:12,18,16.2
10,09-04-2023-08:17:12,18,14.2
10,09-04-2023-08:18:12,18,17.3
10,09-04-2023-08:19:12,18,13.8
10,09-04-2023-08:20:12,18,13.8
10,09-04-2023-08:21:12,18,14.3
10,09-04-2023-08:22:12,18,20.0
10,09-04-2023-08:23:12,18,19.4
10,09-04-2023-08:24:12,18,16.4
10,09-04-2023-08:25:12,18,18.5
10,09-04-2023-08:26:12,18,18.2
10,09-04-2023-08:27:12,18,16.9
10,09-04-2023-08:28:12,18,14.8
10,09-04-2023-08:29:12,18,18.4
10,09-04-2023-08:30:12,18,15.5
10,09-04-2023-08:31:12,18,12.7
10,09-04-2023-08:32:12,18,22.9
10,09-04-2023-08:33:12,18,20.4
10,09-04-2023-08:34:12,18,19.6
10,09-04-2023-08:35:12,18,12.7
10,09-04-2023-08:36:12,18,17.6
10,09-04-2023-08:37:12,18,15.7
10,09-04-2023-08:38:12,18,10.5
10,09-04-2023-08:39:12,18,13.9
10,09-04-2023-08:40:12,18,12.3
10,09-04-2023-08:41:12,18,14.1
10,09-04-2023-08:42:12,18,17.6
10,09-04-2023-08:43:12,18,20.9
10,09-04-2023-08:44:12,18,20.1
10,09-04-2023-08:45:12,18,16.3
10,09-04-2023-08:46:12,18,17.9
10,09-04-2023-08:47:12,18,11.9
10,09-04-2023-08:48:12,18,21.0
10,09-04-2023-08:49:12,18,20.6
10,09-04-2023-08:50:12,18,19.5
10,09-04-2023-08:51:12,18,15.7
10,09-04-2023-08:52:12,18,14.1
10,09-04-2023-08:53:12,18,20.1
10,09-04-2023-08:54:12,18,17.1
10,09-04-2023-08:55:12,18,14.0
10,09-04-2023-08:56:12,18,16.6
10,09-04-2023-08:57:12,18,15.0
10,09-04-2023-08:58:12,18,17.4
10,09-04-2023-08:59:12,18,14.4
10,09-04-2023-09:00:12,18,17.1
10,09-04-2023-09:01:12,18,14.6
10,09-04-2023-09:02:12,18,16.9
10,09-04-2023-09:03:12,18,21.0
10,09-04-2023-09:04:12,18,20.2
10,09-04-2023-09:05:12,18,19.4
10,09-04-2023-09:06:12,18,14.9
10,09-04-2023-09:07:12,18,15.8
10,09-04-2023-09:08:12,18,14.1
10,09-04-2023-09:09:12,18,18.1
10,09-04-2023-09:10:12,18,16.8
10,09-04-2023-09:11:12,18,17.9
10,09-04-2023-09:12:12,18,15.0
10,09-04-2023-09:13:12,18,16.5
10,09-04-2023-09:14:12,18,21.2
10,09-04-2023-09:15:12,18,14.8
10,09-04-2023-09:16:12,18,16.9
10,09-04-2023-09:17:12,18,18.2
10,09-04-2023-09:18:12,18,15.7
10,09-04-2023-09:19:12,18,12.3
10,09-04-2023-09:20:12,18,12.5
10,09-04-2023-09:21:12,18,14.9
10,09-04-2023-09:22:12,18,16.5
10,09-04-2023-09:23:12,18,17.6
10,09-04-2023-09:24:12,18,19.7
10,09-04-2023-09:25:12,18,19.5
10,09-04-2023-09:26:12,18,16.3
10,09-04-2023-09:27:12,18,11.4
10,09-04-2023-09:28:12,18,17.0
10,09-04-2023-09:29:12,18,19.1
10,09-04-2023-09:30:12,18,19.8
10,09-04-2023-09:31:12,18,15.0
10,09-04-2023-09:32:12,18,15.7
10,09-04-2023-09:33:12,18,21.4
10,09-04-2023-09:34:12,18,15.0
10,09-04-2023-09:35:12,18,11.7
10,09-04-2023-09:36:12,18,14.2
10,09-04-2023-09:37:12,18,19.0
10,09-04-2023-09:38:12,18,13.8
10,09-04-2023-09:39:12,18,12.6
10,09-04-2023-09:40:12,18,17.1
10,09-04-2023-09:41:12,18,11.3
10,09-04-2023-09:42:12,18,15.1
10,09-04-2023-09:43:12,18,18.4
10,09-04-2023-09:44:12,18,24.3
10,09-04-2023-09:45:12,18,16.4
10,09-04-2023-09:46:12,18,14.7
10,09-04-2023-09:47:12,18,20.8
10,09-04-2023-09:48:12,18,19.2
10,09-04-2023-09:49:12,18,19.9
10,09-04-2023-09:50:12,18,15.5
10,09-04-2023-09:51:12,18,13.9
10,09-04-2023-09:52:12,18,16.4
10,09-04-2023-09:53:12,18,17.3
10,09-04-2023-09:54:12,18,18.7
10,09-04-2023-09:55:12,18,11.8
10,09-04-2023-09:56:12,18,15.9
10,09-04-2023-09:57:12,18,20.1
10,09-04-2023-09:58:12,18,16.3
10,09-04-2023-09:59:12,18,14.9
10,09-04-2023-10:00:12,18,16.6
10,09-04-2023-10:01:12,18,17.1
10,09-04-2023-10:02:12,18,15.9
10,09-04-2023-10:03:12,18,19.0
10,09-04-2023-10:04:12,18,18.2
10,09-04-2023-10:05:12,18,15.5
10,09-04-2023-10:06:12,18,14.8
10,09-04-2023-10:07:12,18,14.4
10,09-04-2023-10:08:12,18,16.4
10,09-04-2023-10:09:12,18,21.6
10,09-04-2023-10:10:12,18,16.5
10,09-04-2023-10:11:12,18,11.9
10,09-04-2023-10:12:12,18,13.3
10,09-04-2023-10:13:12,19,23.2
10,09-04-2023-10:14:12,19,16.8
10,09-04-2023-10:15:12,19,22.0
10,09-04-2023-10:16:12,19,25.4
10,09-04-2023-10:17:12,19,25.3
10,09-04-2023-10:18:12,19,19.9
10,09-04-2023-10:19:12,19,16.8
10,09-04-2023-10:20:12,19,18.0
10,09-04-2023-10:21:12,19,17.8
10,09-04-2023-10:22:12,19,15.2
10,09-04-2023-10:22:35,19,29.7
10,09-04-2023-10:23:12,4.6,6.4
10,09-04-2023-10:23:35,4.4,5.1
10,09-04-2023-10:24:12,4.1,5.7
10,09-04-2023-10:24:35,4.1,4.6
10,09-04-2023-10:25:12,4.0,2.3
10,09-04-2023-10:25:35,4.0,3.3
10,09-04-2023-10:26:04,3.8,0.9
10,09-04-2023-10:26:12,4.1,10.2
10,09-04-2023-10:26:35,4.0,12.6
10,09-04-2023-10:27:04,4.7,5.5
10,09-04-2023-10:27:12,4.8,6.9
10,09-04-2023-10:27:35,5.3,7.6
10,09-04-2023-10:28:04,5.8,7.7
10,09-04-2023-10:28:12,5.9,9.3
10,09-04-2023-10:28:35,6.5,9.2
10,09-04-2023-10:29:04,7.0,8.2
10,09-04-2023-10:29:12,7.1,11.8
10,09-04-2023-10:29:35,7.6,10.0
10,09-04-2023-10:30:05,7.6,6.2
10,09-04-2023-10:30:12,7.6,8.6
10,09-04-2023-10:30:35,7.6,6.0
10,09-04-2023-10:31:05,7.7,5.8
10,09-04-2023-10:33:48,11,82.4
10,09-04-2023-10:34:48,9.2,89.6
10,09-04-2023-10:35:48,9.0,93.3
10,09-04-2023-10:36:48,8.9,93.1
10,09-04-2023-10:37:48,8.9,93.2
10,09-04-2023-10:38:48,8.8,93.3
10,09-04-2023-10:39:48,8.7,93.4
10,09-04-2023-10:40:48,8.5,92.9
10,09-04-2023-10:41:48,8.5,93.1
10,09-04-2023-10:42:48,8.7,93.3
10,09-04-2023-10:43:48,9.1,92.8
10,09-04-2023-10:44:48,9.6,92.0
10,09-04-2023-10:45:48,9.9,92.5
10,09-04-2023-10:46:48,10,92.3
10,09-04-2023-10:47:48,10,92.0
10,09-04-2023-10:48:48,10,91.6
10,09-04-2023-10:49:48,10,91.8
10,09-04-2023-10:50:48,9.0,91.2
10,09-04-2023-10:51:48,9.0,66.5
10,09-04-2023-10:52:48,8.9,23.3
10,09-04-2023-10:53:48,17,23.3
10,09-04-2023-10:54:48,17,19.8
10,09-04-2023-10:55:48,17,20.6
10,09-04-2023-10:56:48,17,21.1
10,09-04-2023-10:57:48,17,22.0
10,09-04-2023-10:58:48,17,24.5
10,09-04-2023-10:59:48,17,19.9
10,09-04-2023-11:00:48,17,18.3
10,09-04-2023-11:01:48,17,19.8
10,09-04-2023-11:02:48,17,18.4
10,09-04-2023-11:03:48,17,15.9
10,09-04-2023-11:04:48,17,15.5
10,09-04-2023-11:05:48,17,16.3
10,09-04-2023-11:06:48,17,16.7
10,09-04-2023-11:07:48,17,16.6
10,09-04-2023-11:08:48,17,14.5
10,09-04-2023-11:09:48,21,88.7
10,09-04-2023-11:10:48,21,89.1
10,09-04-2023-11:11:48,21,91.6
10,09-04-2023-11:12:48,21,92.4
10,09-04-2023-11:13:48,21,92.5
10,09-04-2023-11:14:48,21,92.2
10,09-04-2023-11:15:48,21,91.8
10,09-04-2023-11:16:48,21,92.1
10,09-04-2023-11:17:48,21,91.9
10,09-04-2023-11:18:48,21,92.3
10,09-04-2023-11:19:48,21,92.6
10,09-04-2023-11:20:48,21,90.8
10,09-04-2023-11:21:48,21,91.3
10,09-04-2023-11:22:48,21,92.3
10,09-04-2023-11:23:48,21,93.4
10,09-04-2023-11:24:48,21,90.9
10,09-04-2023-11:25:48,21,92.8
10,09-04-2023-11:26:48,20,91.5
10,09-04-2023-11:27:48,20,91.9
10,09-04-2023-11:28:48,19,89.4
10,09-04-2023-11:29:48,19,85.9
10,09-04-2023-11:30:48,18,67.5
10,09-04-2023-11:31:48,17,33.5
10,09-04-2023-11:32:48,17,19.9
10,09-04-2023-11:33:48,17,17.3
10,09-04-2023-11:34:48,17,14.8
10,09-04-2023-11:35:48,17,14.0
10,09-04-2023-11:36:48,17,12.8
10,09-04-2023-11:37:48,17,14.6
10,09-04-2023-11:38:48,17,18.4
10,09-04-2023-11:39:48,17,15.4
10,09-04-2023-11:40:48,17,13.0
10,09-04-2023-11:41:48,17,13.8
10,09-04-2023-11:42:48,17,15.9
10,09-04-2023-11:43:48,17,19.1
10,09-04-2023-11:44:48,17,17.6
10,09-04-2023-11:45:48,17,16.0
10,09-04-2023-11:46:48,17,16.8
10,09-04-2023-11:47:48,17,14.5
10,09-04-2023-11:48:48,21,90.1
10,09-04-2023-11:49:48,21,89.8
10,09-04-2023-11:50:48,21,90.7
10,09-04-2023-11:51:48,21,92.2
10,09-04-2023-11:52:48,21,92.0
10,09-04-2023-11:53:48,21,91.9
10,09-04-2023-11:54:48,21,92.3
10,09-04-2023-11:55:48,21,92.4
10,09-04-2023-11:56:48,21,91.8
10,09-04-2023-11:57:48,21,91.8
10,09-04-2023-11:58:48,21,91.6
10,09-04-2023-11:59:48,21,92.0
10,09-04-2023-12:00:48,21,92.5
10,09-04-2023-12:01:48,21,92.6
10,09-04-2023-12:02:48,21,92.3
10,09-04-2023-12:03:48,21,91.2
10,09-04-2023-12:04:48,20,92.2
10,09-04-2023-12:05:48,20,92.6
10,09-04-2023-12:06:48,20,91.9
10,09-04-2023-12:07:48,19,89.8
10,09-04-2023-12:08:48,19,88.5
10,09-04-2023-12:09:48,18,79.5
10,09-04-2023-12:10:48,18,74.3
10,09-04-2023-12:11:48,17,38.1
10,09-04-2023-12:12:48,17,13.2
10,09-04-2023-12:13:48,17,15.7
10,09-04-2023-12:14:48,17,16.9
10,09-04-2023-12:15:48,17,16.2
10,09-04-2023-12:16:48,17,16.3
10,09-04-2023-12:17:48,17,17.8
10,09-04-2023-12:18:48,17,14.5
10,09-04-2023-12:19:48,17,16.7
10,09-04-2023-12:20:48,17,18.6
10,09-04-2023-12:21:48,17,19.4
10,09-04-2023-12:22:48,17,17.4
10,09-04-2023-12:23:48,17,17.7
10,09-04-2023-12:24:48,17,20.3
10,09-04-2023-12:25:48,17,17.5
10,09-04-2023-12:26:48,17,14.9
10,09-04-2023-12:27:48,17,15.8
10,09-04-2023-12:28:48,21,88.2
10,09-04-2023-12:29:48,21,90.1
10,09-04-2023-12:30:48,21,91.5
10,09-04-2023-12:31:48,21,93.1
10,09-04-2023-12:32:48,21,92.3
10,09-04-2023-12:33:48,21,92.4
10,09-04-2023-12:34:48,21,93.4
10,09-04-2023-12:35:48,21,92.7
10,09-04-2023-12:36:48,21,92.9
10,09-04-2023-12:37:48,21,92.2
10,09-04-2023-12:38:48,21,92.5
10,09-04-2023-12:39:48,21,91.9
10,09-04-2023-12:40:48,21,91.7
10,09-04-2023-12:41:48,21,91.9
10,09-04-2023-12:42:48,21,92.8
10,09-04-2023-12:43:48,21,92.6
10,09-04-2023-12:44:48,21,91.6
10,09-04-2023-12:45:48,21,92.2
10,09-04-2023-12:46:48,21,92.1
10,09-04-2023-12:47:48,20,92.5
10,09-04-2023-12:48:48,19,92.0
10,09-04-2023-12:49:48,18,72.1
10,09-04-2023-12:50:48,17,44.5
10,09-04-2023-12:51:48,17,16.5
10,09-04-2023-12:52:48,17,17.9
10,09-04-2023-12:53:48,17,17.7
10,09-04-2023-12:54:48,17,18.1
10,09-04-2023-12:55:48,17,18.9
10,09-04-2023-12:56:48,17,18.0
10,09-04-2023-12:57:48,17,14.3
10,09-04-2023-12:58:48,17,13.5
10,09-04-2023-12:59:48,17,15.0
10,09-04-2023-13:00:48,17,16.4
10,09-04-2023-13:01:48,17,16.1
10,09-04-2023-13:02:48,17,14.1
10,09-04-2023-13:03:48,17,15.9
10,09-04-2023-13:04:48,17,15.6
10,09-04-2023-13:05:48,17,14.9
10,09-04-2023-13:06:48,17,14.6
10,09-04-2023-13:07:48,17,19.1
10,09-04-2023-13:08:48,17,21.5
10,09-04-2023-13:09:48,20,89.6
10,09-04-2023-13:10:48,21,89.6
10,09-04-2023-13:11:48,21,90.6
10,09-04-2023-13:12:48,21,92.5
10,09-04-2023-13:13:48,21,92.7
10,09-04-2023-13:14:48,21,92.0
10,09-04-2023-13:15:48,21,92.4
10,09-04-2023-13:16:48,21,92.5
10,09-04-2023-13:17:48,21,92.1
10,09-04-2023-13:18:48,21,92.6
10,09-04-2023-13:19:48,21,92.3
10,09-04-2023-13:20:48,21,91.3
10,09-04-2023-13:21:48,21,90.7
10,09-04-2023-13:22:48,21,92.6
10,09-04-2023-13:23:48,17,14.0
10,09-04-2023-13:24:48,17,12.5
10,09-04-2023-13:25:48,17,13.2
10,09-04-2023-13:26:48,17,13.9
10,09-04-2023-13:27:48,17,14.0
10,09-04-2023-13:28:48,17,11.4
10,09-04-2023-13:29:48,17,11.4
10,09-04-2023-13:30:48,17,13.3
10,09-04-2023-13:31:48,17,13.9
10,09-04-2023-13:32:48,17,13.5
10,09-04-2023-13:33:48,17,13.9
10,09-04-2023-13:34:48,17,10.6
10,09-04-2023-13:35:48,17,8.7
10,09-04-2023-13:36:48,17,11.3
10,09-04-2023-13:37:48,17,15.0
10,09-04-2023-13:38:48,17,11.7
10,09-04-2023-13:39:48,17,11.3
10,09-04-2023-13:40:48,17,9.4
10,09-04-2023-13:41:48,17,10.2
10,09-04-2023-13:42:48,17,14.5
10,09-04-2023-13:43:48,17,15.1
10,09-04-2023-13:44:48,17,14.0
10,09-04-2023-13:45:48,17,13.6
10,09-04-2023-13:46:48,17,13.7
10,09-04-2023-13:47:48,17,13.3
10,09-04-2023-13:48:48,17,14.2
10,09-04-2023-13:49:48,17,14.1
10,09-04-2023-13:50:48,17,14.6
10,09-04-2023-13:51:48,17,12.2
10,09-04-2023-13:52:48,17,15.8
10,09-04-2023-13:53:48,17,15.3
10,09-04-2023-13:54:48,17,15.4
10,09-04-2023-13:55:48,17,11.2
10,09-04-2023-13:56:48,17,17.0
10,09-04-2023-13:57:48,17,14.9
10,09-04-2023-13:58:48,17,15.9
10,09-04-2023-13:59:48,17,13.9
10,09-04-2023-14:00:48,17,9.3
10,09-04-2023-14:01:48,17,13.3
10,09-04-2023-14:02:48,17,12.4
10,09-04-2023-14:03:48,17,15.2
10,09-04-2023-14:04:48,17,13.3
10,09-04-2023-14:05:48,17,16.8
10,09-04-2023-14:06:48,17,14.2
10,09-04-2023-14:07:48,17,12.3
10,09-04-2023-14:08:48,17,15.4
10,09-04-2023-14:09:48,17,19.7
10,09-04-2023-14:10:48,17,17.2
10,09-04-2023-14:11:48,17,14.1
10,09-04-2023-14:12:48,17,9.7
10,09-04-2023-14:13:48,17,14.4
10,09-04-2023-14:14:48,17,15.4
10,09-04-2023-14:15:48,17,16.9
10,09-04-2023-14:16:48,17,14.5
10,09-04-2023-14:17:48,17,11.4
10,09-04-2023-14:18:48,17,16.4
10,09-04-2023-14:19:48,17,15.6
10,09-04-2023-14:20:48,17,16.8
10,09-04-2023-14:21:48,17,10.6
10,09-04-2023-14:22:48,17,13.4
10,09-04-2023-14:23:48,17,11.6
10,09-04-2023-14:24:48,17,13.6
10,09-04-2023-14:25:48,17,11.4
10,09-04-2023-14:26:48,17,14.9
10,09-04-2023-14:27:48,17,18.2
10,09-04-2023-14:28:48,17,17.3
10,09-04-2023-14:29:48,17,11.2
10,09-04-2023-14:30:48,17,14.4
10,09-04-2023-14:31:48,17,16.4
10,09-04-2023-14:32:48,17,22.5
10,09-04-2023-14:33:48,17,14.5
10,09-04-2023-14:34:48,17,13.2
10,09-04-2023-14:35:48,17,16.0
10,09-04-2023-14:36:48,17,14.0
10,09-04-2023-14:37:48,17,11.0
10,09-04-2023-14:38:48,17,17.8
10,09-04-2023-14:39:48,17,16.7
10,09-04-2023-14:40:48,17,16.4
10,09-04-2023-14:41:48,17,12.8
10,09-04-2023-14:42:48,20,16.2
10,09-04-2023-14:43:48,20,14.2
10,09-04-2023-14:44:48,20,17.3
10,09-04-2023-14:45:48,20,21.9
10,09-04-2023-14:46:48,20,23.7
10,09-04-2023-14:47:48,20,24.6
10,09-04-2023-14:48:48,20,25.1
10,09-04-2023-14:49:48,20,25.0
10,09-04-2023-14:50:48,20,21.1
10,09-04-2023-14:51:48,20,18.9
10,09-04-2023-14:52:48,20,21.7
10,09-04-2023-14:53:48,20,22.5
10,09-04-2023-14:54:48,20,18.7
10,09-04-2023-14:55:48,20,26.4
10,09-04-2023-14:56:48,20,20.6
10,09-04-2023-14:57:48,24,43.1
10,09-04-2023-14:58:48,25,19.6
10,09-04-2023-14:59:48,25,21.3
10,09-04-2023-15:00:48,25,17.7
10,09-04-2023-15:01:48,25,23.2
10,09-04-2023-15:02:48,25,50.4
10,09-04-2023-15:03:48,25,18.5
10,09-04-2023-15:04:48,25,19.8
10,09-04-2023-15:05:48,25,17.9
10,09-04-2023-15:06:48,25,20.1
10,09-04-2023-15:07:48,25,52.6
10,09-04-2023-15:08:48,25,24.2
10,09-04-2023-15:09:48,25,21.4
10,09-04-2023-15:10:48,25,17.7
10,09-04-2023-15:11:48,25,22.3
10,09-04-2023-15:12:48,25,49.4
10,09-04-2023-15:13:48,25,18.1
10,09-04-2023-15:14:48,25,15.9
10,09-04-2023-15:15:48,25,20.2
10,09-04-2023-15:16:48,25,19.2
10,09-04-2023-15:17:48,25,60.9
10,09-04-2023-15:18:48,26,27.9
10,09-04-2023-15:19:48,26,18.2
10,09-04-2023-15:20:48,26,17.4
10,09-04-2023-15:21:48,26,19.7
10,09-04-2023-15:22:48,25,52.6
10,09-04-2023-15:23:48,26,20.3
10,09-04-2023-15:24:48,26,19.2
10,09-04-2023-15:25:48,26,24.5
10,09-04-2023-15:26:48,26,19.8
10,09-04-2023-15:27:48,25,52.2
10,09-04-2023-15:28:48,26,19.7
10,09-04-2023-15:29:48,26,19.9
10,09-04-2023-15:30:48,26,19.6
10,09-04-2023-15:31:48,26,20.8
10,09-04-2023-15:32:48,25,57.3
10,09-04-2023-15:33:48,26,22.1
10,09-04-2023-15:34:48,26,21.2
10,09-04-2023-15:35:48,26,19.1
10,09-04-2023-15:36:48,26,21.6
10,09-04-2023-15:37:48,25,51.3
10,09-04-2023-15:38:48,26,18.7
10,09-04-2023-15:39:48,26,24.5
10,09-04-2023-15:40:48,26,20.9
10,09-04-2023-15:41:48,26,20.3
10,09-04-2023-15:42:48,25,43.6
10,09-04-2023-15:43:48,26,21.0
10,09-04-2023-15:44:48,26,19.2
10,09-04-2023-15:45:48,26,18.0
10,09-04-2023-15:46:48,26,21.8
10,09-04-2023-15:47:48,25,53.2
10,09-04-2023-15:48:48,26,17.7
10,09-04-2023-15:49:48,26,20.8
10,09-04-2023-15:50:48,26,27.5
10,09-04-2023-15:51:48,26,16.8
10,09-04-2023-15:52:48,25,45.9
10,09-04-2023-15:53:48,26,19.4
10,09-04-2023-15:54:48,26,21.9
10,09-04-2023-15:55:48,26,19.6
10,09-04-2023-15:56:48,26,19.8
10,09-04-2023-15:57:48,21,20.2
10,09-04-2023-15:58:48,21,20.4
30,09-04-2023-15:58:59,21,16.2
30,09-04-2023-15:59:59,5.1,5.6
30,09-04-2023-16:00:59,4.7,5.2
30,09-04-2023-16:01:59,4.6,2.3
30,09-04-2023-16:02:59,4.4,1.1
30,09-04-2023-16:03:59,4.6,1.1
30,09-04-2023-16:04:59,4.5,4.0
30,09-04-2023-16:05:59,5.9,6.8
30,09-04-2023-16:06:59,7.3,10.4
30,09-04-2023-16:07:59,8.6,11.3
30,09-04-2023-16:08:59,10,13.0
30,09-04-2023-16:09:59,11,18.7
30,09-04-2023-16:10:59,12,18.0
30,09-04-2023-16:11:59,14,23.4
30,09-04-2023-16:12:59,15,26.0
30,09-04-2023-16:13:59,16,32.7
30,09-04-2023-16:14:59,18,30.6
30,09-04-2023-16:15:59,19,33.0
30,09-04-2023-16:16:59,20,34.6
30,09-04-2023-16:17:59,20,41.6
30,09-04-2023-16:18:59,20,44.4
30,09-04-2023-16:19:59,27,43.4
30,09-04-2023-16:20:59,34,52.9
30,09-04-2023-16:21:59,41,49.0
30,09-04-2023-16:22:59,44,20.3
30,09-04-2023-16:23:59,45,19.5
30,09-04-2023-16:24:59,45,32.6
30,09-04-2023-16:25:59,45,47.0
30,09-04-2023-16:26:59,45,44.5
30,09-04-2023-16:27:59,45,54.2
30,09-04-2023-16:28:59,45,45.9
30,09-04-2023-16:29:59,45,39.6
30,09-04-2023-16:30:59,45,61.8
30,09-04-2023-16:31:59,45,49.3
30,09-04-2023-16:32:59,45,44.0
30,09-04-2023-16:33:59,45,49.2
30,09-04-2023-16:34:59,45,48.5
30,09-04-2023-16:35:59,45,43.3
30,09-04-2023-16:36:59,45,38.8
30,09-04-2023-16:37:59,45,34.2
30,09-04-2023-16:38:59,45,52.1
30,09-04-2023-16:39:59,45,25.7
30,09-04-2023-16:40:59,45,34.7
30,09-04-2023-16:41:59,45,55.3
30,09-04-2023-16:42:59,45,37.6
30,09-04-2023-16:43:59,45,42.9
30,09-04-2023-16:44:59,45,37.6
30,09-04-2023-16:45:59,45,32.0
30,09-04-2023-16:46:59,45,39.7
30,09-04-2023-16:47:59,45,47.0
30,09-04-2023-16:48:59,45,70.2
30,09-04-2023-16:49:59,45,40.8
30,09-04-2023-16:50:59,45,37.1
30,09-04-2023-16:51:59,45,25.5
30,09-04-2023-16:52:59,45,39.5
30,09-04-2023-16:53:59,45,54.6
30,09-04-2023-16:54:59,45,24.5
30,09-04-2023-16:55:59,45,21.7
30,09-04-2023-16:56:59,45,25.4
30,09-04-2023-16:57:59,45,35.5
30,09-04-2023-16:58:59,45,51.2
30,09-04-2023-16:59:59,45,27.4
30,09-04-2023-17:00:59,45,34.6
30,09-04-2023-17:01:59,45,29.6
30,09-04-2023-17:02:59,46,30.9
30,09-04-2023-17:03:59,45,70.1
30,09-04-2023-17:04:59,45,34.3
30,09-04-2023-17:05:59,45,38.0
30,09-04-2023-17:06:59,45,35.6
30,09-04-2023-17:07:59,46,29.9
30,09-04-2023-17:08:59,45,29.8
30,09-04-2023-17:09:59,46,30.0
30,09-04-2023-17:10:59,45,59.4
30,09-04-2023-17:11:59,45,28.5
30,09-04-2023-17:12:59,45,23.0
30,09-04-2023-17:13:59,46,26.9
30,09-04-2023-17:14:59,46,56.3
30,09-04-2023-17:15:59,46,26.8
30,09-04-2023-17:16:59,46,27.9
30,09-04-2023-17:17:59,46,27.3
30,09-04-2023-17:18:59,46,35.6
30,09-04-2023-17:19:59,46,32.9
30,09-04-2023-17:20:59,46,51.1
30,09-04-2023-17:21:59,46,50.7
30,09-04-2023-17:22:59,46,36.6
30,09-04-2023-17:23:59,46,29.4
30,09-04-2023-17:24:59,46,27.2
30,09-04-2023-17:25:59,46,51.0
30,09-04-2023-17:26:59,46,47.1
30,09-04-2023-17:27:59,46,30.5
30,09-04-2023-17:28:59,46,26.7
30,09-04-2023-17:29:59,46,27.4
30,09-04-2023-17:30:59,46,25.9
30,09-04-2023-17:31:59,46,51.8
30,09-04-2023-17:32:59,46,36.2
30,09-04-2023-17:33:59,46,24.7
30,09-04-2023-17:34:59,46,29.8
30,09-04-2023-17:35:59,46,56.3
30,09-04-2023-17:36:59,46,50.6
30,09-04-2023-17:37:59,46,36.0
30,09-04-2023-17:38:59,46,38.2
30,09-04-2023-17:39:59,46,32.7
30,09-04-2023-17:40:59,46,29.2
30,09-04-2023-17:41:59,46,29.4
30,09-04-2023-17:42:59,46,30.2
30,09-04-2023-17:43:59,46,58.9
30,09-04-2023-17:44:59,46,47.6
30,09-04-2023-17:45:59,46,31.9
30,09-04-2023-17:46:59,46,34.1
30,09-04-2023-17:47:59,46,54.9
30,09-04-2023-17:48:59,46,25.7
30,09-04-2023-17:49:59,46,26.7
30,09-04-2023-17:50:59,46,22.7
30,09-04-2023-17:51:59,46,22.4
30,09-04-2023-17:52:59,45,26.3
30,09-04-2023-17:53:59,45,39.1
30,09-04-2023-17:54:59,46,52.7
30,09-04-2023-17:55:59,45,56.9
30,09-04-2023-17:56:59,45,33.6
30,09-04-2023-17:57:59,46,39.6
30,09-04-2023-17:58:59,45,52.8
30,09-04-2023-17:59:59,45,26.3
30,09-04-2023-18:00:59,46,27.1
30,09-04-2023-18:01:59,46,30.8
30,09-04-2023-18:02:59,46,37.7
30,09-04-2023-18:03:59,46,29.5
30,09-04-2023-18:04:59,45,30.5
30,09-04-2023-18:05:59,46,30.1
30,09-04-2023-18:06:59,46,54.8
30,09-04-2023-18:07:59,46,42.7
30,09-04-2023-18:08:59,46,55.6
30,09-04-2023-18:09:59,46,34.2
30,09-04-2023-18:10:59,46,35.8
30,09-04-2023-18:11:59,46,31.0
30,09-04-2023-18:12:59,46,29.2
30,09-04-2023-18:13:59,46,36.9
30,09-04-2023-18:14:59,46,33.5
30,09-04-2023-18:15:59,46,30.1
30,09-04-2023-18:16:59,46,31.7
30,09-04-2023-18:17:59,46,47.6
30,09-04-2023-18:18:59,46,58.5
30,09-04-2023-18:19:59,46,58.0
30,09-04-2023-18:20:59,46,31.2
30,09-04-2023-18:21:59,46,31.1
30,09-04-2023-18:22:59,46,26.0
30,09-04-2023-18:23:59,46,29.4
30,09-04-2023-18:24:59,46,23.8
30,09-04-2023-18:25:59,46,28.9
30,09-04-2023-18:26:59,46,38.8
30,09-04-2023-18:27:59,46,31.1
30,09-04-2023-18:28:59,46,22.4
30,09-04-2023-18:29:59,46,72.4
30,09-04-2023-18:30:59,46,61.5
30,09-04-2023-18:31:59,46,30.1
30,09-04-2023-18:32:59,46,31.2
30,09-04-2023-18:33:59,46,29.7
30,09-04-2023-18:34:59,46,27.3
30,09-04-2023-18:35:59,46,26.3
30,09-04-2023-18:36:59,46,28.7
30,09-04-2023-18:37:59,46,31.6
30,09-04-2023-18:38:59,46,30.3
30,09-04-2023-18:39:59,46,29.9
30,09-04-2023-18:40:59,46,64.9
30,09-04-2023-18:41:59,46,56.1
30,09-04-2023-18:42:59,46,26.7
30,09-04-2023-18:43:59,46,30.3
30,09-04-2023-18:44:59,46,27.5
30,09-04-2023-18:45:59,46,27.8
30,09-04-2023-18:46:59,46,35.0
30,09-04-2023-18:47:59,46,36.1
30,09-04-2023-18:48:59,46,32.5
30,09-04-2023-18:49:59,46,31.7
30,09-04-2023-18:50:59,46,48.6
30,09-04-2023-18:51:59,46,55.0
30,09-04-2023-18:52:59,46,28.6
30,09-04-2023-18:53:59,46,42.0
30,09-04-2023-18:54:59,46,48.4
30,09-04-2023-18:55:59,46,25.2
30,09-04-2023-18:56:59,46,31.5
30,09-04-2023-18:57:59,46,32.7
30,09-04-2023-18:58:59,46,37.0
30,09-04-2023-18:59:59,46,29.6
30,09-04-2023-19:00:59,46,30.4
30,09-04-2023-19:01:59,46,60.9
30,09-04-2023-19:02:59,46,34.1
30,09-04-2023-19:03:59,46,33.4
30,09-04-2023-19:04:59,46,37.5
30,09-04-2023-19:05:59,46,61.5
30,09-04-2023-19:06:59,46,31.3
30,09-04-2023-19:07:59,46,26.9
30,09-04-2023-19:08:59,46,33.8
30,09-04-2023-19:09:59,46,31.0
30,09-04-2023-19:10:59,46,30.7
30,09-04-2023-19:11:59,46,26.9
30,09-04-2023-19:12:59,46,57.8
30,09-04-2023-19:13:59,46,26.0
30,09-04-2023-19:14:59,46,38.2
30,09-04-2023-19:15:59,46,57.5
30,09-04-2023-19:16:59,46,33.5
30,09-04-2023-19:17:59,46,31.1
30,09-04-2023-19:18:59,46,32.3
30,09-04-2023-19:19:59,46,31.6
30,09-04-2023-19:20:59,46,32.4
30,09-04-2023-19:21:59,46,28.1
30,09-04-2023-19:22:59,46,32.6
30,09-04-2023-19:23:59,46,38.8
30,09-04-2023-19:24:59,46,52.2
30,09-04-2023-19:25:59,46,30.9
30,09-04-2023-19:26:59,46,60.8
30,09-04-2023-19:27:59,46,29.7
30,09-04-2023-19:28:59,46,29.2
30,09-04-2023-19:29:59,46,29.4
30,09-04-2023-19:30:59,46,25.3
30,09-04-2023-19:31:59,46,29.9
30,09-04-2023-19:32:59,46,32.2
30,09-04-2023-19:33:59,46,35.7
30,09-04-2023-19:34:59,46,57.5
30,09-04-2023-19:35:59,46,44.9
30,09-04-2023-19:36:59,46,32.3
30,09-04-2023-19:37:59,46,61.5
30,09-04-2023-19:38:59,46,31.9
30,09-04-2023-19:39:59,46,33.8
30,09-04-2023-19:40:59,46,34.0
30,09-04-2023-19:41:59,46,28.0
30,09-04-2023-19:42:59,46,27.6
30,09-04-2023-19:43:59,46,26.5
30,09-04-2023-19:44:59,46,24.0
30,09-04-2023-19:45:59,46,58.8
30,09-04-2023-19:46:59,46,34.4
30,09-04-2023-19:47:59,46,33.3
30,09-04-2023-19:48:59,46,55.6
30,09-04-2023-19:49:59,46,32.6
30,09-04-2023-19:50:59,46,32.2
30,09-04-2023-19:51:59,46,28.6
30,09-04-2023-19:52:59,46,33.2
30,09-04-2023-19:53:59,46,29.9
30,09-04-2023-19:54:59,46,29.7
30,09-04-2023-19:55:59,46,29.2
30,09-04-2023-19:56:59,46,44.4
30,09-04-2023-19:57:59,46,62.7
30,09-04-2023-19:58:59,46,39.4
30,09-04-2023-19:59:59,46,29.6
30,09-04-2023-20:00:59,46,55.0
30,09-04-2023-20:01:59,46,31.1
30,09-04-2023-20:02:59,46,30.0
30,09-04-2023-20:03:59,46,21.9
30,09-04-2023-20:04:59,46,35.3
30,09-04-2023-20:05:59,46,37.0
30,09-04-2023-20:06:59,46,24.5
30,09-04-2023-20:07:59,46,46.6
30,09-04-2023-20:08:59,46,49.2
30,09-04-2023-20:09:59,46,24.2
30,09-04-2023-20:10:59,46,31.2
30,09-04-2023-20:11:59,46,70.3
30,09-04-2023-20:12:59,46,29.5
30,09-04-2023-20:13:59,46,27.7
30,09-04-2023-20:14:59,46,31.3
30,09-04-2023-20:15:59,46,33.0
30,09-04-2023-20:16:59,46,30.2
30,09-04-2023-20:17:59,46,33.3
30,09-04-2023-20:18:59,46,39.8
30,09-04-2023-20:19:59,46,63.4
30,09-04-2023-20:20:59,46,33.5
30,09-04-2023-20:21:59,46,43.6
30,09-04-2023-20:22:59,46,65.2
30,09-04-2023-20:23:59,46,48.7
30,09-04-2023-20:24:59,46,40.7
30,09-04-2023-20:25:59,46,36.0
30,09-04-2023-20:26:59,46,32.9
30,09-04-2023-20:27:59,46,33.9
30,09-04-2023-20:28:59,46,37.4
30,09-04-2023-20:29:59,46,40.5
30,09-04-2023-20:30:59,46,58.9
30,09-04-2023-20:31:59,46,66.3
30,09-04-2023-20:32:59,46,39.4
30,09-04-2023-20:33:59,46,42.9
30,09-04-2023-20:34:59,46,40.1
30,09-04-2023-20:35:59,46,33.9
30,09-04-2023-20:36:59,46,31.3
30,09-04-2023-20:37:59,46,35.2
30,09-04-2023-20:38:59,46,73.1
30,09-04-2023-20:39:59,46,50.5
30,09-04-2023-20:40:59,46,34.2
30,09-04-2023-20:41:59,46,44.8
30,09-04-2023-20:42:59,46,57.4
30,09-04-2023-20:43:59,46,54.8
30,09-04-2023-20:44:59,46,38.2
30,09-04-2023-20:45:59,46,31.2
30,09-04-2023-20:46:59,46,42.6
30,09-04-2023-20:47:59,46,37.3
30,09-04-2023-20:48:59,46,65.4
30,09-04-2023-20:49:59,46,37.0
30,09-04-2023-20:50:59,46,33.1
30,09-04-2023-20:51:59,46,40.5
30,09-04-2023-20:52:59,46,44.8
30,09-04-2023-20:53:59,46,41.2
30,09-04-2023-20:54:59,46,48.2
30,09-04-2023-20:55:59,46,47.1
30,09-04-2023-20:56:59,46,39.6
30,09-04-2023-20:57:59,47,45.3
30,09-04-2023-20:58:59,46,65.6
30,09-04-2023-20:59:59,46,38.1
30,09-04-2023-21:00:59,46,37.4
30,09-04-2023-21:01:59,47,39.0
30,09-04-2023-21:02:59,47,43.5
30,09-04-2023-21:03:59,47,36.3
30,09-04-2023-21:04:59,47,49.2
30,09-04-2023-21:05:59,47,43.1
30,09-04-2023-21:06:59,47,53.9
30,09-04-2023-21:07:59,47,58.0
30,09-04-2023-21:08:59,47,49.4
30,09-04-2023-21:09:59,47,34.6
30,09-04-2023-21:10:59,47,30.6
30,09-04-2023-21:11:59,47,32.7
30,09-04-2023-21:12:59,47,34.9
30,09-04-2023-21:13:59,47,37.3
30,09-04-2023-21:14:59,47,42.2
30,09-04-2023-21:15:59,47,63.9
30,09-04-2023-21:16:59,47,44.1
30,09-04-2023-21:17:59,47,55.9
30,09-04-2023-21:18:59,47,54.3
30,09-04-2023-21:19:59,47,48.2
30,09-04-2023-21:20:59,47,50.7
30,09-04-2023-21:21:59,47,41.0
30,09-04-2023-21:22:59,47,28.1
30,09-04-2023-21:23:59,47,24.4
30,09-04-2023-21:24:59,47,58.0
30,09-04-2023-21:25:59,47,44.8
30,09-04-2023-21:26:59,47,33.5
30,09-04-2023-21:27:59,47,27.1
30,09-04-2023-21:28:59,47,37.0
30,09-04-2023-21:29:59,47,45.0
30,09-04-2023-21:30:59,47,59.0
30,09-04-2023-21:31:59,47,40.8
30,09-04-2023-21:32:59,47,55.8
30,09-04-2023-21:33:59,47,54.2
30,09-04-2023-21:34:59,47,67.9
30,09-04-2023-21:35:59,47,35.4
30,09-04-2023-21:36:59,47,38.3
30,09-04-2023-21:37:59,47,37.3
30,09-04-2023-21:38:59,47,34.5
30,09-04-2023-21:39:59,47,31.9
30,09-04-2023-21:40:59,47,29.1
30,09-04-2023-21:41:59,47,37.0
30,09-04-2023-21:42:59,47,64.2
30,09-04-2023-21:43:59,47,52.0
30,09-04-2023-21:44:59,47,37.7
30,09-04-2023-21:45:59,47,49.4
30,09-04-2023-21:46:59,47,44.2
30,09-04-2023-21:47:59,47,44.5
30,09-04-2023-21:48:59,47,52.3
30,09-04-2023-21:49:59,47,27.6
30,09-04-2023-21:50:59,47,32.7
30,09-04-2023-21:51:59,47,65.8
30,09-04-2023-21:52:59,47,35.5
30,09-04-2023-21:53:59,47,31.0
30,09-04-2023-21:54:59,47,36.0
30,09-04-2023-21:55:59,47,47.6
30,09-04-2023-21:56:59,47,31.6
30,09-04-2023-21:57:59,47,44.4
30,09-04-2023-21:58:59,47,37.5
30,09-04-2023-21:59:59,47,34.1
30,09-04-2023-22:00:59,47,68.0
30,09-04-2023-22:01:59,47,47.1
30,09-04-2023-22:02:59,47,39.4
30,09-04-2023-22:03:59,47,47.5
30,09-04-2023-22:04:59,47,42.5
30,09-04-2023-22:05:59,47,34.8
30,09-04-2023-22:06:59,47,49.2
30,09-04-2023-22:07:59,47,37.6
30,09-04-2023-22:08:59,47,45.8
30,09-04-2023-22:09:59,47,42.0
30,09-04-2023-22:10:59,47,58.9
30,09-04-2023-22:11:59,47,40.1
30,09-04-2023-22:12:59,47,26.0
30,09-04-2023-22:13:59,47,33.4
30,09-04-2023-22:14:59,47,43.8
30,09-04-2023-22:15:59,47,36.3
30,09-04-2023-22:16:59,47,37.5
30,09-04-2023-22:17:59,47,49.1
30,09-04-2023-22:18:59,47,66.6
30,09-04-2023-22:19:59,47,52.5
30,09-04-2023-22:20:59,47,38.7
30,09-04-2023-22:21:59,47,47.7
30,09-04-2023-22:22:59,47,47.1
30,09-04-2023-22:23:59,47,36.7
30,09-04-2023-22:24:59,47,40.4
30,09-04-2023-22:25:59,47,37.1
30,09-04-2023-22:26:59,47,41.1
30,09-04-2023-22:27:59,47,58.1
30,09-04-2023-22:28:59,47,31.5
30,09-04-2023-22:29:59,47,42.7
30,09-04-2023-22:30:59,47,42.1
30,09-04-2023-22:31:59,47,35.9
30,09-04-2023-22:32:59,47,48.7
30,09-04-2023-22:33:59,47,43.6
30,09-04-2023-22:34:59,47,44.7
30,09-04-2023-22:35:59,47,74.7
30,09-04-2023-22:36:59,47,42.8
30,09-04-2023-22:37:59,47,43.4
30,09-04-2023-22:38:59,47,31.5
30,09-04-2023-22:39:59,47,34.0
30,09-04-2023-22:40:59,49,50.4
30,09-04-2023-22:41:59,53,54.3
30,09-04-2023-22:42:59,55,62.5
30,09-04-2023-22:43:59,55,69.7
30,09-04-2023-22:44:59,55,57.0
30,09-04-2023-22:45:59,55,49.3
30,09-04-2023-22:46:59,55,70.4
30,09-04-2023-22:47:59,55,61.9
30,09-04-2023-22:48:59,55,84.3
30,09-04-2023-22:49:59,55,58.0
30,09-04-2023-22:50:59,55,68.5
30,09-04-2023-22:51:59,55,58.9
30,09-04-2023-22:52:59,55,72.3
30,09-04-2023-22:53:59,55,62.7
30,09-04-2023-22:54:59,55,71.8
30,09-04-2023-22:55:59,55,65.6
30,09-04-2023-22:56:59,55,65.9
30,09-04-2023-22:57:59,55,61.3
30,09-04-2023-22:58:59,55,58.6
30,09-04-2023-22:59:59,55,65.7
30,09-04-2023-23:00:59,55,83.4
30,09-04-2023-23:01:59,55,61.5
30,09-04-2023-23:02:59,55,62.3
30,09-04-2023-23:03:59,55,72.2
30,09-04-2023-23:04:59,55,57.7
30,09-04-2023-23:05:59,56,65.7
30,09-04-2023-23:06:59,56,84.5
30,09-04-2023-23:07:59,55,58.2
30,09-04-2023-23:08:59,55,62.1
30,09-04-2023-23:09:59,56,62.3
30,09-04-2023-23:10:59,56,71.9
30,09-04-2023-23:11:59,56,67.1
30,09-04-2023-23:12:59,56,52.6
30,09-04-2023-23:13:59,56,83.6
30,09-04-2023-23:14:59,56,71.4
30,09-04-2023-23:15:59,56,62.3
30,09-04-2023-23:16:59,56,82.7
30,09-04-2023-23:17:59,56,63.5
30,09-04-2023-23:18:59,56,57.0
30,09-04-2023-23:19:59,56,58.4
30,09-04-2023-23:20:59,56,62.9
30,09-04-2023-23:21:59,56,68.0
30,09-04-2023-23:22:59,56,67.3
30,09-04-2023-23:23:59,56,62.1
30,09-04-2023-23:24:59,56,70.3
30,09-04-2023-23:25:59,56,78.2
30,09-04-2023-23:26:59,56,69.6
30,09-04-2023-23:27:59,56,69.1
30,09-04-2023-23:28:59,56,83.6
30,09-04-2023-23:29:59,56,48.6
30,09-04-2023-23:30:59,56,55.8
30,09-04-2023-23:31:59,56,68.4
30,09-04-2023-23:32:59,56,72.7
30,09-04-2023-23:33:59,56,74.4
30,09-04-2023-23:34:59,56,57.6
30,09-04-2023-23:35:59,56,69.2
30,09-04-2023-23:36:59,56,66.9
30,09-04-2023-23:37:59,56,63.6
30,09-04-2023-23:38:59,56,52.2
30,09-04-2023-23:39:59,56,81.3
30,09-04-2023-23:40:59,56,72.2
30,09-04-2023-23:41:59,56,64.0
30,09-04-2023-23:42:59,56,73.7
30,09-04-2023-23:43:59,56,69.2
30,09-04-2023-23:44:59,56,59.7
30,09-04-2023-23:45:59,56,53.3
30,09-04-2023-23:46:59,56,65.8
30,09-04-2023-23:47:59,56,84.6
30,09-04-2023-23:48:59,56,85.5
30,09-04-2023-23:49:59,56,56.2
30,09-04-2023-23:50:59,56,56.1
30,09-04-2023-23:51:59,56,65.1
30,09-04-2023-23:52:59,57,61.0
30,09-04-2023-23:53:59,56,70.6
30,09-04-2023-23:54:59,56,67.2
30,09-04-2023-23:55:59,57,59.9
30,09-04-2023-23:56:59,57,59.8
30,09-04-2023-23:57:59,57,55.8
30,09-04-2023-23:58:59,57,79.9
30,09-04-2023-23:59:59,57,64.9
30,09-05-2023-00:00:59,57,81.2
30,09-05-2023-00:01:59,57,68.5
30,09-05-2023-00:02:59,57,62.7
30,09-05-2023-00:03:59,57,52.6
30,09-05-2023-00:04:59,57,64.0
30,09-05-2023-00:05:59,57,77.8
30,09-05-2023-00:06:59,56,70.0
30,09-05-2023-00:07:59,57,61.0
30,09-05-2023-00:08:59,57,55.4
30,09-05-2023-00:09:59,57,81.7
30,09-05-2023-00:10:59,57,67.2
30,09-05-2023-00:11:59,57,74.5
30,09-05-2023-00:12:59,57,62.5
30,09-05-2023-00:13:59,57,63.0
30,09-05-2023-00:14:59,57,70.2
30,09-05-2023-00:15:59,60,78.0
30,09-05-2023-00:16:59,71,49.2
30,09-05-2023-00:17:59,71,61.7
30,09-05-2023-00:18:59,66,84.1
30,09-05-2023-00:19:59,72,89.7
30,09-05-2023-00:20:59,66,83.0
30,09-05-2023-00:21:59,72,80.9
30,09-05-2023-00:22:59,72,79.2
30,09-05-2023-00:23:59,67,83.3
30,09-05-2023-00:24:59,72,88.7
30,09-05-2023-00:25:59,66,83.7
30,09-05-2023-00:26:59,72,68.9
30,09-05-2023-00:27:59,72,73.2
30,09-05-2023-00:28:59,67,83.0
30,09-05-2023-00:29:59,72,89.5
30,09-05-2023-00:30:59,67,80.1
30,09-05-2023-00:31:59,73,85.5
30,09-05-2023-00:32:59,72,68.8
30,09-05-2023-00:33:59,67,81.8
30,09-05-2023-00:34:59,73,82.1
30,09-05-2023-00:35:59,67,80.8
30,09-05-2023-00:36:59,73,85.8
30,09-05-2023-00:37:59,73,67.8
30,09-05-2023-00:38:59,67,81.4
30,09-05-2023-00:39:59,73,85.5
30,09-05-2023-00:40:59,67,82.1
30,09-05-2023-00:41:59,73,82.8
30,09-05-2023-00:42:59,73,79.4
30,09-05-2023-00:43:59,68,82.8
30,09-05-2023-00:44:59,73,85.4
30,09-05-2023-00:45:59,67,81.8
30,09-05-2023-00:46:59,73,85.5
30,09-05-2023-00:47:59,73,77.3
30,09-05-2023-00:48:59,68,81.4
30,09-05-2023-00:49:59,73,87.0
30,09-05-2023-00:50:59,67,81.6
30,09-05-2023-00:51:59,74,84.8
30,09-05-2023-00:52:59,73,76.8
30,09-05-2023-00:53:59,68,82.2
30,09-05-2023-00:54:59,73,85.2
30,09-05-2023-00:55:59,67,81.7
30,09-05-2023-00:56:59,74,83.5
30,09-05-2023-00:57:59,73,75.5
30,09-05-2023-00:58:59,68,82.3
30,09-05-2023-00:59:59,73,88.2
30,09-05-2023-01:00:59,67,84.2
30,09-05-2023-01:01:59,74,64.3
30,09-05-2023-01:02:59,73,86.2
30,09-05-2023-01:03:59,68,83.8
30,09-05-2023-01:04:59,74,90.6
30,09-05-2023-01:05:59,67,84.8
30,09-05-2023-01:06:59,74,77.0
30,09-05-2023-01:07:59,73,74.8
30,09-05-2023-01:08:59,68,84.9
30,09-05-2023-01:09:59,74,90.3
30,09-05-2023-01:10:59,68,83.2
30,09-05-2023-01:11:59,74,75.4
30,09-05-2023-01:12:59,74,76.4
30,09-05-2023-01:13:59,68,84.8
30,09-05-2023-01:14:59,74,87.2
30,09-05-2023-01:15:59,59,70.6
30,09-05-2023-01:16:59,59,67.8
50,09-05-2023-01:17:04,59,76.8
50,09-05-2023-01:18:04,54,42.9
50,09-05-2023-01:19:04,9.1,9.4
50,09-05-2023-01:20:04,8.9,8.2
50,09-05-2023-01:21:04,8.4,8.3
50,09-05-2023-01:22:04,8.1,8.0
50,09-05-2023-01:23:04,7.7,6.2
50,09-05-2023-01:24:04,7.4,6.1
50,09-05-2023-01:25:04,7.0,5.3
50,09-05-2023-01:26:04,6.6,3.5
50,09-05-2023-01:27:04,6.5,1.6
50,09-05-2023-01:28:04,6.4,1.5
50,09-05-2023-01:29:04,6.5,1.4
50,09-05-2023-01:30:04,6.5,1.6
50,09-05-2023-01:31:04,6.2,6.7
50,09-05-2023-01:32:04,7.7,5.3
50,09-05-2023-01:33:04,9.3,8.2
50,09-05-2023-01:34:04,10,11.8
50,09-05-2023-01:35:04,12,19.1
50,09-05-2023-01:36:04,13,20.2
50,09-05-2023-01:37:04,14,23.4
50,09-05-2023-01:38:04,16,25.6
50,09-05-2023-01:39:04,17,28.3
50,09-05-2023-01:40:04,18,29.9
50,09-05-2023-01:41:04,19,29.1
50,09-05-2023-01:42:04,20,31.1
50,09-05-2023-01:43:04,21,33.0
50,09-05-2023-01:44:04,20,27.0
50,09-05-2023-01:45:04,21,27.7
50,09-05-2023-01:46:04,22,38.0
50,09-05-2023-01:47:04,23,47.9
50,09-05-2023-01:48:04,24,51.3
50,09-05-2023-01:49:04,25,46.7
50,09-05-2023-01:50:04,26,56.1
50,09-05-2023-01:51:04,27,54.2
50,09-05-2023-01:52:04,28,44.6
50,09-05-2023-01:53:04,28,44.1
50,09-05-2023-01:54:04,29,45.7
50,09-05-2023-01:55:04,30,43.6
50,09-05-2023-01:56:04,30,40.1
50,09-05-2023-01:57:04,30,40.0
50,09-05-2023-01:58:04,30,40.4
50,09-05-2023-01:59:04,31,49.9
50,09-05-2023-02:00:04,37,67.9
50,09-05-2023-02:01:04,44,43.6
50,09-05-2023-02:02:04,50,56.8
50,09-05-2023-02:03:04,56,62.5
50,09-05-2023-02:04:04,63,72.8
50,09-05-2023-02:05:04,68,44.2
50,09-05-2023-02:06:04,71,81.5
50,09-05-2023-02:07:04,71,53.4
50,09-05-2023-02:08:04,71,52.3
50,09-05-2023-02:09:04,71,53.8
50,09-05-2023-02:10:04,71,50.7
50,09-05-2023-02:11:04,71,83.1
50,09-05-2023-02:12:04,71,66.6
50,09-05-2023-02:13:04,71,66.1
50,09-05-2023-02:14:04,71,53.6
50,09-05-2023-02:15:04,71,49.2
50,09-05-2023-02:16:04,71,59.6
50,09-05-2023-02:17:04,71,59.1
50,09-05-2023-02:18:04,72,52.1
50,09-05-2023-02:19:04,71,74.2
50,09-05-2023-02:20:04,71,49.8
50,09-05-2023-02:21:04,72,45.4
50,09-05-2023-02:22:04,72,76.0
50,09-05-2023-02:23:04,71,61.6
50,09-05-2023-02:24:04,72,42.9
50,09-05-2023-02:25:04,72,70.9
50,09-05-2023-02:26:04,72,38.9
50,09-05-2023-02:27:04,72,51.0
50,09-05-2023-02:28:04,71,68.0
50,09-05-2023-02:29:04,71,48.7
50,09-05-2023-02:30:04,72,38.5
50,09-05-2023-02:31:04,72,75.0
50,09-05-2023-02:32:04,72,57.0
50,09-05-2023-02:33:04,72,69.9
50,09-05-2023-02:34:04,72,51.1
50,09-05-2023-02:35:04,72,43.8
50,09-05-2023-02:36:04,72,38.7
50,09-05-2023-02:37:04,72,40.1
50,09-05-2023-02:38:04,72,76.8
50,09-05-2023-02:39:04,72,45.2
50,09-05-2023-02:40:04,72,68.3
50,09-05-2023-02:41:04,72,69.2
50,09-05-2023-02:42:04,72,55.6
50,09-05-2023-02:43:04,72,47.7
50,09-05-2023-02:44:04,72,54.5
50,09-05-2023-02:45:04,72,53.0
50,09-05-2023-02:46:04,72,35.2
50,09-05-2023-02:47:04,72,67.7
50,09-05-2023-02:48:04,72,47.8
50,09-05-2023-02:49:04,72,65.7
50,09-05-2023-02:50:04,72,70.5
50,09-05-2023-02:51:04,72,56.6
50,09-05-2023-02:52:04,72,55.6
50,09-05-2023-02:53:04,72,54.0
50,09-05-2023-02:54:04,72,56.3
50,09-05-2023-02:55:04,72,40.9
50,09-05-2023-02:56:04,72,55.2
50,09-05-2023-02:57:04,72,70.7
50,09-05-2023-02:58:04,72,76.7
50,09-05-2023-02:59:04,72,60.5
50,09-05-2023-03:00:04,72,64.9
50,09-05-2023-03:01:04,72,47.6
50,09-05-2023-03:02:04,72,41.8
50,09-05-2023-03:03:04,72,33.1
50,09-05-2023-03:04:04,72,69.1
50,09-05-2023-03:05:04,72,78.3
50,09-05-2023-03:06:04,72,45.0
50,09-05-2023-03:07:04,72,61.7
50,09-05-2023-03:08:04,72,36.3
50,09-05-2023-03:09:04,72,34.9
50,09-05-2023-03:10:04,72,37.7
50,09-05-2023-03:11:04,72,41.6
50,09-05-2023-03:12:04,72,69.0
50,09-05-2023-03:13:04,72,67.4
50,09-05-2023-03:14:04,73,67.9
50,09-05-2023-03:15:04,72,54.1
50,09-05-2023-03:16:04,72,42.1
50,09-05-2023-03:17:04,72,45.6
50,09-05-2023-03:18:04,72,38.7
50,09-05-2023-03:19:04,72,45.5
50,09-05-2023-03:20:04,73,50.3
50,09-05-2023-03:21:04,73,67.0
50,09-05-2023-03:22:04,72,71.4
50,09-05-2023-03:23:04,72,58.3
50,09-05-2023-03:24:04,72,41.8
50,09-05-2023-03:25:04,72,45.7
50,09-05-2023-03:26:04,72,40.6
50,09-05-2023-03:27:04,72,52.6
50,09-05-2023-03:28:04,73,49.0
50,09-05-2023-03:29:04,73,74.0
50,09-05-2023-03:30:04,72,72.5
50,09-05-2023-03:31:04,72,33.9
50,09-05-2023-03:32:04,73,57.6
50,09-05-2023-03:33:04,72,54.9
50,09-05-2023-03:34:04,72,47.5
50,09-05-2023-03:35:04,73,39.5
50,09-05-2023-03:36:04,73,55.3
50,09-05-2023-03:37:04,72,47.2
50,09-05-2023-03:38:04,72,67.3
50,09-05-2023-03:39:04,72,35.1
50,09-05-2023-03:40:04,73,63.8
50,09-05-2023-03:41:04,72,40.9
50,09-05-2023-03:42:04,72,41.8
50,09-05-2023-03:43:04,73,36.3
50,09-05-2023-03:44:04,73,73.0
50,09-05-2023-03:45:04,73,87.6
50,09-05-2023-03:46:04,73,40.8
50,09-05-2023-03:47:04,73,71.7
50,09-05-2023-03:48:04,73,38.4
50,09-05-2023-03:49:04,73,36.3
50,09-05-2023-03:50:04,73,35.6
50,09-05-2023-03:51:04,73,54.3
50,09-05-2023-03:52:04,73,53.4
50,09-05-2023-03:53:04,73,47.0
50,09-05-2023-03:54:04,73,80.2
50,09-05-2023-03:55:04,73,58.5
50,09-05-2023-03:56:04,73,43.2
50,09-05-2023-03:57:04,73,39.0
50,09-05-2023-03:58:04,73,90.2
50,09-05-2023-03:59:04,73,45.1
50,09-05-2023-04:00:04,73,36.1
50,09-05-2023-04:01:04,73,74.8
50,09-05-2023-04:02:04,73,28.9
50,09-05-2023-04:03:04,73,50.1
50,09-05-2023-04:04:04,73,59.4
50,09-05-2023-04:05:04,73,57.6
50,09-05-2023-04:06:04,73,35.6
50,09-05-2023-04:07:04,73,85.2
50,09-05-2023-04:08:04,73,41.8
50,09-05-2023-04:09:04,73,39.3
50,09-05-2023-04:10:04,73,36.4
50,09-05-2023-04:11:04,73,42.4
50,09-05-2023-04:12:04,73,83.8
50,09-05-2023-04:13:04,73,69.0
50,09-05-2023-04:14:04,73,58.4
50,09-05-2023-04:15:04,73,54.5
50,09-05-2023-04:16:04,73,41.3
50,09-05-2023-04:17:04,73,40.3
50,09-05-2023-04:18:04,73,41.5
50,09-05-2023-04:19:04,73,61.8
50,09-05-2023-04:20:04,73,77.3
50,09-05-2023-04:21:04,73,50.2
50,09-05-2023-04:22:04,73,41.4
50,09-05-2023-04:23:04,73,41.1
50,09-05-2023-04:24:04,73,41.2
50,09-05-2023-04:25:04,73,41.6
50,09-05-2023-04:26:04,73,85.9
50,09-05-2023-04:27:04,73,49.4
50,09-05-2023-04:28:04,73,69.9
50,09-05-2023-04:29:04,73,50.4
50,09-05-2023-04:30:04,73,39.6
50,09-05-2023-04:31:04,73,39.4
50,09-05-2023-04:32:04,73,47.9
50,09-05-2023-04:33:04,73,59.0
50,09-05-2023-04:34:04,73,41.2
50,09-05-2023-04:35:04,73,88.3
50,09-05-2023-04:36:04,73,48.3
50,09-05-2023-04:37:04,73,35.9
50,09-05-2023-04:38:04,73,31.5
50,09-05-2023-04:39:04,73,46.2
50,09-05-2023-04:40:04,73,66.2
50,09-05-2023-04:41:04,73,52.6
50,09-05-2023-04:42:04,73,66.0
50,09-05-2023-04:43:04,73,43.2
50,09-05-2023-04:44:04,73,43.5
50,09-05-2023-04:45:04,73,46.9
50,09-05-2023-04:46:04,73,83.2
50,09-05-2023-04:47:04,73,31.3
50,09-05-2023-04:48:04,73,52.9
50,09-05-2023-04:49:04,73,64.4
50,09-05-2023-04:50:04,73,50.0
50,09-05-2023-04:51:04,73,34.3
50,09-05-2023-04:52:04,73,85.2
50,09-05-2023-04:53:04,73,42.8
50,09-05-2023-04:54:04,73,45.4
50,09-05-2023-04:55:04,73,73.0
50,09-05-2023-04:56:04,73,47.0
50,09-05-2023-04:57:04,73,45.6
50,09-05-2023-04:58:04,73,46.6
50,09-05-2023-04:59:04,73,82.7
50,09-05-2023-05:00:04,73,72.1
50,09-05-2023-05:01:04,73,31.0
50,09-05-2023-05:02:04,73,31.5
50,09-05-2023-05:03:04,73,33.8
50,09-05-2023-05:04:04,73,49.2
50,09-05-2023-05:05:04,73,89.8
50,09-05-2023-05:06:04,73,43.4
50,09-05-2023-05:07:04,73,76.7
50,09-05-2023-05:08:04,73,39.0
50,09-05-2023-05:09:04,73,40.6
50,09-05-2023-05:10:04,73,31.3
50,09-05-2023-05:11:04,73,66.3
50,09-05-2023-05:12:04,73,36.0
50,09-05-2023-05:13:04,73,34.3
50,09-05-2023-05:14:04,73,65.8
50,09-05-2023-05:15:04,73,40.7
50,09-05-2023-05:16:04,73,83.0
50,09-05-2023-05:17:04,73,48.1
50,09-05-2023-05:18:04,73,44.1
50,09-05-2023-05:19:04,73,42.4
50,09-05-2023-05:20:04,73,44.1
50,09-05-2023-05:21:04,73,83.4
50,09-05-2023-05:22:04,73,86.7
50,09-05-2023-05:23:04,73,42.8
50,09-05-2023-05:24:04,73,43.0
50,09-05-2023-05:25:04,73,43.3
50,09-05-2023-05:26:04,73,45.2
50,09-05-2023-05:27:04,73,50.7
50,09-05-2023-05:28:04,73,84.1
50,09-05-2023-05:29:04,73,44.7
50,09-05-2023-05:30:04,73,48.6
50,09-05-2023-05:31:04,73,33.6
50,09-05-2023-05:32:04,73,39.6
50,09-05-2023-05:33:04,73,42.3
50,09-05-2023-05:34:04,73,87.4
50,09-05-2023-05:35:04,73,82.1
50,09-05-2023-05:36:04,73,38.9
50,09-05-2023-05:37:04,73,38.7
50,09-05-2023-05:38:04,73,51.6
50,09-05-2023-05:39:04,73,50.3
50,09-05-2023-05:40:04,73,77.6
50,09-05-2023-05:41:04,73,44.2
50,09-05-2023-05:42:04,73,81.8
50,09-05-2023-05:43:04,73,45.6
50,09-05-2023-05:44:04,73,46.4
50,09-05-2023-05:45:04,73,42.9
50,09-05-2023-05:46:04,73,85.1
50,09-05-2023-05:47:04,73,37.8
50,09-05-2023-05:48:04,73,36.6
50,09-05-2023-05:49:04,73,81.6
50,09-05-2023-05:50:04,73,28.1
50,09-05-2023-05:51:04,73,30.3
50,09-05-2023-05:52:04,73,83.5
50,09-05-2023-05:53:04,73,49.0
50,09-05-2023-05:54:04,73,47.6
50,09-05-2023-05:55:04,73,82.2
50,09-05-2023-05:56:04,73,38.7
50,09-05-2023-05:57:04,73,48.9
50,09-05-2023-05:58:04,73,48.3
50,09-05-2023-05:59:04,73,90.8
50,09-05-2023-06:00:04,73,41.7
50,09-05-2023-06:01:04,73,74.2
50,09-05-2023-06:02:04,73,37.2
50,09-05-2023-06:03:04,73,36.2
50,09-05-2023-06:04:04,73,34.5
50,09-05-2023-06:05:04,73,72.9
50,09-05-2023-06:06:04,73,36.4
50,09-05-2023-06:07:04,73,70.0
50,09-05-2023-06:08:04,73,35.7
50,09-05-2023-06:09:04,73,37.1
50,09-05-2023-06:10:04,73,82.4
50,09-05-2023-06:11:04,73,45.9
50,09-05-2023-06:12:04,73,38.9
50,09-05-2023-06:13:04,73,36.3
50,09-05-2023-06:14:04,73,70.1
50,09-05-2023-06:15:04,73,55.7
50,09-05-2023-06:16:04,73,58.9
50,09-05-2023-06:17:04,73,35.8
50,09-05-2023-06:18:04,73,35.7
50,09-05-2023-06:19:04,73,38.3
50,09-05-2023-06:20:04,73,45.0
50,09-05-2023-06:21:04,73,79.5
50,09-05-2023-06:22:04,73,52.5
50,09-05-2023-06:23:04,73,71.1
50,09-05-2023-06:24:04,73,43.9
50,09-05-2023-06:25:04,73,47.2
50,09-05-2023-06:26:04,73,57.7
50,09-05-2023-06:27:04,73,62.5
50,09-05-2023-06:28:04,73,78.8
50,09-05-2023-06:29:04,73,52.5
50,09-05-2023-06:30:04,73,53.0
50,09-05-2023-06:31:04,73,67.3
50,09-05-2023-06:32:04,73,33.0
50,09-05-2023-06:33:04,73,46.6
50,09-05-2023-06:34:04,73,61.0
50,09-05-2023-06:35:04,73,41.7
50,09-05-2023-06:36:04,73,37.5
50,09-05-2023-06:37:04,73,42.5
50,09-05-2023-06:38:04,73,84.6
50,09-05-2023-06:39:04,73,44.7
50,09-05-2023-06:40:04,73,51.0
50,09-05-2023-06:41:04,73,90.0
50,09-05-2023-06:42:04,73,49.3
50,09-05-2023-06:43:04,73,37.5
50,09-05-2023-06:44:04,73,48.0
50,09-05-2023-06:45:04,73,72.0
50,09-05-2023-06:46:04,73,42.6
50,09-05-2023-06:47:04,73,31.5
50,09-05-2023-06:48:04,73,76.0
50,09-05-2023-06:49:04,73,41.3
50,09-05-2023-06:50:04,73,57.7
50,09-05-2023-06:51:04,73,52.6
50,09-05-2023-06:52:04,73,40.9
50,09-05-2023-06:53:04,73,44.1
50,09-05-2023-06:54:04,73,45.1
50,09-05-2023-06:55:04,73,74.5
50,09-05-2023-06:56:04,73,49.7
50,09-05-2023-06:57:04,73,87.4
50,09-05-2023-06:58:04,73,39.0
50,09-05-2023-06:59:04,73,43.8
50,09-05-2023-07:00:04,73,42.4
50,09-05-2023-07:01:04,73,42.3
50,09-05-2023-07:02:04,73,75.7
50,09-05-2023-07:03:04,73,72.2
50,09-05-2023-07:04:04,73,35.8
50,09-05-2023-07:05:04,73,44.4
50,09-05-2023-07:06:04,73,54.9
50,09-05-2023-07:07:04,73,44.3
50,09-05-2023-07:08:04,73,38.8
50,09-05-2023-07:09:04,73,74.0
50,09-05-2023-07:10:04,73,55.1
50,09-05-2023-07:11:04,73,63.2
50,09-05-2023-07:12:04,73,36.3
50,09-05-2023-07:13:04,73,41.3
50,09-05-2023-07:14:04,73,48.5
50,09-05-2023-07:15:04,73,46.7
50,09-05-2023-07:16:04,73,82.7
50,09-05-2023-07:17:04,73,38.0
50,09-05-2023-07:18:04,73,80.4
50,09-05-2023-07:19:04,73,44.7
50,09-05-2023-07:20:04,73,43.6
50,09-05-2023-07:21:04,73,35.0
50,09-05-2023-07:22:04,73,75.6
50,09-05-2023-07:23:04,73,37.0
50,09-05-2023-07:24:04,73,83.8
50,09-05-2023-07:25:04,73,40.6
50,09-05-2023-07:26:04,73,43.3
50,09-05-2023-07:27:04,73,43.0
50,09-05-2023-07:28:04,73,43.3
50,09-05-2023-07:29:04,73,76.4
50,09-05-2023-07:30:04,73,62.3
50,09-05-2023-07:31:04,73,55.3
50,09-05-2023-07:32:04,73,53.7
50,09-05-2023-07:33:04,73,42.1
50,09-05-2023-07:34:04,73,34.3
50,09-05-2023-07:35:04,73,82.8
50,09-05-2023-07:36:04,74,51.2
50,09-05-2023-07:37:04,73,55.5
50,09-05-2023-07:38:04,73,40.6
50,09-05-2023-07:39:04,73,36.8
50,09-05-2023-07:40:04,73,30.8
50,09-05-2023-07:41:04,73,83.3
50,09-05-2023-07:42:04,73,42.1
50,09-05-2023-07:43:04,73,75.4
50,09-05-2023-07:44:04,73,51.5
50,09-05-2023-07:45:04,73,53.4
50,09-05-2023-07:46:04,73,49.1
50,09-05-2023-07:47:04,73,73.2
50,09-05-2023-07:48:04,73,42.4
50,09-05-2023-07:49:04,73,42.0
50,09-05-2023-07:50:04,73,43.2
50,09-05-2023-07:51:04,73,77.8
50,09-05-2023-07:52:04,73,49.4
50,09-05-2023-07:53:04,73,64.7
50,09-05-2023-07:54:04,73,34.1
50,09-05-2023-07:55:04,73,38.0
50,09-05-2023-07:56:04,73,41.3
50,09-05-2023-07:57:04,73,49.3
50,09-05-2023-07:58:04,73,88.3
50,09-05-2023-07:59:04,73,91.1
50,09-05-2023-08:00:04,73,36.6
50,09-05-2023-08:01:04,73,36.2
50,09-05-2023-08:02:04,73,36.7
50,09-05-2023-08:03:04,73,38.2
50,09-05-2023-08:04:04,73,76.3
50,09-05-2023-08:05:04,73,37.6
50,09-05-2023-08:06:04,73,74.3
50,09-05-2023-08:07:04,73,41.1
50,09-05-2023-08:08:04,73,41.8
50,09-05-2023-08:09:04,73,39.2
50,09-05-2023-08:10:04,74,58.1
50,09-05-2023-08:11:04,73,53.2
50,09-05-2023-08:12:04,73,44.0
50,09-05-2023-08:13:04,73,88.6
50,09-05-2023-08:14:04,73,37.9
50,09-05-2023-08:15:04,73,37.4
50,09-05-2023-08:16:04,73,71.6
50,09-05-2023-08:17:04,73,40.3
50,09-05-2023-08:18:04,73,48.1
50,09-05-2023-08:19:04,73,73.1
50,09-05-2023-08:20:04,73,40.9
50,09-05-2023-08:21:04,73,42.4
50,09-05-2023-08:22:04,73,47.7
50,09-05-2023-08:23:04,73,59.9
50,09-05-2023-08:24:04,73,51.2
50,09-05-2023-08:25:04,73,36.3
50,09-05-2023-08:26:04,73,46.2
50,09-05-2023-08:27:04,73,63.1
50,09-05-2023-08:28:04,73,41.2
50,09-05-2023-08:29:04,74,59.2
50,09-05-2023-08:30:04,73,59.6
50,09-05-2023-08:31:04,73,46.9
50,09-05-2023-08:32:04,73,40.7
50,09-05-2023-08:33:04,74,52.9
50,09-05-2023-08:34:04,73,66.2
50,09-05-2023-08:35:04,73,78.1
50,09-05-2023-08:36:04,73,42.0
50,09-05-2023-08:37:04,73,35.0
50,09-05-2023-08:38:04,73,40.0
50,09-05-2023-08:39:04,73,45.9
50,09-05-2023-08:40:04,73,80.0
50,09-05-2023-08:41:04,73,39.7
50,09-05-2023-08:42:04,73,72.6
50,09-05-2023-08:43:04,73,37.0
50,09-05-2023-08:44:04,73,34.6
50,09-05-2023-08:45:04,73,40.6
50,09-05-2023-08:46:04,74,65.6
50,09-05-2023-08:47:04,73,39.4
50,09-05-2023-08:48:04,73,86.0
50,09-05-2023-08:49:04,73,32.9
50,09-05-2023-08:50:04,73,50.3
50,09-05-2023-08:51:04,73,51.5
50,09-05-2023-08:52:04,73,50.5
50,09-05-2023-08:53:04,73,76.1
50,09-05-2023-08:54:04,73,77.3
50,09-05-2023-08:55:04,73,61.2
50,09-05-2023-08:56:04,73,65.3
50,09-05-2023-08:57:04,73,62.9
50,09-05-2023-08:58:04,73,61.4
50,09-05-2023-08:59:04,73,88.2
50,09-05-2023-09:00:04,73,70.0
50,09-05-2023-09:01:04,73,48.2
50,09-05-2023-09:02:04,73,76.2
50,09-05-2023-09:03:04,73,58.3
50,09-05-2023-09:04:04,73,88.1
50,09-05-2023-09:05:04,73,69.6
50,09-05-2023-09:06:04,73,73.0
50,09-05-2023-09:07:04,73,42.6
50,09-05-2023-09:08:04,73,68.3
50,09-05-2023-09:09:04,74,75.4
50,09-05-2023-09:10:04,73,66.2
50,09-05-2023-09:11:04,73,60.7
50,09-05-2023-09:12:04,73,54.7
50,09-05-2023-09:13:04,73,73.4
50,09-05-2023-09:14:04,73,57.3
50,09-05-2023-09:15:04,73,76.7
50,09-05-2023-09:16:04,73,67.2
50,09-05-2023-09:17:04,73,58.4
50,09-05-2023-09:18:04,73,53.3
50,09-05-2023-09:19:04,73,80.1
50,09-05-2023-09:20:04,73,83.2
50,09-05-2023-09:21:04,73,57.2
50,09-05-2023-09:22:04,73,84.4
50,09-05-2023-09:23:04,73,72.5
50,09-05-2023-09:24:04,73,58.9
50,09-05-2023-09:25:04,73,62.3
50,09-05-2023-09:26:04,73,85.5
50,09-05-2023-09:27:04,73,53.4
50,09-05-2023-09:28:04,73,78.1
50,09-05-2023-09:29:04,73,66.9
50,09-05-2023-09:30:04,74,50.5
50,09-05-2023-09:31:04,74,70.0
50,09-05-2023-09:32:04,73,71.6
50,09-05-2023-09:33:04,73,69.6
50,09-05-2023-09:34:04,73,56.8
50,09-05-2023-09:35:04,74,75.9
50,09-05-2023-09:36:04,74,74.9
50,09-05-2023-09:37:04,74,67.2
50,09-05-2023-09:38:04,74,54.0
50,09-05-2023-09:39:04,74,42.8
50,09-05-2023-09:40:04,74,68.8
50,09-05-2023-09:41:04,74,63.3
50,09-05-2023-09:42:04,74,78.3
50,09-05-2023-09:43:04,74,73.4
50,09-05-2023-09:44:04,74,59.2
50,09-05-2023-09:45:04,74,71.1
50,09-05-2023-09:46:04,74,66.3
50,09-05-2023-09:47:04,74,78.3
50,09-05-2023-09:48:04,74,61.8
50,09-05-2023-09:49:04,74,45.3
50,09-05-2023-09:50:04,74,60.3
50,09-05-2023-09:51:04,74,77.6
50,09-05-2023-09:52:04,74,46.2
50,09-05-2023-09:53:04,74,77.3
50,09-05-2023-09:54:04,74,67.1
50,09-05-2023-09:55:04,74,65.7
50,09-05-2023-09:56:04,74,41.6
50,09-05-2023-09:57:04,74,79.1
50,09-05-2023-09:58:04,74,52.1
50,09-05-2023-09:59:04,74,45.9
50,09-05-2023-10:00:04,74,91.3
50,09-05-2023-10:01:04,75,67.8
50,09-05-2023-10:02:04,75,75.6
50,09-05-2023-10:03:08,75,70.7
50,09-05-2023-10:04:04,75,66.4
50,09-05-2023-10:05:04,75,84.3
50,09-05-2023-10:06:04,75,59.4
50,09-05-2023-10:07:04,75,63.1
50,09-05-2023-10:08:04,75,52.7
50,09-05-2023-10:09:04,75,80.6
50,09-05-2023-10:10:04,76,83.8
50,09-05-2023-10:11:04,75,66.6
50,09-05-2023-10:12:04,75,63.1
50,09-05-2023-10:13:04,75,57.8
50,09-05-2023-10:14:04,75,90.9
50,09-05-2023-10:15:04,75,75.6
50,09-05-2023-10:16:04,75,66.2
50,09-05-2023-10:17:25,77,9.2
50,09-05-2023-10:18:05,77,52.7
50,09-05-2023-10:19:06,75,44.8
50,09-05-2023-10:20:04,75,59.5
50,09-05-2023-10:21:04,75,81.4
50,09-05-2023-10:22:04,75,42.2
50,09-05-2023-10:23:04,75,65.3
50,09-05-2023-10:24:04,75,45.9
50,09-05-2023-10:25:04,75,62.2
50,09-05-2023-10:26:04,75,62.5
50,09-05-2023-10:27:04,75,75.9
50,09-05-2023-10:28:04,75,51.8
50,09-05-2023-10:29:04,75,57.8
50,09-05-2023-10:30:04,75,53.4
50,09-05-2023-10:31:04,75,60.3
50,09-05-2023-10:32:04,75,62.2
50,09-05-2023-10:33:04,75,69.7
50,09-05-2023-10:34:04,75,90.2
50,09-05-2023-10:35:04,75,62.0
50,09-05-2023-10:36:04,75,59.0
50,09-05-2023-10:37:04,75,54.4
50,09-05-2023-10:38:04,75,56.2
50,09-05-2023-10:39:04,75,76.4
50,09-05-2023-10:40:04,75,71.9
50,09-05-2023-10:41:04,75,87.9
50,09-05-2023-10:42:04,75,56.6
50,09-05-2023-10:43:04,75,39.4
50,09-05-2023-10:44:04,75,72.4
50,09-05-2023-10:45:04,75,60.9
50,09-05-2023-10:46:04,75,65.7
50,09-05-2023-10:47:04,75,79.9
50,09-05-2023-10:48:04,75,71.7
50,09-05-2023-10:49:04,75,50.5
50,09-05-2023-10:50:04,75,64.5
50,09-05-2023-10:51:04,75,53.6
50,09-05-2023-10:52:04,75,75.6
50,09-05-2023-10:53:04,75,45.0
50,09-05-2023-10:54:04,75,47.8
50,09-05-2023-10:55:04,75,75.1
50,09-05-2023-10:56:04,75,46.0
50,09-05-2023-10:57:04,75,91.6
50,09-05-2023-10:58:04,75,75.3
50,09-05-2023-10:59:04,75,56.7
50,09-05-2023-11:00:04,75,60.0
50,09-05-2023-11:01:04,75,59.0
50,09-05-2023-11:02:04,75,86.4
50,09-05-2023-11:03:04,75,54.8
50,09-05-2023-11:04:04,76,75.8
50,09-05-2023-11:05:04,75,80.9
50,09-05-2023-11:06:04,75,50.5
50,09-05-2023-11:07:04,76,59.3
50,09-05-2023-11:08:04,76,62.9
50,09-05-2023-11:09:04,76,58.0
50,09-05-2023-11:10:04,76,46.9
50,09-05-2023-11:11:04,76,91.2
50,09-05-2023-11:12:04,76,78.2
50,09-05-2023-11:13:04,76,66.4
50,09-05-2023-11:14:04,76,70.1
50,09-05-2023-11:15:04,76,51.6
50,09-05-2023-11:16:04,76,61.5
50,09-05-2023-11:17:04,76,56.0
50,09-05-2023-11:18:04,76,86.7
50,09-05-2023-11:19:04,76,73.8
50,09-05-2023-11:20:04,76,40.7
50,09-05-2023-11:21:04,76,73.3
50,09-05-2023-11:22:04,76,54.6
50,09-05-2023-11:23:04,76,60.4
50,09-05-2023-11:24:04,76,91.9
50,09-05-2023-11:25:04,76,78.5
50,09-05-2023-11:26:04,76,57.7
50,09-05-2023-11:27:04,76,56.4
50,09-05-2023-11:28:04,76,53.1
50,09-05-2023-11:29:04,76,75.5
50,09-05-2023-11:30:04,76,78.0
50,09-05-2023-11:31:04,76,40.0
50,09-05-2023-11:32:04,76,53.2
50,09-05-2023-11:33:04,76,54.6
50,09-05-2023-11:34:04,76,70.7
50,09-05-2023-11:35:04,76,66.6
50,09-05-2023-11:36:04,76,88.8
50,09-05-2023-11:37:04,76,66.4
50,09-05-2023-11:38:04,76,51.9
50,09-05-2023-11:39:04,76,90.7
50,09-05-2023-11:40:04,76,47.7
50,09-05-2023-11:41:04,76,53.7
50,09-05-2023-11:42:04,76,68.4
50,09-05-2023-11:43:04,76,92.3
50,09-05-2023-11:44:04,76,51.5
50,09-05-2023-11:45:04,76,66.7
50,09-05-2023-11:46:04,76,67.8
50,09-05-2023-11:47:04,76,54.5
50,09-05-2023-11:48:04,76,91.2
50,09-05-2023-11:49:04,76,73.6
50,09-05-2023-11:50:04,76,52.2
50,09-05-2023-11:51:04,76,46.6
50,09-05-2023-11:52:04,76,43.3
50,09-05-2023-11:53:04,76,57.4
50,09-05-2023-11:54:04,76,63.8
50,09-05-2023-11:55:04,76,78.4
50,09-05-2023-11:56:04,76,79.6
50,09-05-2023-11:57:04,76,66.1
50,09-05-2023-11:58:04,76,56.0
50,09-05-2023-11:59:04,76,67.3
50,09-05-2023-12:00:04,76,67.7
50,09-05-2023-12:01:04,76,66.7
50,09-05-2023-12:02:04,76,64.7
50,09-05-2023-12:03:04,76,72.4
50,09-05-2023-12:04:04,76,42.2
50,09-05-2023-12:05:04,76,71.0
50,09-05-2023-12:06:04,76,64.1
50,09-05-2023-12:07:04,76,88.3
50,09-05-2023-12:08:04,76,62.1
50,09-05-2023-12:09:04,76,74.3
50,09-05-2023-12:10:04,76,63.1
50,09-05-2023-12:11:04,76,86.2
50,09-05-2023-12:12:04,76,54.1
50,09-05-2023-12:13:04,76,87.3
50,09-05-2023-12:14:04,76,43.4
50,09-05-2023-12:15:04,76,83.4
50,09-05-2023-12:16:04,76,64.2
50,09-05-2023-12:17:04,76,53.9
50,09-05-2023-12:18:04,76,51.6
50,09-05-2023-12:19:04,76,77.4
50,09-05-2023-12:20:04,76,49.0
50,09-05-2023-12:21:04,76,86.1
50,09-05-2023-12:22:04,76,64.1
50,09-05-2023-12:23:04,76,58.3
50,09-05-2023-12:24:04,76,50.1
50,09-05-2023-12:25:04,76,66.3
50,09-05-2023-12:26:04,76,75.2
50,09-05-2023-12:27:04,76,44.5
50,09-05-2023-12:28:04,76,44.3
50,09-05-2023-12:29:04,76,61.7
50,09-05-2023-12:30:04,76,89.8
50,09-05-2023-12:31:04,76,80.6
50,09-05-2023-12:32:04,76,58.3
50,09-05-2023-12:33:04,76,59.4
50,09-05-2023-12:34:04,76,78.5
50,09-05-2023-12:35:04,76,43.4
50,09-05-2023-12:36:04,76,87.0
50,09-05-2023-12:37:04,76,51.7
50,09-05-2023-12:38:04,76,73.3
50,09-05-2023-12:39:04,76,73.3
50,09-05-2023-12:40:04,76,45.3
50,09-05-2023-12:41:04,76,83.3
50,09-05-2023-12:42:04,76,78.8
50,09-05-2023-12:43:04,76,45.2
50,09-05-2023-12:44:04,76,40.9
50,09-05-2023-12:45:04,76,73.5
50,09-05-2023-12:46:04,76,67.0
50,09-05-2023-12:47:04,76,47.6
50,09-05-2023-12:48:04,76,75.6
50,09-05-2023-12:49:04,76,61.4
50,09-05-2023-12:50:04,76,65.8
50,09-05-2023-12:51:04,76,89.2
50,09-05-2023-12:52:04,76,55.1
50,09-05-2023-12:53:04,76,52.6
50,09-05-2023-12:54:04,76,63.4
50,09-05-2023-12:55:04,76,83.0
50,09-05-2023-12:56:04,76,41.0
50,09-05-2023-12:57:04,76,82.0
50,09-05-2023-12:58:04,76,63.3
50,09-05-2023-12:59:04,76,59.5
50,09-05-2023-13:00:04,76,65.5
50,09-05-2023-13:01:04,76,52.7
50,09-05-2023-13:02:04,76,58.3
50,09-05-2023-13:03:04,76,66.9
50,09-05-2023-13:04:04,76,77.8
50,09-05-2023-13:05:04,76,50.2
50,09-05-2023-13:06:04,76,61.8
50,09-05-2023-13:07:04,76,43.8
50,09-05-2023-13:08:04,76,39.8
50,09-05-2023-13:09:04,76,72.7
50,09-05-2023-13:10:04,76,86.8
50,09-05-2023-13:11:04,76,64.9
50,09-05-2023-13:12:04,76,66.0
50,09-05-2023-13:13:04,76,55.5
50,09-05-2023-13:14:04,76,61.6
50,09-05-2023-13:15:04,76,60.8
50,09-05-2023-13:16:04,76,64.2
50,09-05-2023-13:17:04,76,88.2
50,09-05-2023-13:18:04,76,60.6
50,09-05-2023-13:19:04,76,49.5
50,09-05-2023-13:20:04,76,79.0
50,09-05-2023-13:21:04,76,50.4
50,09-05-2023-13:22:04,76,63.4
50,09-05-2023-13:23:04,76,79.9
50,09-05-2023-13:24:04,76,54.2
50,09-05-2023-13:25:04,76,89.6
50,09-05-2023-13:26:04,76,39.6
50,09-05-2023-13:27:04,76,52.7
50,09-05-2023-13:28:04,76,43.0
50,09-05-2023-13:29:04,76,88.1
50,09-05-2023-13:30:04,76,72.3
50,09-05-2023-13:31:04,76,83.2
50,09-05-2023-13:32:04,76,48.2
50,09-05-2023-13:33:04,76,62.3
50,09-05-2023-13:34:04,76,64.5
50,09-05-2023-13:35:04,76,67.2
50,09-05-2023-13:36:04,76,68.5
50,09-05-2023-13:37:04,76,82.4
50,09-05-2023-13:38:04,76,52.9
50,09-05-2023-13:39:04,76,68.0
50,09-05-2023-13:40:04,76,51.3
50,09-05-2023-13:41:04,76,62.8
50,09-05-2023-13:42:04,76,85.4
50,09-05-2023-13:43:04,76,63.6
50,09-05-2023-13:44:04,76,81.5
50,09-05-2023-13:45:04,76,50.6
50,09-05-2023-13:46:04,76,78.1
50,09-05-2023-13:47:04,76,65.2
50,09-05-2023-13:48:04,76,69.4
50,09-05-2023-13:49:04,76,78.2
50,09-05-2023-13:50:04,76,50.4
50,09-05-2023-13:51:04,76,45.6
50,09-05-2023-13:52:04,76,69.9
50,09-05-2023-13:53:04,76,53.2
50,09-05-2023-13:54:04,76,84.6
50,09-05-2023-13:55:04,76,78.7
50,09-05-2023-13:56:04,76,58.9
50,09-05-2023-13:57:04,76,43.5
50,09-05-2023-13:58:04,76,88.5
50,09-05-2023-13:59:04,76,40.1
50,09-05-2023-14:00:04,76,57.9
50,09-05-2023-14:01:04,76,88.7
50,09-05-2023-14:02:04,76,39.4
50,09-05-2023-14:03:04,76,88.8
50,09-05-2023-14:04:04,76,42.8
50,09-05-2023-14:05:04,76,56.2
50,09-05-2023-14:06:04,76,47.4
50,09-05-2023-14:07:04,76,91.4
50,09-05-2023-14:08:04,76,58.4
50,09-05-2023-14:09:04,76,87.8
50,09-05-2023-14:10:04,76,51.3
50,09-05-2023-14:11:04,76,69.5
50,09-05-2023-14:12:04,76,70.4
50,09-05-2023-14:13:04,76,58.3
50,09-05-2023-14:14:04,76,47.5
50,09-05-2023-14:15:04,76,82.7
50,09-05-2023-14:16:04,76,69.2
50,09-05-2023-14:17:04,76,82.7
50,09-05-2023-14:18:04,76,74.6
50,09-05-2023-14:19:04,76,46.0
50,09-05-2023-14:20:04,76,62.4
50,09-05-2023-14:21:04,76,63.6
50,09-05-2023-14:22:04,76,53.9
50,09-05-2023-14:23:04,76,49.7
50,09-05-2023-14:24:04,76,77.7
50,09-05-2023-14:25:04,76,38.1
50,09-05-2023-14:26:04,76,84.3
50,09-05-2023-14:27:04,76,66.1
50,09-05-2023-14:28:04,76,54.4
50,09-05-2023-14:29:04,76,80.7
50,09-05-2023-14:30:04,76,52.6
50,09-05-2023-14:31:04,76,72.6
50,09-05-2023-14:32:04,76,54.0
50,09-05-2023-14:33:04,76,77.2
50,09-05-2023-14:34:04,76,85.7
50,09-05-2023-14:35:04,76,55.7
50,09-05-2023-14:36:04,76,86.3
50,09-05-2023-14:37:04,76,43.9
50,09-05-2023-14:38:04,76,57.9
50,09-05-2023-14:39:04,76,70.2
50,09-05-2023-14:40:04,76,71.0
50,09-05-2023-14:41:04,76,64.2
50,09-05-2023-14:42:04,76,84.7
50,09-05-2023-14:43:04,76,55.2
50,09-05-2023-14:44:04,76,42.6
50,09-05-2023-14:45:04,76,48.8
50,09-05-2023-14:46:04,76,73.1
50,09-05-2023-14:47:04,76,76.3
50,09-05-2023-14:48:04,76,62.0
50,09-05-2023-14:49:04,76,70.6
50,09-05-2023-14:50:04,76,76.6
50,09-05-2023-14:51:04,76,51.1
50,09-05-2023-14:52:04,76,60.4
50,09-05-2023-14:53:04,76,79.8
50,09-05-2023-14:54:04,76,47.9
50,09-05-2023-14:55:04,76,76.8
50,09-05-2023-14:56:04,76,66.3
50,09-05-2023-14:57:04,76,55.5
50,09-05-2023-14:58:04,76,80.5
50,09-05-2023-14:59:04,76,52.1
50,09-05-2023-15:00:04,76,45.5
50,09-05-2023-15:01:04,76,88.4
50,09-05-2023-15:02:04,76,70.0
50,09-05-2023-15:03:04,76,72.6
50,09-05-2023-15:04:04,76,60.7
50,09-05-2023-15:05:04,76,56.2
50,09-05-2023-15:06:04,76,54.9
50,09-05-2023-15:07:04,76,68.5
50,09-05-2023-15:08:04,76,53.2
50,09-05-2023-15:09:04,76,73.3
50,09-05-2023-15:10:04,76,69.8
50,09-05-2023-15:11:04,76,48.3
50,09-05-2023-15:12:04,76,58.9
50,09-05-2023-15:13:04,76,53.7
50,09-05-2023-15:14:04,76,86.6
50,09-05-2023-15:15:04,76,66.6
50,09-05-2023-15:16:04,76,75.0
50,09-05-2023-15:17:04,76,52.1
50,09-05-2023-15:18:04,76,79.8
50,09-05-2023-15:19:04,76,61.9
50,09-05-2023-15:20:04,76,89.1
50,09-05-2023-15:21:04,76,42.5
50,09-05-2023-15:22:04,76,79.6
50,09-05-2023-15:23:04,76,52.2
50,09-05-2023-15:24:04,76,60.2
50,09-05-2023-15:25:04,76,63.1
50,09-05-2023-15:26:04,76,76.9
50,09-05-2023-15:27:04,76,42.8
50,09-05-2023-15:28:04,76,43.6
50,09-05-2023-15:29:04,76,90.9
50,09-05-2023-15:30:04,76,76.0
50,09-05-2023-15:31:04,76,60.2
50,09-05-2023-15:32:04,76,64.8
50,09-05-2023-15:33:04,76,69.2
50,09-05-2023-15:34:04,76,56.3
50,09-05-2023-15:35:04,76,38.5
50,09-05-2023-15:36:04,76,65.0
50,09-05-2023-15:37:04,76,73.4
50,09-05-2023-15:38:04,76,86.7
50,09-05-2023-15:39:04,76,66.2
50,09-05-2023-15:40:04,76,84.1
50,09-05-2023-15:41:04,76,60.4
50,09-05-2023-15:42:04,76,61.5
50,09-05-2023-15:43:04,76,60.2
50,09-05-2023-15:44:04,76,86.8
50,09-05-2023-15:45:04,76,60.8
50,09-05-2023-15:46:04,76,84.1
50,09-05-2023-15:47:04,76,47.3
50,09-05-2023-15:48:04,76,69.9
50,09-05-2023-15:49:04,76,84.3
50,09-05-2023-15:50:04,76,47.4
50,09-05-2023-15:51:04,76,68.4
50,09-05-2023-15:52:04,76,44.9
50,09-05-2023-15:53:04,76,62.3
50,09-05-2023-15:54:04,76,81.7
50,09-05-2023-15:55:04,76,67.0
50,09-05-2023-15:56:04,76,83.1
50,09-05-2023-15:57:04,76,62.0
50,09-05-2023-15:58:04,76,53.6
50,09-05-2023-15:59:04,76,63.8
50,09-05-2023-16:00:04,76,60.3
50,09-05-2023-16:01:04,76,82.3
50,09-05-2023-16:02:04,76,64.9
50,09-05-2023-16:03:04,76,63.7
50,09-05-2023-16:04:04,76,74.5
50,09-05-2023-16:05:04,76,84.4
50,09-05-2023-16:06:04,77,59.3
50,09-05-2023-16:07:04,77,56.5
50,09-05-2023-16:08:04,77,46.2
50,09-05-2023-16:09:04,77,72.8
50,09-05-2023-16:12:14,78,1.8
50,09-05-2023-16:10:04,78,3.7
50,09-05-2023-16:13:04,78,0.7
50,09-05-2023-16:14:04,78,0.8
50,09-05-2023-16:15:04,78,0.9
50,09-05-2023-16:16:04,78,0.7
50,09-05-2023-16:17:04,78,0.9
50,09-05-2023-16:18:04,78,1.2
50,09-05-2023-16:19:04,78,0.7
50,09-05-2023-16:20:04,78,0.8
50,09-05-2023-16:21:04,78,0.9
50,09-05-2023-16:22:04,78,0.9
50,09-05-2023-16:23:04,78,1.0
50,09-05-2023-16:24:04,78,1.1
50,09-05-2023-16:25:04,78,0.8
50,09-05-2023-16:26:04,79,1.0
50,09-05-2023-16:27:04,79,0.9
50,09-05-2023-16:28:04,79,1.1
50,09-05-2023-16:29:04,79,1.0
50,09-05-2023-16:31:21,79,0.5
50,09-05-2023-16:33:43,79,0.5
50,09-05-2023-16:34:04,79,0.7
50,09-05-2023-16:35:04,79,0.6
50,09-05-2023-16:36:04,79,1.0
50,09-05-2023-16:37:04,79,0.8
50,09-05-2023-16:38:04,79,1.0
50,09-05-2023-16:39:04,79,0.7
50,09-05-2023-16:42:58,79,0.5
50,09-05-2023-16:52:42,78,0.5
50,09-05-2023-16:53:04,78,0.5
50,09-05-2023-16:54:04,79,1.4
50,09-05-2023-18:21:49,80,0.8
50,09-05-2023-18:22:04,80,0.8
50,09-05-2023-18:23:04,80,0.6
50,09-05-2023-18:24:04,80,0.5
50,09-05-2023-18:25:04,80,0.8
50,09-05-2023-18:26:04,80,0.8
50,09-05-2023-18:27:04,80,0.7
50,09-05-2023-18:28:04,80,0.8
50,09-05-2023-18:29:04,80,2.2
50,09-05-2023-18:30:04,80,2.1
50,09-05-2023-18:31:04,76,1.7
50,09-05-2023-18:32:04,78,55.1
50,09-05-2023-18:33:04,76,33.8
50,09-05-2023-18:34:04,78,63.0
50,09-05-2023-18:35:04,80,72.3
50,09-05-2023-18:36:04,79,65.3
50,09-05-2023-18:37:04,79,42.9
50,09-05-2023-18:38:04,79,46.6
50,09-05-2023-18:39:04,80,56.0
50,09-05-2023-19:15:40,82,4.0
50,09-05-2023-19:16:04,82,4.0
50,09-05-2023-19:17:04,82,4.4
50,09-05-2023-19:18:04,83,2.5
50,09-05-2023-19:19:04,83,1.9
50,09-05-2023-19:20:04,83,1.8
50,09-05-2023-19:21:04,83,3.0
50,09-05-2023-19:22:04,83,4.7
50,09-05-2023-19:23:04,83,3.0
50,09-05-2023-19:24:04,83,3.4
50,09-05-2023-19:25:04,83,1.7
50,09-05-2023-19:46:04,84,1.3
50,09-05-2023-20:07:41,84,0.3
50,09-05-2023-20:58:16,83,0.9
50,09-05-2023-20:59:04,83,1.1
50,09-05-2023-21:00:04,83,1.2
50,09-05-2023-21:01:04,83,1.1
50,09-05-2023-19:46:04,83,1.3
50,09-05-2023-21:02:04,83,1.4
50,09-05-2023-21:03:04,83,2.8
50,09-05-2023-21:04:04,83,1.3
50,09-05-2023-21:05:04,83,1.5
50,09-05-2023-21:06:04,83,1.2
50,09-05-2023-21:07:04,83,3.2
50,09-05-2023-21:08:04,83,2.8
50,09-05-2023-21:09:04,83,1.8
50,09-05-2023-21:10:04,83,2.7
50,09-05-2023-21:11:04,83,2.9
50,09-05-2023-21:12:04,83,4.7
50,09-05-2023-21:13:04,83,2.3
50,09-05-2023-21:14:04,83,2.7
50,09-05-2023-21:15:04,83,3.1
50,09-05-2023-21:16:04,83,2.1
50,09-05-2023-21:17:04,83,3.1
50,09-05-2023-21:18:04,83,3.1
50,09-05-2023-21:19:04,83,2.8
50,09-05-2023-21:20:04,83,3.3
50,09-05-2023-21:21:04,83,4.8
50,09-05-2023-21:22:04,83,6.1
50,09-05-2023-21:24:04,83,2.5
50,09-05-2023-21:25:04,83,2.3
50,09-05-2023-21:25:51,83,3.1
50,09-05-2023-21:26:04,83,3.0
50,09-05-2023-21:27:04,83,2.9
50,09-05-2023-21:28:04,83,4.6
50,09-05-2023-21:29:04,83,4.4
50,09-05-2023-21:30:04,83,1.4
50,09-05-2023-21:31:04,83,3.0
50,09-05-2023-21:32:04,83,3.2
50,09-05-2023-21:33:04,83,1.1
50,09-05-2023-21:34:04,83,3.3
50,09-05-2023-21:35:04,83,2.9
50,09-05-2023-21:36:04,83,3.4
50,09-05-2023-18:42:06,81,0.8
50,09-05-2023-21:37:04,81,6.8
50,09-05-2023-21:38:04,81,3.2
50,09-05-2023-21:39:04,81,3.0
50,09-05-2023-21:40:04,81,2.5
50,09-05-2023-21:41:04,81,2.2
50,09-05-2023-21:42:04,80,2.6
50,09-05-2023-21:43:04,80,3.4
50,09-05-2023-21:44:04,81,3.3
50,09-05-2023-21:45:04,81,6.4
50,09-05-2023-21:46:04,81,3.0
50,09-05-2023-21:47:04,82,3.1
50,09-05-2023-21:48:04,81,17.9
50,09-05-2023-21:49:04,81,3.1
50,09-05-2023-21:50:04,81,3.0
50,09-05-2023-21:51:04,81,11.3
50,09-05-2023-21:52:05,81,3.3
50,09-05-2023-21:53:04,81,3.0
50,09-05-2023-21:54:04,81,3.3
50,09-05-2023-21:55:04,82,3.1
50,09-05-2023-21:56:04,82,3.1
50,09-05-2023-21:57:04,82,2.4
50,09-05-2023-21:58:04,82,1.8
50,09-05-2023-21:59:04,82,1.9
50,09-05-2023-22:00:04,80,3.3
50,09-05-2023-22:01:04,81,3.5
50,09-05-2023-22:02:04,82,3.2
50,09-05-2023-22:03:04,81,2.9
50,09-05-2023-22:04:04,82,2.6
50,09-05-2023-22:05:04,80,2.8
50,09-05-2023-22:06:04,81,3.3
50,09-05-2023-22:07:04,82,3.1
50,09-05-2023-22:08:04,81,4.4
50,09-05-2023-22:09:04,81,3.1
50,09-05-2023-22:10:04,82,3.3
50,09-05-2023-22:11:04,82,3.1
50,09-05-2023-22:12:04,81,50.1
50,09-05-2023-22:13:04,80,60.9
50,09-05-2023-22:14:04,81,42.5
50,09-05-2023-22:15:04,83,37.5
50,09-05-2023-22:16:04,82,40.6
50,09-05-2023-22:17:04,82,37.8
50,09-05-2023-22:18:04,82,34.8
50,09-05-2023-22:19:04,83,27.9
50,09-05-2023-22:20:04,82,29.2
50,09-05-2023-22:21:04,83,27.7
50,09-05-2023-22:22:04,83,30.4
50,09-05-2023-22:23:04,83,28.2
50,09-05-2023-22:24:04,83,26.2
50,09-05-2023-22:25:04,83,25.0
50,09-05-2023-22:26:04,83,27.1
50,09-05-2023-22:27:04,82,27.4
50,09-05-2023-22:28:04,83,24.1
50,09-05-2023-22:29:04,82,25.1
50,09-05-2023-22:30:04,82,26.3
50,09-05-2023-22:31:04,82,26.0
50,09-05-2023-22:32:04,82,13.8
50,09-05-2023-22:33:04,82,14.4
50,09-05-2023-22:34:04,82,14.2
50,09-05-2023-22:35:04,82,9.0
50,09-05-2023-22:36:04,83,8.9
50,09-05-2023-22:37:04,83,8.8
50,09-05-2023-22:38:04,83,7.0
50,09-05-2023-22:39:04,83,5.7
50,09-05-2023-22:40:04,83,7.0
50,09-05-2023-22:41:04,83,4.7
50,09-05-2023-22:42:04,83,3.9
50,09-05-2023-22:43:04,83,3.6
50,09-05-2023-22:44:04,83,3.8
50,09-05-2023-22:45:04,83,4.3
50,09-05-2023-22:46:04,83,3.2
50,09-05-2023-22:47:04,83,3.8
50,09-05-2023-22:48:04,83,3.4
50,09-05-2023-22:49:04,83,3.3
50,09-05-2023-22:50:04,83,3.8
50,09-05-2023-22:51:04,83,3.8
50,09-05-2023-22:52:04,83,3.3
50,09-05-2023-22:53:04,83,3.7
50,09-05-2023-22:54:04,83,3.8
50,09-05-2023-22:55:04,83,3.5
50,09-05-2023-22:56:04,83,3.5
50,09-05-2023-22:57:04,83,2.7
50,09-05-2023-22:58:04,83,2.8
50,09-05-2023-22:59:04,82,2.9
50,09-05-2023-23:00:04,82,2.8
50,09-05-2023-23:01:04,82,2.9
50,09-05-2023-23:02:04,83,5.2
50,09-05-2023-23:03:04,83,17.4
50,09-05-2023-23:04:04,83,44.4
50,09-05-2023-23:05:04,82,2.7
50,09-05-2023-23:06:04,83,3.4
50,09-05-2023-23:07:04,83,3.2
50,09-05-2023-23:08:04,83,2.9
50,09-05-2023-23:09:04,83,3.2
50,09-05-2023-23:10:04,83,8.1
50,09-05-2023-23:11:04,83,3.1
50,09-05-2023-23:12:04,83,3.1
50,09-05-2023-23:13:04,83,5.6
50,09-05-2023-23:14:04,83,5.3
50,09-05-2023-23:15:04,83,3.1
50,09-05-2023-23:16:04,83,5.1
50,09-05-2023-23:17:04,83,9.4
50,09-05-2023-23:18:04,83,5.5
50,09-05-2023-23:19:04,83,5.3
50,09-05-2023-23:20:04,83,2.6
50,09-05-2023-23:21:04,82,2.3
50,09-05-2023-23:22:04,82,2.5
50,09-05-2023-23:23:04,82,2.5
50,09-05-2023-23:24:04,82,2.9
50,09-05-2023-23:25:04,82,3.3
50,09-05-2023-23:26:04,83,7.1
50,09-05-2023-23:27:04,83,2.4
50,09-05-2023-23:28:04,83,2.8
50,09-05-2023-23:29:04,83,5.9
50,09-05-2023-23:30:04,83,3.3
50,09-05-2023-23:31:04,83,2.5
50,09-05-2023-23:32:04,83,3.6
50,09-05-2023-23:33:04,83,3.4
50,09-05-2023-23:34:04,83,3.3
50,09-05-2023-23:35:04,83,3.2
50,09-05-2023-23:36:04,83,3.3
50,09-05-2023-23:37:04,83,3.4
50,09-05-2023-23:38:04,83,3.2
50,09-05-2023-23:39:04,83,3.2
50,09-05-2023-23:40:04,83,3.0
50,09-05-2023-23:41:04,83,3.0
50,09-05-2023-23:42:04,83,3.1
50,09-05-2023-23:43:04,83,2.9
50,09-05-2023-23:44:04,83,3.1
50,09-05-2023-23:45:04,83,3.3
50,09-05-2023-23:46:04,83,3.5
50,09-05-2023-23:47:04,83,3.1
50,09-05-2023-23:48:04,83,3.4
50,09-05-2023-23:49:04,83,3.2
50,09-05-2023-23:50:04,83,3.3
50,09-05-2023-23:51:04,83,3.2
50,09-05-2023-23:52:04,83,3.6
50,09-05-2023-23:53:04,83,3.1
50,09-05-2023-23:54:04,83,2.7
50,09-05-2023-23:55:04,83,3.2
50,09-05-2023-23:56:04,83,3.2
50,09-05-2023-23:57:04,83,8.8
50,09-05-2023-23:58:04,83,2.9
50,09-05-2023-23:59:04,83,3.7
50,09-06-2023-00:00:04,83,3.2
50,09-06-2023-00:01:04,83,3.0
50,09-06-2023-00:02:04,83,3.0
50,09-06-2023-00:03:04,83,3.2
50,09-06-2023-00:04:04,83,3.4
50,09-06-2023-00:05:04,83,2.8
50,09-06-2023-00:06:04,83,12.3
50,09-06-2023-00:07:04,83,3.2
50,09-06-2023-00:08:04,83,3.2
50,09-06-2023-00:09:04,83,3.3
50,09-06-2023-00:10:04,83,3.2
50,09-06-2023-00:11:04,83,2.9
50,09-06-2023-00:12:04,83,2.9
50,09-06-2023-00:13:04,83,2.5
50,09-06-2023-00:14:04,83,3.7
50,09-06-2023-00:15:04,83,3.2
50,09-06-2023-00:16:04,83,5.1
50,09-06-2023-00:17:04,83,3.3
50,09-06-2023-00:18:04,83,11.1
50,09-06-2023-00:19:04,83,3.1
50,09-06-2023-00:20:04,83,2.9
50,09-06-2023-00:21:04,83,3.7
50,09-06-2023-00:22:04,83,3.2
50,09-06-2023-00:23:04,83,3.0
50,09-06-2023-00:24:04,83,8.2
50,09-06-2023-00:25:04,83,3.9
50,09-06-2023-00:26:04,83,3.2
50,09-06-2023-00:27:04,83,7.6
50,09-06-2023-00:28:04,83,3.8
50,09-06-2023-00:29:04,83,9.0
50,09-06-2023-00:30:04,83,3.2
50,09-06-2023-00:31:04,83,3.7
50,09-06-2023-00:32:04,83,3.1
50,09-06-2023-00:33:04,83,3.0
50,09-06-2023-00:34:04,83,7.1
50,09-06-2023-00:35:04,83,3.1
50,09-06-2023-00:36:04,83,3.4
50,09-06-2023-00:37:04,83,2.9
50,09-06-2023-00:38:04,83,3.3
50,09-06-2023-00:39:04,84,2.9
50,09-06-2023-00:40:04,83,2.5
50,09-06-2023-00:41:04,83,2.9
50,09-06-2023-00:42:04,83,3.5
50,09-06-2023-00:43:04,83,8.8
50,09-06-2023-00:44:04,83,3.1
50,09-06-2023-00:45:04,83,3.1
50,09-06-2023-00:46:04,83,3.0
50,09-06-2023-00:47:04,83,3.7
50,09-06-2023-00:48:04,83,2.8
50,09-06-2023-00:49:04,83,2.9
50,09-06-2023-00:50:04,83,3.0
50,09-06-2023-00:51:04,83,2.6
50,09-06-2023-00:52:04,82,6.8
50,09-06-2023-00:53:04,83,8.2
50,09-06-2023-00:54:04,83,2.3
50,09-06-2023-00:55:04,82,2.9
50,09-06-2023-00:56:04,83,3.2
50,09-06-2023-00:57:04,83,3.1
50,09-06-2023-00:58:04,84,2.0
50,09-06-2023-00:59:04,84,1.9
50,09-06-2023-01:00:04,82,6.6
50,09-06-2023-01:01:04,83,5.2
50,09-06-2023-01:02:04,82,2.4
50,09-06-2023-01:03:04,82,3.6
50,09-06-2023-01:04:04,83,3.2
50,09-06-2023-01:05:04,83,2.2
50,09-06-2023-01:06:04,82,6.9
50,09-06-2023-01:07:04,83,3.1
50,09-06-2023-01:08:04,83,2.8
50,09-06-2023-01:09:04,83,2.2
50,09-06-2023-01:10:04,83,2.5
50,09-06-2023-01:11:04,83,2.4
50,09-06-2023-01:12:04,83,3.2
50,09-06-2023-01:13:04,83,5.6
50,09-06-2023-01:14:04,83,3.2
50,09-06-2023-01:15:04,84,3.4
50,09-06-2023-01:16:04,83,3.2
50,09-06-2023-01:17:04,83,3.1
50,09-06-2023-01:18:04,83,3.2
50,09-06-2023-01:19:04,83,3.1
50,09-06-2023-01:20:04,83,3.0
50,09-06-2023-01:21:04,83,3.3
50,09-06-2023-01:22:04,83,3.4
50,09-06-2023-01:23:04,83,3.1
50,09-06-2023-01:24:04,83,3.4
50,09-06-2023-01:25:04,83,3.2
50,09-06-2023-01:26:04,83,3.3
50,09-06-2023-01:27:04,84,2.8
50,09-06-2023-01:28:04,83,3.3
50,09-06-2023-01:29:04,83,6.6
50,09-06-2023-01:30:04,83,4.0
50,09-06-2023-01:31:04,83,3.0
50,09-06-2023-01:32:04,83,3.4
50,09-06-2023-01:33:04,83,3.2
50,09-06-2023-01:34:04,83,2.9
50,09-06-2023-01:35:04,83,12.9
50,09-06-2023-01:36:04,83,3.2
50,09-06-2023-01:37:04,84,2.6
50,09-06-2023-01:40:04,84,1.1
50,09-06-2023-01:38:04,84,1.1
50,09-06-2023-01:41:04,84,1.1
50,09-06-2023-01:42:04,84,1.1
50,09-06-2023-01:43:04,83,1.1
50,09-06-2023-01:44:04,83,1.8
50,09-06-2023-01:45:04,83,1.5
50,09-06-2023-01:46:04,83,2.0
50,09-06-2023-01:47:04,82,1.6
50,09-06-2023-01:48:04,82,1.7
50,09-06-2023-01:49:04,83,1.7
50,09-06-2023-01:50:04,82,1.5
50,09-06-2023-01:51:04,82,3.3
50,09-06-2023-01:52:04,82,1.4
50,09-06-2023-01:53:04,82,1.9
50,09-06-2023-01:54:04,83,1.9
50,09-06-2023-01:55:04,83,7.6
50,09-06-2023-01:56:04,83,1.9
50,09-06-2023-01:57:04,83,2.2
50,09-06-2023-01:39:04,84,1.7
50,09-06-2023-01:58:04,83,1.7
50,09-06-2023-01:59:04,83,1.9
50,09-06-2023-02:00:04,83,1.4
50,09-06-2023-02:01:04,83,1.4
50,09-06-2023-02:02:04,82,1.7
50,09-06-2023-02:03:04,82,1.7
50,09-06-2023-02:04:04,82,1.7
50,09-06-2023-02:05:04,82,1.7
50,09-06-2023-02:06:04,83,2.6
50,09-06-2023-02:07:04,83,1.6
50,09-06-2023-02:08:04,83,1.7
50,09-06-2023-02:09:04,83,1.6
50,09-06-2023-02:10:04,83,9.6
50,09-06-2023-02:11:04,83,1.8
50,09-06-2023-02:12:04,83,2.2
50,09-06-2023-02:13:04,83,4.6
50,09-06-2023-02:14:04,83,2.0
50,09-06-2023-02:15:04,83,31.7
50,09-06-2023-02:16:04,82,30.1
50,09-06-2023-02:17:04,84,6.7
50,09-06-2023-02:18:04,84,6.5
50,09-06-2023-02:19:04,84,1.1
50,09-06-2023-02:20:04,84,1.1
50,09-06-2023-02:21:04,84,1.5
50,09-06-2023-02:22:04,84,1.2
50,09-06-2023-02:23:04,84,1.3
50,09-06-2023-02:24:04,84,1.1
50,09-06-2023-02:25:04,84,1.1
50,09-06-2023-02:26:04,84,1.3
50,09-06-2023-02:27:04,84,1.4
50,09-06-2023-02:28:04,84,1.3
50,09-06-2023-02:29:04,84,1.5
50,09-06-2023-02:30:04,84,1.4
50,09-06-2023-02:31:04,84,1.4
50,09-06-2023-02:32:04,84,1.3
50,09-06-2023-02:33:04,84,1.6
50,09-06-2023-02:34:04,84,1.4
50,09-06-2023-02:35:04,84,1.5
50,09-06-2023-02:36:04,84,1.2
50,09-06-2023-02:37:04,84,1.4
50,09-06-2023-02:38:04,84,1.7
50,09-06-2023-02:39:04,84,1.6
50,09-06-2023-02:40:04,84,1.4
50,09-06-2023-02:41:04,84,1.5
50,09-06-2023-02:42:04,84,1.3
50,09-06-2023-02:43:04,84,1.2
50,09-06-2023-02:44:04,84,1.3
50,09-06-2023-02:45:04,84,1.9
50,09-06-2023-02:46:04,84,1.3
50,09-06-2023-02:47:04,84,1.6
50,09-06-2023-02:48:04,84,1.4
50,09-06-2023-02:49:04,84,1.4
50,09-06-2023-02:50:04,84,1.5
50,09-06-2023-02:51:04,84,4.7
50,09-06-2023-02:52:04,84,1.5
50,09-06-2023-02:53:04,84,1.1
50,09-06-2023-02:54:04,84,0.8
50,09-06-2023-02:55:04,84,1.0
50,09-06-2023-02:58:04,84,1.0
50,09-06-2023-02:57:04,84,0.9
50,09-06-2023-02:56:04,84,1.1
50,09-06-2023-02:59:04,84,1.0
50,09-06-2023-03:00:04,84,2.3
50,09-06-2023-03:01:04,84,0.6
50,09-06-2023-03:02:04,84,0.8
50,09-06-2023-03:03:04,84,0.8
50,09-06-2023-03:04:04,84,0.9
50,09-06-2023-03:05:04,84,1.1
50,09-06-2023-03:06:04,84,1.0
50,09-06-2023-03:07:04,84,0.9
50,09-06-2023-03:08:04,84,0.8
50,09-06-2023-03:09:04,84,1.1
50,09-06-2023-03:10:04,84,1.0
50,09-06-2023-03:11:04,84,0.8
50,09-06-2023-03:12:04,84,0.9
50,09-06-2023-03:13:04,84,0.9
50,09-06-2023-04:28:27,84,2.0
50,09-06-2023-04:29:04,84,1.3
50,09-06-2023-04:30:04,84,1.5
50,09-06-2023-04:31:04,84,1.5
50,09-06-2023-04:32:04,84,1.6
50,09-06-2023-04:33:04,82,2.1
50,09-06-2023-04:34:04,82,10.1
50,09-06-2023-04:35:04,82,1.9
50,09-06-2023-04:36:04,82,2.7
50,09-06-2023-04:37:04,82,2.8
50,09-06-2023-04:38:04,82,10.7
50,09-06-2023-04:39:04,82,2.8
50,09-06-2023-04:40:04,83,2.4
50,09-06-2023-04:41:04,83,18.8
50,09-06-2023-04:42:04,83,2.5
50,09-06-2023-04:43:04,83,2.4
50,09-06-2023-04:44:04,83,2.6
50,09-06-2023-04:45:04,83,2.8
50,09-06-2023-04:46:04,83,2.9
50,09-06-2023-04:47:04,84,2.7
50,09-06-2023-04:48:04,83,22.1
50,09-06-2023-04:49:04,83,2.8
50,09-06-2023-04:50:04,83,5.0
50,09-06-2023-04:51:04,83,10.1
50,09-06-2023-04:52:04,83,1.7
50,09-06-2023-04:53:04,82,1.8
50,09-06-2023-04:54:04,82,14.3
50,09-06-2023-04:55:04,83,2.6
50,09-06-2023-04:56:04,83,2.4
50,09-06-2023-04:57:04,83,2.1
50,09-06-2023-04:58:04,83,9.7
50,09-06-2023-04:59:04,83,2.9
50,09-06-2023-05:00:04,83,12.4
50,09-06-2023-05:01:04,83,3.2
50,09-06-2023-05:02:04,83,11.9
50,09-06-2023-05:03:04,83,19.3
50,09-06-2023-05:04:04,83,2.8
50,09-06-2023-05:05:04,83,4.8
50,09-06-2023-05:06:04,83,7.7
50,09-06-2023-05:07:04,83,2.8
50,09-06-2023-05:08:04,83,3.0
50,09-06-2023-05:09:04,83,23.7
50,09-06-2023-05:10:04,83,8.0
50,09-06-2023-05:11:04,83,3.0
50,09-06-2023-05:12:04,83,2.9
50,09-06-2023-05:13:04,83,7.8
50,09-06-2023-05:14:04,84,10.2
50,09-06-2023-05:15:04,83,2.4
50,09-06-2023-05:16:04,83,9.2
50,09-06-2023-05:17:04,83,3.1
50,09-06-2023-05:18:04,83,2.6
50,09-06-2023-05:19:04,83,2.4
50,09-06-2023-05:20:04,84,2.0
50,09-06-2023-05:21:04,84,4.7
50,09-06-2023-05:22:04,83,2.0
50,09-06-2023-05:23:04,83,1.9
50,09-06-2023-05:24:04,83,1.8
50,09-06-2023-05:25:04,83,9.7
50,09-06-2023-05:26:04,83,3.6
50,09-06-2023-05:27:04,83,1.8
50,09-06-2023-05:28:04,83,7.5
50,09-06-2023-05:29:04,82,2.6
50,09-06-2023-05:30:04,82,10.7
50,09-06-2023-05:31:04,83,3.3
50,09-06-2023-05:32:04,83,10.0
50,09-06-2023-05:33:04,83,3.1
50,09-06-2023-05:34:04,83,2.6
50,09-06-2023-05:35:04,83,2.6
50,09-06-2023-05:36:04,83,2.7
50,09-06-2023-05:37:04,83,10.9
50,09-06-2023-05:38:04,83,8.1
50,09-06-2023-05:39:04,83,3.0
50,09-06-2023-05:40:04,84,2.6
50,09-06-2023-05:41:04,83,2.9
50,09-06-2023-05:42:04,84,3.2
50,09-06-2023-05:43:04,84,3.3
50,09-06-2023-05:44:04,84,2.4
50,09-06-2023-05:45:04,83,3.0
50,09-06-2023-05:46:04,83,4.0
50,09-06-2023-05:47:04,84,2.3
50,09-06-2023-05:48:04,84,2.1
50,09-06-2023-05:49:04,84,2.1
50,09-06-2023-05:50:04,84,1.8
50,09-06-2023-05:51:04,83,2.3
50,09-06-2023-05:52:04,83,2.5
50,09-06-2023-05:53:04,83,4.9
50,09-06-2023-05:54:04,83,6.0
50,09-06-2023-05:55:04,83,4.4
50,09-06-2023-05:56:04,83,4.2
50,09-06-2023-05:57:04,83,2.9
50,09-06-2023-05:58:04,83,2.8
50,09-06-2023-05:59:04,83,3.2
50,09-06-2023-06:00:04,83,2.4
50,09-06-2023-06:01:04,83,2.9
50,09-06-2023-06:02:04,83,2.9
50,09-06-2023-06:03:04,83,2.1
50,09-06-2023-06:04:04,83,2.7
50,09-06-2023-06:05:04,83,13.1
50,09-06-2023-06:06:04,84,2.8
50,09-06-2023-06:07:04,84,2.7
50,09-06-2023-06:08:04,83,2.3
50,09-06-2023-06:09:04,83,2.2
50,09-06-2023-06:10:04,83,4.7
50,09-06-2023-06:11:04,83,2.8
50,09-06-2023-06:12:04,83,2.4
50,09-06-2023-06:13:04,84,4.4
50,09-06-2023-06:14:04,84,1.9
50,09-06-2023-06:15:04,83,2.3
50,09-06-2023-06:16:04,83,2.3
50,09-06-2023-06:17:04,83,2.0
50,09-06-2023-06:18:04,82,2.1
50,09-06-2023-06:19:04,83,2.6
50,09-06-2023-06:20:04,83,2.7
50,09-06-2023-06:21:04,83,2.7
50,09-06-2023-06:22:04,83,2.3
50,09-06-2023-06:23:04,83,2.8
50,09-06-2023-06:24:04,83,3.0
50,09-06-2023-06:25:04,83,3.4
50,09-06-2023-06:26:04,83,3.1
50,09-06-2023-06:27:04,83,3.0
50,09-06-2023-06:28:04,84,2.8
50,09-06-2023-06:29:04,84,2.7
50,09-06-2023-06:34:04,84,0.9
50,09-06-2023-06:36:33,84,0.9
50,09-06-2023-06:37:04,84,0.8
50,09-06-2023-06:38:04,84,0.9
50,09-06-2023-06:39:04,84,0.7
50,09-06-2023-06:40:04,84,0.7
50,09-06-2023-06:41:04,84,3.0
50,09-06-2023-06:42:04,84,0.4
50,09-06-2023-06:43:04,84,0.4
50,09-06-2023-06:32:04,84,1.8
50,09-06-2023-07:06:24,84,1.8
50,09-06-2023-07:07:04,84,1.4
50,09-06-2023-07:08:04,84,1.6
50,09-06-2023-07:09:04,84,1.4
50,09-06-2023-07:10:04,84,1.4
50,09-06-2023-06:33:04,84,0.7
50,09-06-2023-07:11:04,84,2.6
50,09-06-2023-07:12:04,84,1.6
50,09-06-2023-07:13:04,84,1.6
50,09-06-2023-07:14:04,84,1.2
50,09-06-2023-07:15:04,84,1.4
50,09-06-2023-07:21:26,84,1.6
50,09-06-2023-07:22:04,84,21.2
50,09-06-2023-06:32:04,84,11.0
50,09-06-2023-07:23:04,83,7.3
50,09-06-2023-07:24:04,83,4.0
50,09-06-2023-07:25:04,83,1.6
50,09-06-2023-07:26:04,83,3.7
50,09-06-2023-07:27:04,83,2.2
50,09-06-2023-07:28:04,83,2.1
50,09-06-2023-07:29:04,83,1.3
50,09-06-2023-07:30:04,83,1.2
50,09-06-2023-07:31:04,83,3.4
50,09-06-2023-07:32:04,83,3.5
50,09-06-2023-07:33:04,83,1.8
50,09-06-2023-07:34:04,83,1.4
50,09-06-2023-07:35:04,83,1.4
50,09-06-2023-07:36:04,83,3.1
50,09-06-2023-07:37:04,83,3.4
50,09-06-2023-07:38:04,83,3.4
50,09-06-2023-07:39:04,83,3.7
50,09-06-2023-07:40:04,83,3.4
50,09-06-2023-07:41:04,83,3.5
50,09-06-2023-07:42:04,83,3.5
50,09-06-2023-07:43:04,83,3.0
50,09-06-2023-07:44:04,83,3.6
50,09-06-2023-07:45:04,83,2.7
50,09-06-2023-07:46:04,83,3.3
50,09-06-2023-07:47:04,83,3.2
50,09-06-2023-07:48:04,83,2.2
50,09-06-2023-07:49:04,83,3.7
50,09-06-2023-07:50:04,83,3.6
50,09-06-2023-07:51:04,83,2.9
50,09-06-2023-07:52:04,83,79.3
                                                                                                                                                                                                                                                                                                                                                                                                                                                                                                                                                                                                                                                                                                                                                                                                                                                                                                                                                                                                                                                                                                                                                                                                                                                                                                                                                                                                                                                                                                                                                        