5 21:37:00 7.9G 17.6
5 21:37:59 9.1G 17.6
5 21:38:59 10G 17.6
5 21:39:59 14G 17.6
5 21:41:00 14G 17.6
5 21:41:59 14G 17.6
5 21:42:59 14G 17.6
5 21:43:59 14G 17.6
5 21:44:59 14G 17.6
5 21:45:59 14G 17.6
5 21:47:00 14G 17.6
5 21:47:59 14G 17.6
5 21:49:00 14G 17.6
5 21:49:59 14G 17.6
5 21:50:59 14G 17.6
5 21:51:59 14G 17.6
5 21:52:59 14G 17.6
5 21:53:59 14G 17.6
5 21:54:59 14G 17.6
5 21:55:59 14G 17.6
5 21:56:59 14G 17.6
5 21:57:59 14G 17.6
5 21:58:59 14G 17.6
5 21:59:59 14G 17.6
5 22:00:59 14G 17.6
5 22:01:59 14G 17.6
5 22:02:59 14G 17.6
5 22:03:59 14G 17.6
5 22:04:59 14G 17.6
5 22:05:59 14G 17.6
5 22:06:59 14G 17.6
5 22:07:59 14G 17.6
5 22:08:59 14G 17.6
5 22:09:59 14G 17.6
5 22:10:59 14G 17.6
5 22:11:59 14G 17.6
5 22:12:59 14G 17.6
5 22:13:59 14G 17.6
5 22:14:59 14G 17.6
5 22:15:59 14G 17.6
5 22:16:59 14G 17.6
5 22:17:59 14G 17.6
5 22:18:59 14G 17.6
5 22:19:59 14G 17.6
5 22:20:59 14G 17.6
5 22:22:00 14G 17.6
5 22:22:59 14G 17.6
5 22:23:59 14G 17.6
5 22:24:59 14G 17.6
5 22:25:59 14G 17.6
5 22:26:59 14G 17.6
5 22:27:59 14G 17.6
5 22:28:59 14G 17.6
5 22:30:00 14G 17.6
5 22:31:00 14G 17.6
5 22:31:59 14G 17.6
5 22:33:00 14G 17.6
5 22:33:59 14G 17.6
5 22:34:59 14G 17.6
5 22:35:59 14G 17.6
5 22:36:59 14G 17.6
5 22:37:59 14G 17.6
5 22:38:59 14G 17.6
5 22:39:59 15G 17.6
5 22:40:59 15G 17.6
5 22:41:59 16G 17.6
5 22:42:59 16G 17.6
5 22:43:59 15G 17.6
5 22:45:00 15G 17.6
5 22:45:59 17G 17.6
5 22:46:59 17G 17.6
5 22:47:59 17G 17.6
5 22:48:59 17G 17.6
5 22:49:59 17G 17.6
5 22:50:59 17G 17.6
5 22:51:59 17G 17.6
5 22:52:59 17G 17.6
5 22:53:59 17G 17.6
5 22:54:59 17G 17.6
5 22:55:59 17G 17.6
5 22:56:59 17G 17.6
5 22:57:59 17G 17.6
5 22:58:59 17G 17.6
5 22:59:59 17G 17.6
5 23:00:59 17G 17.6
5 23:01:59 17G 17.6
5 23:02:59 17G 17.6
5 23:03:59 17G 17.6
5 23:04:59 17G 17.6
5 23:05:59 17G 17.6
5 23:06:59 17G 17.6
5 23:07:59 17G 17.6
5 23:08:59 17G 17.6
5 23:09:59 17G 17.6
5 23:10:59 17G 17.6
5 23:11:59 17G 17.6
5 23:12:59 17G 17.6
5 23:13:59 17G 17.6
5 23:14:59 17G 17.6
5 23:15:59 17G 17.6
5 23:16:59 17G 17.6
5 23:17:59 17G 17.6
5 23:18:59 17G 17.6
5 23:19:59 17G 17.6
5 23:20:59 17G 17.6
5 23:22:00 17G 17.6
5 23:22:59 17G 17.6
5 23:23:59 17G 17.6
5 23:24:59 17G 17.6
5 23:25:59 17G 17.6
5 23:26:59 17G 17.6
5 23:27:59 17G 17.6
5 23:28:59 17G 17.6
5 23:29:59 17G 17.6
5 23:30:59 17G 17.6
5 23:31:59 17G 17.6
5 23:32:59 17G 17.6
5 23:33:59 17G 17.6
5 23:34:59 17G 17.6
5 23:35:59 17G 17.6
5 23:37:00 17G 17.6
5 23:37:59 17G 17.6
5 23:38:59 17G 17.6
5 23:39:59 17G 17.6
5 23:40:59 17G 17.6
5 23:41:59 17G 17.6
5 23:42:59 17G 17.6
5 23:43:59 17G 17.6
5 23:44:59 17G 17.6
5 23:45:59 15G 17.6
5 23:46:59 15G 17.6
5 23:47:59 15G 17.6
10 23:48:39 15G 17.6
10 23:49:39 7.2G 17.6
10 23:50:39 7.4G 17.6
10 23:51:39 8.9G 17.6
10 23:52:39 10G 17.6
10 23:53:39 11G 17.6
10 23:54:39 13G 17.6
10 23:55:39 20G 17.6
10 23:56:39 20G 17.6
10 23:57:39 20G 17.6
10 23:58:39 20G 17.6
10 23:59:39 20G 17.6
10 00:00:39 20G 17.6
10 00:01:39 20G 17.6
10 00:02:39 20G 17.6
10 00:03:39 20G 17.6
10 00:04:39 20G 17.6
10 00:05:39 20G 17.6
10 00:06:39 20G 17.6
10 00:07:39 20G 17.6
10 00:08:39 20G 17.6
10 00:09:39 20G 17.6
10 00:10:39 20G 17.6
10 00:11:39 20G 17.6
10 00:12:39 20G 17.6
10 00:13:39 20G 17.6
10 00:14:39 20G 17.6
10 00:15:39 20G 17.6
10 00:16:39 20G 17.6
10 00:17:39 20G 17.6
10 00:18:39 20G 17.6
10 00:19:39 20G 17.6
10 00:20:39 20G 17.6
10 00:21:39 20G 17.6
10 00:22:39 20G 17.6
10 00:23:39 20G 17.6
10 00:24:39 20G 17.6
10 00:25:39 20G 17.6
10 00:26:39 20G 17.6
10 00:27:39 20G 17.6
10 00:28:39 20G 17.6
10 00:29:39 20G 17.6
10 00:30:39 20G 17.6
10 00:31:39 20G 17.6
10 00:32:39 20G 17.6
10 00:33:39 20G 17.6
10 00:34:39 20G 17.6
10 00:35:39 20G 17.6
10 00:36:39 20G 17.6
10 00:37:39 20G 17.6
10 00:38:39 20G 17.6
10 00:39:39 20G 17.6
10 00:40:39 20G 17.6
10 00:41:39 20G 17.6
10 00:42:39 20G 17.6
10 00:43:39 20G 17.6
10 00:44:39 20G 17.6
10 00:45:39 20G 17.6
10 00:46:39 20G 17.6
10 00:47:39 20G 17.6
10 00:48:39 20G 17.6
10 00:49:39 20G 17.6
10 00:50:39 20G 17.6
10 00:51:39 20G 17.6
10 00:52:39 20G 17.6
10 00:53:39 20G 17.6
10 00:54:39 20G 17.6
10 00:55:39 20G 17.6
10 00:56:39 20G 17.6
10 00:57:39 20G 17.6
10 00:58:39 20G 17.6
10 00:59:39 20G 17.6
10 01:00:39 20G 17.6
10 01:01:39 20G 17.6
10 01:02:39 20G 17.6
10 01:03:39 20G 17.6
10 01:04:39 20G 17.6
10 01:05:39 20G 17.6
10 01:06:39 20G 17.6
10 01:07:39 20G 17.6
10 01:08:39 20G 17.6
10 01:09:39 20G 17.6
10 01:10:39 20G 17.6
10 01:11:39 20G 17.6
10 01:12:39 20G 17.6
10 01:13:39 20G 17.6
10 01:14:39 20G 17.6
10 01:15:39 20G 17.6
10 01:16:39 20G 17.6
10 01:17:39 20G 17.6
10 01:18:39 20G 17.6
10 01:19:39 20G 17.6
10 01:20:39 20G 17.6
10 01:21:39 20G 17.6
10 01:22:39 20G 17.6
10 01:23:39 20G 17.6
10 01:24:39 20G 17.6
10 01:25:39 20G 17.6
10 01:26:39 20G 17.6
10 01:27:39 20G 17.6
10 01:28:39 20G 17.6
10 01:29:39 20G 17.6
10 01:30:39 20G 17.6
10 01:31:39 20G 17.6
10 01:32:39 20G 17.6
10 01:33:39 20G 17.6
10 01:34:39 20G 17.6
10 01:35:39 20G 17.6
10 01:36:39 20G 17.6
10 01:37:39 23G 17.6
10 01:38:39 23G 17.6
10 01:39:39 23G 17.6
10 01:40:39 23G 17.6
10 01:41:39 23G 17.6
10 01:42:39 23G 17.6
10 01:43:39 23G 17.6
10 01:44:39 23G 17.6
10 01:45:39 23G 17.6
10 01:46:39 23G 17.6
10 01:47:39 23G 17.6
10 01:48:39 23G 17.6
10 01:49:39 23G 17.6
10 01:50:39 23G 17.6
10 01:51:39 23G 17.6
10 01:52:39 28G 17.6
10 01:53:39 28G 17.6
10 01:54:39 27G 17.6
10 01:55:39 28G 17.6
10 01:56:39 28G 17.6
10 01:57:39 28G 17.6
10 01:58:39 28G 17.6
10 01:59:39 28G 17.6
10 02:00:39 28G 17.6
10 02:01:39 28G 17.6
10 02:02:39 28G 17.6
10 02:03:39 28G 17.6
10 02:04:39 28G 17.6
10 02:05:39 28G 17.6
10 02:06:39 28G 17.6
10 02:07:39 28G 17.6
10 02:08:39 28G 17.6
10 02:09:39 28G 17.6
10 02:10:39 28G 17.6
10 02:11:39 28G 17.6
10 02:12:39 28G 17.6
10 02:13:39 29G 17.6
10 02:14:39 28G 17.6
10 02:15:39 29G 17.6
10 02:16:39 29G 17.6
10 02:17:39 29G 17.6
10 02:18:39 29G 17.6
10 02:19:39 28G 17.6
10 02:20:39 29G 17.6
10 02:21:39 29G 17.6
10 02:22:39 29G 17.6
10 02:23:39 29G 17.6
10 02:24:39 28G 17.6
10 02:25:39 29G 17.6
10 02:26:39 29G 17.6
10 02:27:39 29G 17.6
10 02:28:39 29G 17.6
10 02:29:39 28G 17.6
10 02:30:39 29G 17.6
10 02:31:39 29G 17.6
10 02:32:39 29G 17.6
10 02:33:39 29G 17.6
10 02:34:39 28G 17.6
10 02:35:39 29G 17.6
10 02:36:39 29G 17.6
10 02:37:39 29G 17.6
10 02:38:39 29G 17.6
10 02:39:39 28G 17.6
10 02:40:39 29G 17.6
10 02:41:39 29G 17.6
10 02:42:39 29G 17.6
10 02:43:39 29G 17.6
10 02:44:39 28G 17.6
10 02:45:39 29G 17.6
10 02:46:39 29G 17.6
10 02:47:39 29G 17.6
10 02:48:39 29G 17.6
10 02:49:39 28G 17.6
10 02:50:39 29G 17.6
10 02:51:39 29G 17.6
10 02:52:39 24G 17.6
10 02:53:39 24G 17.6
10 02:54:39 24G 17.6
30 02:55:11 24G 17.6
30 02:56:11 7.8G 17.6
30 02:57:11 7.5G 17.6
30 02:58:11 7.3G 17.6
30 02:59:11 7.3G 17.6
30 03:00:11 7.2G 17.6
30 03:01:11 7.4G 17.6
30 03:02:11 8.9G 17.6
30 03:03:11 10G 17.6
30 03:04:11 11G 17.6
30 03:05:11 13G 17.6
30 03:06:11 14G 17.6
30 03:07:11 15G 17.6
30 03:08:11 17G 17.6
30 03:09:11 18G 17.6
30 03:10:11 19G 17.6
30 03:11:11 20G 17.6
30 03:12:11 21G 17.6
30 03:13:11 22G 17.6
30 03:14:11 22G 17.6
30 03:15:11 22G 17.6
30 03:16:11 29G 17.6
30 03:17:11 37G 17.6
30 03:18:11 45G 17.6
30 03:19:11 47G 17.6
30 03:20:11 47G 17.6
30 03:21:11 47G 17.6
30 03:22:11 47G 17.6
30 03:23:11 47G 17.6
30 03:24:11 47G 17.6
30 03:25:11 47G 17.6
30 03:26:11 47G 17.6
30 03:27:11 47G 17.6
30 03:28:11 47G 17.6
30 03:29:11 47G 17.6
30 03:30:11 47G 17.6
30 03:31:11 47G 17.6
30 03:32:11 47G 17.6
30 03:33:11 47G 17.6
30 03:34:11 47G 17.6
30 03:35:11 47G 17.6
30 03:36:11 47G 17.6
30 03:37:11 47G 17.6
30 03:38:11 47G 17.6
30 03:39:11 47G 17.6
30 03:40:11 47G 17.6
30 03:41:11 47G 17.6
30 03:42:11 47G 17.6
30 03:43:11 47G 17.6
30 03:44:11 47G 17.6
30 03:45:11 47G 17.6
30 03:46:11 47G 17.6
30 03:47:11 47G 17.6
30 03:48:11 47G 17.6
30 03:49:11 47G 17.6
30 03:50:11 47G 17.6
30 03:51:11 47G 17.6
30 03:52:11 47G 17.6
30 03:53:11 47G 17.6
30 03:54:11 47G 17.6
30 03:55:11 47G 17.6
30 03:56:11 47G 17.6
30 03:57:11 47G 17.6
30 03:58:11 47G 17.6
30 03:59:11 47G 17.6
30 04:00:11 47G 17.6
30 04:01:11 47G 17.6
30 04:02:11 47G 17.6
30 04:03:11 47G 17.6
30 04:04:11 47G 17.6
30 04:05:11 47G 17.6
30 04:06:11 47G 17.6
30 04:07:11 47G 17.6
30 04:08:11 47G 17.6
30 04:09:11 47G 17.6
30 04:10:11 47G 17.6
30 04:11:11 47G 17.6
30 04:12:11 47G 17.6
30 04:13:11 47G 17.6
30 04:14:11 47G 17.6
30 04:15:11 47G 17.6
30 04:16:11 47G 17.6
30 04:17:11 48G 17.6
30 04:18:11 47G 17.6
30 04:19:11 47G 17.6
30 04:20:11 48G 17.6
30 04:21:11 48G 17.6
30 04:22:11 48G 17.6
30 04:23:11 48G 17.6
30 04:24:11 48G 17.6
30 04:25:11 48G 17.6
30 04:26:11 48G 17.6
30 04:27:11 48G 17.6
30 04:28:11 48G 17.6
30 04:29:11 48G 17.6
30 04:30:11 48G 17.6
30 04:31:11 48G 17.6
30 04:32:11 48G 17.6
30 04:33:11 48G 17.6
30 04:34:11 48G 17.6
30 04:35:11 48G 17.6
30 04:36:11 48G 17.6
30 04:37:11 48G 17.6
30 04:38:11 48G 17.6
30 04:39:11 48G 17.6
30 04:40:11 48G 17.6
30 04:41:11 48G 17.6
30 04:42:11 48G 17.6
30 04:43:11 48G 17.6
30 04:44:11 48G 17.6
30 04:45:11 48G 17.6
30 04:46:11 48G 17.6
30 04:47:11 48G 17.6
30 04:48:11 48G 17.6
30 04:49:11 48G 17.6
30 04:50:11 48G 17.6
30 04:51:11 48G 17.6
30 04:52:11 48G 17.6
30 04:53:11 48G 17.6
30 04:54:11 48G 17.6
30 04:55:11 48G 17.6
30 04:56:11 48G 17.6
30 04:57:11 48G 17.6
30 04:58:11 48G 17.6
30 04:59:11 48G 17.6
30 05:00:11 48G 17.6
30 05:01:11 48G 17.6
30 05:02:11 48G 17.6
30 05:03:11 48G 17.6
30 05:04:11 48G 17.6
30 05:05:11 48G 17.6
30 05:06:11 48G 17.6
30 05:07:11 48G 17.6
30 05:08:11 48G 17.6
30 05:09:11 48G 17.6
30 05:10:11 48G 17.6
30 05:11:11 48G 17.6
30 05:12:11 48G 17.6
30 05:13:11 48G 17.6
30 05:14:11 48G 17.6
30 05:15:11 48G 17.6
30 05:16:11 48G 17.6
30 05:17:11 48G 17.6
30 05:18:11 48G 17.6
30 05:19:11 48G 17.6
30 05:20:11 48G 17.6
30 05:21:11 48G 17.6
30 05:22:11 48G 17.6
30 05:23:11 48G 17.6
30 05:24:11 48G 17.6
30 05:25:11 48G 17.6
30 05:26:11 48G 17.6
30 05:27:11 48G 17.6
30 05:28:11 48G 17.6
30 05:29:11 48G 17.6
30 05:30:11 48G 17.6
30 05:31:11 48G 17.6
30 05:32:11 48G 17.6
30 05:33:11 48G 17.6
30 05:34:11 48G 17.6
30 05:35:11 48G 17.6
30 05:36:11 48G 17.6
30 05:37:11 48G 17.6
30 05:38:11 48G 17.6
30 05:39:11 48G 17.6
30 05:40:11 48G 17.6
30 05:41:11 48G 17.6
30 05:42:11 48G 17.6
30 05:43:11 48G 17.6
30 05:44:11 48G 17.6
30 05:45:11 48G 17.6
30 05:46:11 48G 17.6
30 05:47:11 48G 17.6
30 05:48:11 48G 17.6
30 05:49:11 48G 17.6
30 05:50:11 48G 17.6
30 05:51:11 48G 17.6
30 05:52:11 48G 17.6
30 05:53:11 48G 17.6
30 05:54:11 48G 17.6
30 05:55:11 48G 17.6
30 05:56:11 48G 17.6
30 05:57:11 48G 17.6
30 05:58:11 48G 17.6
30 05:59:11 48G 17.6
30 06:00:11 48G 17.6
30 06:01:11 48G 17.6
30 06:02:11 48G 17.6
30 06:03:11 48G 17.6
30 06:04:11 48G 17.6
30 06:05:11 48G 17.6
30 06:06:11 48G 17.6
30 06:07:11 48G 17.6
30 06:08:11 48G 17.6
30 06:09:11 48G 17.6
30 06:10:11 48G 17.6
30 06:11:11 48G 17.6
30 06:12:11 48G 17.6
30 06:13:11 48G 17.6
30 06:14:11 48G 17.6
30 06:15:11 48G 17.6
30 06:16:11 48G 17.6
30 06:17:11 48G 17.6
30 06:18:11 48G 17.6
30 06:19:11 48G 17.6
30 06:20:11 48G 17.6
30 06:21:11 48G 17.6
30 06:22:11 48G 17.6
30 06:23:11 48G 17.6
30 06:24:11 48G 17.6
30 06:25:11 48G 17.6
30 06:26:11 48G 17.6
30 06:27:11 49G 17.6
30 06:28:11 49G 17.6
30 06:29:11 49G 17.6
30 06:30:11 48G 17.6
30 06:31:11 49G 17.6
30 06:32:11 49G 17.6
30 06:33:11 49G 17.6
30 06:34:11 49G 17.6
30 06:35:11 49G 17.6
30 06:36:11 49G 17.6
30 06:37:11 49G 17.6
30 06:38:11 49G 17.6
30 06:39:11 49G 17.6
30 06:40:11 49G 17.6
30 06:41:11 53G 17.6
30 06:42:11 56G 17.6
30 06:43:11 57G 17.6
30 06:44:11 57G 17.6
30 06:45:11 57G 17.6
30 06:46:11 57G 17.6
30 06:47:11 57G 17.6
30 06:48:11 57G 17.6
30 06:49:11 57G 17.6
30 06:50:11 57G 17.6
30 06:51:11 57G 17.6
30 06:52:11 57G 17.6
30 06:53:11 57G 17.6
30 06:54:11 57G 17.6
30 06:55:11 57G 17.6
30 06:56:11 57G 17.6
30 06:57:11 57G 17.6
30 06:58:11 57G 17.6
30 06:59:11 57G 17.6
30 07:00:11 57G 17.6
30 07:01:11 57G 17.6
30 07:02:11 57G 17.6
30 07:03:11 57G 17.6
30 07:04:11 58G 17.6
30 07:05:11 57G 17.6
30 07:06:11 57G 17.6
30 07:07:11 57G 17.6
30 07:08:11 57G 17.6
30 07:09:11 57G 17.6
30 07:10:11 58G 17.6
30 07:11:11 58G 17.6
30 07:12:11 58G 17.6
30 07:13:11 58G 17.6
30 07:14:11 58G 17.6
30 07:15:11 58G 17.6
30 07:16:11 58G 17.6
30 07:17:11 58G 17.6
30 07:18:11 58G 17.6
30 07:19:11 58G 17.6
30 07:20:11 58G 17.6
30 07:21:11 58G 17.6
30 07:22:11 58G 17.6
30 07:23:11 58G 17.6
30 07:24:11 58G 17.6
30 07:25:11 58G 17.6
30 07:26:11 58G 17.6
30 07:27:11 58G 17.6
30 07:28:11 58G 17.6
30 07:29:11 58G 17.6
30 07:30:11 58G 17.6
30 07:31:11 58G 17.6
30 07:32:11 58G 17.6
30 07:33:11 58G 17.6
30 07:34:11 58G 17.6
30 07:35:11 58G 17.6
30 07:36:11 58G 17.6
30 07:37:11 58G 17.6
30 07:38:11 58G 17.6
30 07:39:11 58G 17.6
30 07:40:11 58G 17.6
30 07:41:11 58G 17.6
30 07:42:11 58G 17.6
30 07:43:11 58G 17.6
30 07:44:11 58G 17.6
30 07:45:11 58G 17.6
30 07:46:11 58G 17.6
30 07:47:11 58G 17.6
30 07:48:11 58G 17.6
30 07:49:11 58G 17.6
30 07:50:11 58G 17.6
30 07:51:11 58G 17.6
30 07:52:11 58G 17.6
30 07:53:11 58G 17.6
30 07:54:11 58G 17.6
30 07:55:11 58G 17.6
30 07:56:11 58G 17.6
30 07:57:11 58G 17.6
30 07:58:11 58G 17.6
30 07:59:11 58G 17.6
30 08:00:11 58G 17.6
30 08:01:11 58G 17.6
30 08:02:11 58G 17.6
30 08:03:11 58G 17.6
30 08:04:11 58G 17.6
30 08:05:11 58G 17.6
30 08:06:11 58G 17.6
30 08:07:11 58G 17.6
30 08:08:11 58G 17.6
30 08:09:11 58G 17.6
30 08:10:11 58G 17.6
30 08:11:11 58G 17.6
30 08:12:11 58G 17.6
30 08:13:11 58G 17.6
30 08:14:11 72G 17.6
30 08:15:11 73G 17.6
30 08:16:11 66G 17.6
30 08:17:11 73G 17.6
30 08:18:11 73G 17.6
30 08:19:11 70G 17.6
30 08:20:11 73G 17.6
30 08:21:11 67G 17.6
30 08:22:11 73G 17.6
30 08:23:11 73G 17.6
30 08:24:11 70G 17.6
30 08:25:11 73G 17.6
30 08:26:11 68G 17.6
30 08:27:11 74G 17.6
30 08:28:11 74G 17.6
30 08:29:14 75G 17.6
30 08:30:41 75G 17.6
30 08:31:11 76G 17.6
30 08:32:39 76G 17.6
30 08:35:11 72G 17.6
30 08:34:15 77G 17.6
30 08:36:11 75G 17.6
30 08:37:11 77G 17.6
30 08:38:11 77G 17.6
30 08:39:11 77G 17.6
30 11:19:30 75G 17.6
30 11:20:11 74G 17.6
30 11:21:11 73G 17.6
30 11:22:11 73G 17.6
30 11:23:11 73G 17.6
30 11:24:11 73G 17.6
30 11:25:11 73G 17.6
30 11:26:11 73G 17.6
30 11:27:11 73G 17.6
30 11:28:11 73G 17.6
30 11:29:11 73G 17.6
30 11:30:11 73G 17.6
30 11:31:11 73G 17.6
30 11:32:11 73G 17.6
30 11:33:11 73G 17.6
30 11:34:11 73G 17.6
30 11:35:11 73G 17.6
30 11:36:11 73G 17.6
30 11:37:11 73G 17.6
30 11:38:11 73G 17.6
30 11:39:11 73G 17.6
30 11:40:11 73G 17.6
30 11:41:12 73G 17.6
30 11:42:11 73G 17.6
30 11:43:11 73G 17.6
30 11:44:11 73G 17.6
30 11:45:11 73G 17.6
30 11:46:11 73G 17.6
30 11:47:11 73G 17.6
30 11:48:11 73G 17.6
30 11:49:11 73G 17.6
30 11:50:11 73G 17.6
30 11:51:11 73G 17.6
30 11:52:11 73G 17.6
30 11:53:11 73G 17.6
30 11:54:11 73G 17.6
30 11:55:11 73G 17.6
30 11:56:11 73G 17.6
30 11:57:11 73G 17.6
30 11:58:11 73G 17.6
30 11:59:11 73G 17.6
30 12:00:11 73G 17.6
30 12:01:11 73G 17.6
30 12:02:11 73G 17.6
30 12:03:11 73G 17.6
30 12:04:11 73G 17.6
30 12:05:11 73G 17.6
30 12:06:11 73G 17.6
30 12:07:11 73G 17.6
30 12:08:11 73G 17.6
30 12:09:11 73G 17.6
30 12:10:11 73G 17.6
30 12:11:11 73G 17.6
30 12:12:11 73G 17.6
30 12:13:11 73G 17.6
30 12:14:11 73G 17.6
30 12:15:11 73G 17.6
30 12:16:11 73G 17.6
30 12:17:11 73G 17.6
30 12:18:11 73G 17.6
30 12:19:11 67G 17.6
30 12:20:11 74G 17.6
30 12:21:11 68G 17.6
30 12:22:11 74G 17.6
30 12:23:11 75G 17.6
30 12:24:11 69G 17.6
30 12:25:11 72G 17.6
30 12:26:11 68G 17.6
30 12:27:11 74G 17.6
30 12:28:11 75G 17.6
30 12:29:11 69G 17.6
30 12:30:11 75G 17.6
30 12:31:11 68G 17.6
30 12:32:11 73G 17.6
30 12:33:11 74G 17.6
30 12:34:11 69G 17.6
30 12:35:11 75G 17.6
30 12:36:11 68G 17.6
30 12:37:11 74G 17.6
30 12:38:11 75G 17.6
30 12:39:11 69G 17.6
30 12:40:11 76G 17.6
30 12:41:13 68G 17.6
30 12:42:11 74G 17.6
30 12:43:11 75G 17.6
30 12:44:11 69G 17.6
30 12:45:11 75G 17.6
30 12:46:11 69G 17.6
30 12:47:11 74G 17.6
30 12:48:11 76G 17.6
30 12:50:20 77G 17.6
30 12:51:11 70G 17.6
30 12:52:11 68G 17.6
30 12:53:11 68G 17.6
30 12:54:11 70G 17.6
30 12:55:11 75G 17.6
30 12:56:11 70G 17.6
30 12:57:11 75G 17.6
30 12:58:11 76G 17.6
30 12:59:11 70G 17.6
30 13:00:11 76G 17.6
30 13:01:11 69G 17.6
30 13:02:11 76G 17.6
30 13:03:11 76G 17.6
30 13:04:11 62G 17.6
30 13:05:11 62G 17.6
30 13:06:11 63G 17.6
50 13:06:27 62G 17.6
50 13:07:27 56G 17.6
50 13:08:27 12G 17.6
50 13:09:27 12G 17.6
50 13:10:27 12G 17.6
50 13:11:27 12G 17.6
50 13:12:27 12G 17.6
50 13:13:27 11G 17.6
50 13:14:27 11G 17.6
50 13:15:27 11G 17.6
50 13:16:27 10G 17.6
50 13:17:27 10G 17.6
50 13:18:27 10G 17.6
50 13:19:27 9G 17.6
50 13:20:27 9.7G 17.6
50 13:21:27 9.5G 17.6
50 13:22:27 9.4G 17.6
50 13:23:27 9.4G 17.6
50 13:24:27 10G 17.6
50 13:25:27 12G 17.6
50 13:26:27 13G 17.6
50 13:27:27 14G 17.6
50 13:28:27 15G 17.6
50 13:29:27 17G 17.6
50 13:30:27 18G 17.6
50 13:31:27 19G 17.6
50 13:32:27 20G 17.6
50 13:33:27 21G 17.6
50 13:34:27 22G 17.6
50 13:35:27 23G 17.6
50 13:36:27 24G 17.6
50 13:37:27 25G 17.6
50 13:38:27 26G 17.6
50 13:39:27 26G 17.6
50 13:40:27 27G 17.6
50 13:41:27 28G 51.4
50 13:42:27 29G 42.7
50 13:43:27 30G 41.4
50 13:44:27 31G 45.5
50 13:45:27 31G 38.7
50 13:46:27 32G 47.5
50 13:47:27 33G 51.8
50 13:48:27 33G 76.4
50 13:49:27 34G 54.4
50 13:50:27 35G 51.8
50 13:51:27 35G 60.6
50 13:52:27 35G 62.2
50 13:53:27 35G 63.0
50 13:54:27 35G 65.2
50 13:55:27 39G 62.9
50 13:56:27 46G 73.4
50 13:57:27 51G 46.3
50 13:58:27 56G 47.2
50 13:59:27 62G 76.8
50 14:00:27 67G 80.9
50 14:01:27 72G 62.8
50 14:02:27 76G 56.2
50 14:03:27 76G 42.6
50 14:04:27 76G 38.4
50 14:05:27 76G 83.0
50 14:06:27 76G 56.1
50 14:07:27 76G 66.5
50 14:08:27 76G 67.8
50 14:09:27 76G 47.3
50 14:10:27 76G 49.2
50 14:11:27 76G 68.4
50 14:12:27 76G 84.4
50 14:13:27 76G 57.1
50 14:14:27 76G 45.7
50 14:15:27 76G 65.4
50 14:16:27 76G 71.3
50 14:17:27 76G 43.8
50 14:18:27 76G 71.3
50 14:19:27 76G 52.2
50 14:20:27 76G 74.9
50 14:21:27 76G 62.1
50 14:22:27 76G 80.9
50 14:23:27 76G 60.5
50 14:24:27 76G 49.8
50 14:25:27 76G 56.5
50 14:26:27 77G 75.4
50 14:27:27 76G 66.0
50 14:28:27 76G 66.6
50 14:29:27 76G 54.4
50 14:30:27 76G 51.6
50 14:31:27 76G 42.3
50 14:32:27 76G 78.6
50 14:33:27 77G 56.5
50 14:34:27 76G 66.0
50 14:35:27 76G 77.5
50 14:36:27 76G 49.7
50 14:37:27 77G 57.5
50 14:38:27 76G 78.6
50 14:39:27 77G 70.7
50 14:40:27 77G 79.1
50 14:41:27 77G 54.5
50 14:42:27 77G 62.1
50 14:43:27 76G 49.4
50 14:44:27 77G 47.4
50 14:45:27 77G 75.0
50 14:46:27 77G 52.9
50 14:47:27 77G 63.4
50 14:48:27 77G 72.3
50 14:49:27 77G 74.9
50 14:50:27 77G 51.0
50 14:51:27 77G 80.2
50 14:52:27 77G 49.0
50 14:53:27 77G 77.7
50 14:54:27 77G 57.4
50 14:55:27 77G 42.1
50 14:56:27 77G 79.7
50 14:57:27 77G 67.2
50 14:58:27 77G 82.8
50 14:59:27 77G 67.3
50 15:00:27 77G 61.4
50 15:01:27 77G 66.9
50 15:02:27 77G 39.8
50 15:03:27 77G 79.5
50 15:04:27 77G 45.6
50 15:05:27 77G 81.2
50 15:06:27 77G 51.7
50 15:07:27 77G 49.2
50 15:08:27 77G 74.4
50 15:09:27 77G 73.1
50 15:10:27 77G 80.5
50 15:11:27 77G 58.8
50 15:12:27 77G 55.0
50 15:13:27 77G 53.5
50 15:14:27 77G 74.2
50 15:15:27 77G 76.2
50 15:16:27 77G 64.6
50 15:17:27 77G 59.4
50 15:18:27 77G 48.6
50 15:19:27 77G 76.0
50 15:20:27 77G 36.3
50 15:21:27 77G 32.6
50 15:22:27 77G 82.8
50 15:23:27 78G 60.1
50 15:24:27 77G 68.0
50 15:25:27 78G 55.3
50 15:26:27 77G 73.7
50 15:27:27 77G 45.1
50 15:28:27 78G 46.4
50 15:29:27 77G 72.8
50 15:30:27 77G 79.0
50 15:31:27 77G 55.6
50 15:32:27 77G 60.1
50 15:33:27 77G 47.2
50 15:34:27 77G 76.6
50 15:35:27 77G 39.5
50 15:36:27 77G 72.4
50 15:37:27 77G 41.2
50 15:38:27 78G 68.4
50 15:39:27 77G 54.7
50 15:40:27 77G 69.7
50 15:41:27 77G 38.8
50 15:42:27 77G 42.0
50 15:43:27 77G 82.0
50 15:44:27 77G 78.0
50 15:45:27 77G 43.2
50 15:46:27 78G 53.0
50 15:47:27 77G 54.7
50 15:48:27 77G 40.2
50 15:49:27 78G 45.6
50 15:50:27 78G 84.3
50 15:51:27 77G 57.8
50 15:52:27 78G 44.6
50 15:53:27 77G 80.1
50 15:54:27 77G 58.2
50 15:55:27 78G 48.3
50 15:56:27 77G 76.1
50 15:57:27 77G 70.6
50 15:58:27 78G 42.7
50 15:59:27 77G 71.4
50 16:00:27 77G 48.1
50 16:01:27 77G 35.2
50 16:02:27 77G 78.9
50 16:03:27 77G 61.7
50 16:04:27 78G 52.3
50 16:05:27 77G 78.0
50 16:06:27 77G 53.0
50 16:07:27 77G 52.4
50 16:08:27 77G 84.9
50 16:09:27 77G 48.1
50 16:10:27 77G 43.4
50 16:11:27 78G 81.9
50 16:12:27 77G 64.8
50 16:13:27 77G 75.5
50 16:14:27 77G 31.2
50 16:15:27 77G 39.4
50 16:16:27 77G 86.1
50 16:17:27 78G 35.6
50 16:18:27 77G 63.8
50 16:19:27 77G 48.9
50 16:20:27 77G 61.9
50 16:21:27 78G 61.0
50 16:22:27 77G 83.4
50 16:23:27 77G 79.9
50 16:24:27 77G 58.1
50 16:25:27 77G 49.2
50 16:26:27 77G 55.4
50 16:27:27 77G 47.3
50 16:28:27 78G 47.9
50 16:29:27 77G 83.7
50 16:30:27 77G 78.8
50 16:31:27 77G 56.3
50 16:32:27 77G 69.8
50 16:33:27 77G 41.0
50 16:34:27 77G 37.7
50 16:35:27 78G 61.5
50 16:36:27 77G 56.3
50 16:37:27 78G 47.6
50 16:38:27 78G 65.8
50 16:39:27 78G 77.1
50 16:40:27 77G 71.4
50 16:41:27 77G 42.9
50 16:42:27 78G 35.4
50 16:43:27 78G 73.9
50 16:44:27 77G 62.1
50 16:45:27 78G 42.4
50 16:46:27 78G 75.1
50 16:47:27 77G 68.6
50 16:48:27 77G 49.3
50 16:49:27 78G 72.4
50 16:50:27 77G 44.1
50 16:51:27 77G 69.3
50 16:52:27 77G 45.1
50 16:53:27 78G 37.6
50 16:54:27 78G 82.6
50 16:55:27 78G 65.8
50 16:56:27 77G 68.0
50 16:57:27 78G 51.3
50 16:58:27 78G 77.7
50 16:59:27 78G 86.7
50 17:00:27 77G 53.3
50 17:01:27 78G 50.9
50 17:02:27 77G 81.9
50 17:03:27 78G 37.3
50 17:04:27 77G 79.5
50 17:05:27 78G 39.8
50 17:06:27 78G 79.3
50 17:07:27 78G 37.4
50 17:08:27 78G 71.0
50 17:09:27 78G 51.8
50 17:10:27 77G 84.8
50 17:11:27 78G 52.8
50 17:12:27 78G 60.3
50 17:13:27 78G 47.2
50 17:14:27 78G 39.8
50 17:15:27 77G 81.5
50 17:16:27 78G 57.2
50 17:17:27 78G 63.2
50 17:18:27 77G 78.9
50 17:19:27 78G 33.9
50 17:20:27 78G 48.9
50 17:21:27 78G 76.3
50 17:22:27 78G 43.8
50 17:23:27 78G 85.5
50 17:24:27 78G 71.3
50 17:25:27 78G 60.5
50 17:26:27 77G 47.2
50 17:27:27 78G 44.1
50 17:28:27 78G 69.8
50 17:29:27 78G 72.6
50 17:30:27 78G 56.7
50 17:31:27 77G 69.7
50 17:32:27 78G 44.8
50 17:33:27 78G 34.9
50 17:34:27 78G 69.2
50 17:35:27 78G 72.7
50 17:36:27 78G 48.5
50 17:37:27 78G 57.6
50 17:38:27 78G 83.3
50 17:39:27 78G 54.8
50 17:40:27 78G 37.8
50 17:41:27 78G 52.0
50 17:42:27 78G 60.9
50 17:43:27 78G 87.6
50 17:44:27 78G 75.0
50 17:45:27 78G 64.5
50 17:46:27 77G 44.8
50 17:47:27 78G 36.8
50 17:48:27 78G 45.7
50 17:49:27 78G 64.3
50 17:50:27 78G 40.6
50 17:51:27 78G 86.6
50 17:52:27 78G 74.5
50 17:53:27 78G 66.1
50 17:54:27 78G 48.5
50 17:55:27 78G 73.0
50 17:56:27 78G 47.1
50 17:57:27 78G 55.7
50 17:58:27 78G 36.8
50 17:59:27 78G 69.4
50 18:00:27 78G 68.4
50 18:01:27 78G 50.1
50 18:02:27 78G 81.8
50 18:03:27 78G 54.9
50 18:04:27 78G 51.7
50 18:05:27 78G 52.1
50 18:06:27 78G 46.7
50 18:07:27 78G 72.3
50 18:08:27 78G 58.1
50 18:09:27 78G 57.9
50 18:10:27 78G 68.9
50 18:11:27 78G 76.2
50 18:12:27 78G 61.0
50 18:13:27 78G 62.8
50 18:14:27 78G 55.0
50 18:15:27 78G 63.8
50 18:16:27 78G 72.2
50 18:17:27 78G 45.0
50 18:18:27 78G 58.0
50 18:19:27 78G 71.7
50 18:20:27 78G 55.0
50 18:21:27 78G 69.3
50 18:22:27 78G 65.5
50 18:23:27 78G 43.6
50 18:24:27 78G 59.3
50 18:25:27 78G 49.3
50 18:26:27 78G 77.0
50 18:27:27 78G 50.1
50 18:28:27 78G 62.8
50 18:29:27 78G 75.5
50 18:30:27 78G 65.0
50 18:31:27 78G 43.4
50 18:32:27 78G 74.7
50 18:33:27 78G 43.1
50 18:34:27 78G 57.8
50 18:35:27 78G 66.5
50 18:36:27 78G 40.3
50 18:37:27 78G 51.5
50 18:38:27 78G 61.5
50 18:39:27 78G 84.4
50 18:40:27 78G 70.5
50 18:41:27 78G 56.9
50 18:42:27 78G 61.0
50 18:43:27 78G 41.1
50 18:44:27 78G 41.1
50 18:45:27 78G 39.6
50 18:46:27 78G 79.4
50 18:47:27 78G 56.5
50 18:48:27 78G 75.0
50 18:49:27 78G 69.0
50 18:50:27 78G 76.5
50 18:51:27 78G 57.1
50 18:52:27 78G 73.6
50 18:53:27 78G 35.4
50 18:54:27 78G 43.6
50 18:55:27 78G 51.1
50 18:56:27 78G 51.3
50 18:57:27 78G 68.8
50 18:58:27 78G 69.6
50 18:59:27 78G 66.1
50 19:00:27 78G 66.1
50 19:01:27 78G 63.2
50 19:02:27 78G 56.4
50 19:03:27 78G 46.2
50 19:04:27 78G 79.7
50 19:05:27 78G 82.5
50 19:06:27 78G 50.9
50 19:07:27 78G 69.7
50 19:08:27 78G 43.6
50 19:09:27 78G 33.6
50 19:10:27 78G 78.4
50 19:11:27 78G 79.0
50 19:12:27 78G 67.6
50 19:13:27 78G 48.3
50 19:14:27 78G 73.7
50 19:15:27 78G 49.4
50 19:16:27 78G 46.6
50 19:17:27 78G 57.5
50 19:18:27 78G 83.6
50 19:19:27 78G 46.6
50 19:20:27 78G 76.6
50 19:21:27 78G 40.2
50 19:22:27 78G 63.7
50 19:23:27 78G 86.0
50 19:24:27 78G 39.5
50 19:25:27 78G 83.1
50 19:26:27 78G 53.4
50 19:27:27 78G 76.0
50 19:28:27 78G 47.2
50 19:29:27 78G 46.2
50 19:30:27 78G 59.2
50 19:31:27 78G 43.9
50 19:32:27 78G 69.0
50 19:33:27 78G 85.4
50 19:34:27 78G 68.7
50 19:35:27 78G 38.8
50 19:36:27 78G 36.1
50 19:37:27 78G 79.2
50 19:38:27 78G 40.4
50 19:39:27 78G 80.3
50 19:40:27 78G 80.0
50 19:41:27 78G 49.4
50 19:42:27 78G 61.2
50 19:43:27 78G 56.2
50 19:44:27 78G 50.5
50 19:45:27 78G 85.4
50 19:46:27 78G 46.4
50 19:47:27 78G 51.5
50 19:48:27 78G 66.5
50 19:49:27 78G 36.2
50 19:50:27 78G 73.3
50 19:51:27 78G 46.9
50 19:52:27 78G 86.4
50 19:53:27 78G 68.5
50 19:54:27 78G 49.8
50 19:55:27 78G 72.0
50 19:56:27 78G 66.0
50 19:57:27 78G 43.9
50 19:58:27 78G 58.9
50 19:59:27 78G 48.7
50 20:00:27 78G 44.5
50 20:01:27 78G 84.7
50 20:02:27 78G 86.7
50 20:03:27 78G 40.6
50 20:04:27 78G 60.3
50 20:05:27 78G 85.1
50 20:06:27 78G 44.0
50 20:07:27 78G 46.4
50 20:08:27 78G 85.0
50 20:09:27 78G 49.4
50 20:10:27 78G 40.0
50 20:11:27 78G 47.6
50 20:12:27 78G 72.6
50 20:13:27 78G 45.3
50 20:14:27 78G 79.4
50 20:15:27 78G 66.2
50 20:16:27 78G 76.0
50 20:17:27 78G 49.9
50 20:18:27 78G 49.6
50 20:19:27 78G 75.1
50 20:20:27 78G 83.8
50 20:21:27 78G 44.0
50 20:22:27 78G 37.1
50 20:23:27 78G 49.8
50 20:24:27 78G 74.5
50 20:25:27 78G 88.7
50 20:26:27 78G 55.2
50 20:27:27 78G 69.6
50 20:28:27 78G 47.2
50 20:29:27 78G 41.1
50 20:30:27 78G 38.5
50 20:31:27 78G 46.8
50 20:32:27 78G 87.3
50 20:33:27 78G 81.8
50 20:34:27 78G 53.3
50 20:35:27 78G 66.7
50 20:36:27 78G 41.2
50 20:37:27 78G 43.8
50 20:38:27 78G 77.7
50 20:39:27 78G 38.3
50 20:40:27 78G 51.4
50 20:41:27 78G 67.4
50 20:42:27 78G 63.4
50 20:43:27 78G 88.1
50 20:44:27 78G 54.7
50 20:45:27 78G 49.6
50 20:46:27 78G 42.2
50 20:47:27 78G 77.8
50 20:48:27 78G 71.7
50 20:49:27 78G 43.0
50 20:50:27 78G 78.0
50 20:51:27 78G 39.9
50 20:52:27 78G 62.4
50 20:53:27 78G 44.8
50 20:54:27 78G 78.8
50 20:55:27 78G 59.0
50 20:56:27 78G 55.4
50 20:57:27 78G 75.8
50 20:58:27 78G 53.5
50 20:59:27 78G 78.8
50 21:00:27 78G 40.4
50 21:01:27 78G 46.0
50 21:02:27 78G 80.4
50 21:03:27 78G 49.1
50 21:04:27 78G 80.6
50 21:05:27 78G 71.9
50 21:06:27 78G 62.8
50 21:07:27 78G 41.5
50 21:08:27 78G 32.3
50 21:09:27 78G 70.3
50 21:10:27 78G 42.4
50 21:11:27 78G 67.2
50 21:12:27 78G 86.2
50 21:13:27 78G 74.9
50 21:14:27 78G 54.1
50 21:15:27 78G 56.3
50 21:16:27 77G 64.3
50 21:17:27 77G 43.6
50 21:18:27 77G 41.0
50 21:19:27 77G 75.9
50 21:20:27 77G 60.1
50 21:21:27 77G 82.8
50 21:22:27 77G 72.3
50 21:23:27 77G 78.2
50 21:24:27 77G 68.9
50 21:25:27 77G 58.6
50 21:26:27 77G 79.9
50 21:27:27 77G 43.4
50 21:28:27 77G 45.6
50 21:29:27 77G 76.9
50 21:30:27 77G 67.9
50 21:31:27 77G 67.7
50 21:32:27 77G 78.2
50 21:33:27 77G 67.2
50 21:34:27 77G 66.7
50 21:35:27 77G 47.5
50 21:36:27 77G 60.1
50 21:37:27 77G 85.1
50 21:38:27 77G 49.7
50 21:39:27 77G 74.3
50 21:40:27 77G 60.5
50 21:41:27 77G 64.7
50 21:42:27 77G 77.2
50 21:43:27 77G 89.9
50 21:44:27 77G 69.9
50 21:45:27 77G 59.2
50 21:46:27 77G 58.4
50 21:47:27 77G 70.1
50 21:48:27 77G 72.2
50 21:49:27 77G 78.7
50 21:50:27 77G 79.3
50 21:51:27 77G 56.5
50 21:52:27 77G 73.1
50 21:53:27 77G 73.2
50 21:54:27 77G 53.8
50 21:55:27 77G 77.2
50 21:56:27 77G 66.3
50 21:57:27 77G 57.2
50 21:58:27 77G 73.2
50 21:59:27 77G 54.1
50 22:00:27 77G 73.8
50 22:01:27 77G 76.7
50 22:02:27 77G 63.2
50 22:03:27 77G 67.1
50 22:04:27 77G 77.0
50 22:05:27 77G 62.3
50 22:06:27 77G 71.3
50 22:07:27 77G 72.6
50 22:08:27 77G 77.8
50 22:09:27 77G 74.0
50 22:10:27 77G 63.4
50 22:11:27 77G 62.9
50 22:12:27 77G 74.2
50 22:13:27 77G 50.5
50 22:14:27 77G 55.9
50 22:15:27 77G 78.9
50 22:16:27 77G 67.2
50 22:17:27 77G 66.5
50 22:18:27 77G 86.6
50 22:19:27 77G 56.6
50 22:20:27 77G 64.4
50 22:21:27 77G 61.7
50 22:22:27 77G 75.4
50 22:23:27 77G 53.1
50 22:24:27 77G 76.6
50 22:25:27 77G 47.4
50 22:26:27 77G 74.9
50 22:27:27 77G 69.7
50 22:28:27 77G 71.1
50 22:29:27 77G 83.2
50 22:30:27 77G 35.5
50 22:31:27 77G 60.3
50 22:32:27 77G 74.2
50 22:33:27 77G 78.1
50 22:34:27 77G 78.4
50 22:35:27 77G 79.2
50 22:36:27 77G 44.1
50 22:37:27 77G 71.3
50 22:38:27 77G 63.9
50 22:39:27 77G 82.9
50 22:40:27 77G 62.4
50 22:41:27 77G 71.6
50 22:42:27 77G 85.2
50 22:43:27 77G 48.3
50 22:44:27 78G 56.4
50 22:45:27 77G 65.2
50 22:46:27 77G 64.3
50 22:47:27 77G 66.1
50 22:48:27 77G 78.7
50 22:49:27 77G 75.5
50 22:50:27 77G 79.4
50 22:51:27 77G 72.6
50 22:52:27 77G 43.8
50 22:53:27 77G 52.9
50 22:54:27 78G 70.0
50 22:55:27 77G 50.7
50 22:56:27 77G 63.2
50 22:57:27 77G 78.1
50 22:58:27 77G 84.1
50 22:59:27 77G 89.1
50 23:00:27 77G 54.1
50 23:01:27 77G 70.1
50 23:02:27 77G 58.8
50 23:03:27 77G 84.2
50 23:04:27 77G 45.0
50 23:05:27 77G 63.3
50 23:06:27 77G 57.9
50 23:07:27 77G 68.8
50 23:08:27 77G 88.1
50 23:09:27 77G 59.9
50 23:10:27 77G 55.7
50 23:11:27 77G 47.0
50 23:12:27 77G 67.9
50 23:13:27 77G 65.1
50 23:14:27 77G 66.1
50 23:15:27 77G 63.0
50 23:16:27 77G 85.5
50 23:17:27 77G 53.2
50 23:18:27 77G 78.2
50 23:19:27 77G 55.9
50 23:20:27 77G 83.9
50 23:21:27 77G 59.4
50 23:22:27 77G 81.2
50 23:23:27 78G 63.2
50 23:24:27 78G 54.1
50 23:25:27 78G 81.8
50 23:26:27 78G 70.1
50 23:27:27 78G 45.0
50 23:28:27 78G 78.5
50 23:29:27 78G 51.4
50 23:30:27 78G 79.3
50 23:31:27 78G 81.7
50 23:32:27 78G 73.9
50 23:33:27 78G 63.3
50 23:34:27 78G 62.6
50 23:35:27 78G 68.4
50 23:36:27 78G 60.7
50 23:37:27 78G 53.7
50 23:38:27 78G 72.0
50 23:39:27 78G 76.8
50 23:40:27 78G 85.9
50 23:41:27 78G 85.6
50 23:42:27 78G 57.7
50 23:43:27 78G 57.9
50 23:44:27 78G 51.0
50 23:45:27 78G 68.7
50 23:46:27 78G 81.9
50 23:47:27 78G 85.0
50 23:48:27 78G 65.6
50 23:49:27 78G 65.8
50 23:50:27 78G 79.8
50 23:51:27 78G 55.2
50 23:52:27 78G 83.9
50 23:53:27 78G 47.3
50 23:54:27 78G 83.1
50 23:55:27 78G 61.9
50 23:56:27 78G 72.7
50 23:57:27 78G 50.5
50 23:58:27 78G 82.8
50 23:59:27 78G 69.2
50 00:00:27 78G 66.8
50 00:01:27 78G 71.0
50 00:02:27 78G 72.3
50 00:03:27 78G 54.9
50 00:04:27 78G 69.2
50 00:05:27 78G 78.2
50 00:06:27 78G 76.1
50 00:07:27 78G 69.2
50 00:08:27 78G 69.3
50 00:09:27 78G 78.3
50 00:10:27 78G 62.1
50 00:11:27 78G 76.0
50 00:12:27 78G 76.5
50 00:13:27 78G 79.6
50 00:14:27 78G 67.6
50 00:15:27 78G 55.6
50 00:16:27 78G 65.3
50 00:17:27 78G 68.1
50 00:18:27 78G 77.4
50 00:19:27 78G 49.1
50 00:20:27 78G 80.0
50 00:21:27 78G 63.2
50 00:22:27 78G 77.1
50 00:23:27 78G 75.7
50 00:24:27 78G 67.3
50 00:25:27 78G 71.8
50 00:26:27 78G 64.5
50 00:27:27 78G 67.5
50 00:28:27 78G 58.6
50 00:29:27 78G 63.0
50 00:30:27 78G 75.0
50 00:31:27 78G 59.6
50 00:32:27 78G 75.2
50 00:33:27 78G 85.8
50 00:34:27 78G 52.1
50 00:35:27 78G 80.7
50 00:36:27 78G 57.6
50 00:37:27 78G 73.0
50 00:38:27 78G 80.9
50 00:39:27 78G 73.5
50 00:40:27 78G 70.5
50 00:41:27 78G 80.9
50 00:42:27 78G 54.2
50 00:43:27 78G 62.7
50 00:44:27 78G 52.1
50 00:45:27 78G 73.5
50 00:46:27 78G 73.5
50 00:47:27 78G 82.8
50 00:48:27 78G 59.5
50 00:49:27 78G 75.1
50 00:50:27 78G 67.9
50 00:51:27 78G 61.5
50 00:52:27 78G 78.1
50 00:53:27 78G 69.7
50 00:54:27 78G 65.4
50 00:55:27 78G 52.3
50 00:56:27 78G 75.4
50 00:57:27 78G 88.0
50 00:58:27 78G 49.7
50 00:59:27 78G 66.6
50 01:00:27 78G 82.3
50 01:01:27 78G 58.9
50 01:02:27 78G 67.3
50 01:03:27 78G 47.1
50 01:04:27 78G 80.8
50 01:05:27 78G 82.6
50 01:06:27 78G 56.2
50 01:07:27 78G 77.5
50 01:08:27 78G 66.3
50 01:09:27 78G 71.2
50 01:10:27 78G 57.1
50 01:11:27 78G 62.6
50 01:12:27 78G 78.7
50 01:13:27 78G 84.0
50 01:14:27 78G 69.1
50 01:15:27 78G 65.9
50 01:16:27 78G 59.5
50 01:17:27 78G 76.0
50 01:18:27 78G 82.9
50 01:19:27 78G 64.8
50 01:20:27 78G 67.4
50 01:21:27 78G 43.2
50 01:22:27 78G 84.0
50 01:23:27 78G 79.5
50 01:24:27 78G 86.3
50 01:25:27 78G 50.5
50 01:26:27 78G 52.9
50 01:27:27 78G 47.1
50 01:28:27 78G 80.3
50 01:29:27 78G 63.5
50 01:30:27 78G 64.7
50 01:31:27 78G 86.8
50 01:32:27 78G 59.3
50 01:33:27 78G 50.8
50 01:34:27 78G 73.9
50 01:35:27 78G 66.0
50 01:36:27 78G 70.0
50 01:37:27 78G 81.0
50 01:38:27 78G 65.4
50 01:39:27 78G 54.7
50 01:40:27 78G 75.0
50 01:41:27 78G 52.4
50 01:42:27 78G 63.8
50 01:43:27 78G 89.0
50 01:44:27 78G 41.4
50 01:45:27 78G 67.1
50 01:46:27 78G 71.7
50 01:47:27 78G 87.1
50 01:48:27 78G 72.9
50 01:49:27 78G 85.6
50 01:50:27 78G 45.0
50 01:51:27 78G 57.5
50 01:52:27 78G 82.0
50 01:53:27 78G 45.0
50 01:54:27 78G 55.3
50 01:55:27 78G 52.2
50 01:56:27 78G 82.1
50 01:57:27 78G 88.1
50 01:58:27 78G 70.3
50 01:59:27 78G 61.2
50 02:00:27 78G 58.1
50 02:01:27 78G 59.4
50 02:02:27 78G 82.6
50 02:03:27 78G 70.0
50 02:04:27 78G 78.3
50 02:05:27 78G 56.8
50 02:06:27 78G 88.4
50 02:07:27 78G 75.2
50 02:08:27 78G 75.7
50 02:09:27 78G 48.4
50 02:10:27 78G 77.8
50 02:11:27 78G 64.2
50 02:12:27 78G 40.3
50 02:13:27 78G 79.6
50 02:14:27 78G 61.3
50 02:15:27 78G 89.4
50 02:16:27 78G 55.9
50 02:17:27 78G 82.6
50 02:18:27 78G 46.9
50 02:19:27 78G 83.4
50 02:20:27 78G 52.1
50 02:21:27 78G 73.1
50 02:22:27 78G 44.9
50 02:23:27 78G 86.9
50 02:24:27 78G 46.4
50 02:25:27 78G 76.4
50 02:26:27 78G 74.2
50 02:27:27 78G 64.4
50 02:28:27 78G 70.9
50 02:29:27 78G 80.3
50 02:30:27 78G 79.9
50 02:31:27 78G 61.4
50 02:32:27 78G 58.7
50 02:33:27 78G 81.0
50 02:34:27 78G 82.9
50 02:35:27 78G 67.5
50 02:36:27 78G 55.9
50 02:37:27 78G 51.8
50 02:38:27 78G 74.8
50 02:39:27 78G 58.4
50 02:40:27 78G 81.0
50 02:41:27 78G 76.4
50 02:42:27 78G 50.5
50 02:43:27 78G 52.1
50 02:44:27 78G 67.4
50 02:45:27 78G 82.9
50 02:46:27 78G 50.5
50 02:47:27 78G 87.2
50 02:48:27 78G 54.3
50 02:49:27 78G 58.9
50 02:50:27 78G 71.6
50 02:51:27 78G 48.9
50 02:52:27 78G 77.3
50 02:53:27 78G 78.0
50 02:54:27 78G 70.0
50 02:55:27 78G 47.9
50 02:56:27 78G 76.4
50 02:57:27 78G 41.7
50 02:58:27 78G 74.2
50 02:59:27 78G 80.1
50 03:00:27 78G 78.5
50 03:01:27 78G 80.2
50 03:02:27 78G 59.2
50 03:03:27 78G 60.6
50 03:04:27 78G 46.2
50 03:05:27 78G 70.5
50 03:06:27 78G 65.8
50 03:07:27 78G 64.2
50 03:08:27 78G 79.6
50 03:09:27 78G 67.5
50 03:10:27 78G 55.3
50 03:11:27 78G 67.6
50 03:12:27 78G 65.3
50 03:13:27 78G 71.8
50 03:14:27 78G 44.3
50 03:15:27 78G 74.2
50 03:16:27 78G 85.2
50 03:17:27 78G 82.9
50 03:18:27 78G 88.8
50 03:19:27 78G 74.3
50 03:20:27 78G 51.2
50 03:21:27 78G 51.1
50 03:22:27 78G 69.4
50 03:23:27 78G 70.5
50 03:24:27 78G 86.8
50 03:25:27 78G 56.1
50 03:26:27 78G 65.4
50 03:27:27 78G 66.4
50 03:28:27 78G 55.3
50 03:29:27 78G 72.2
50 03:30:27 78G 77.0
50 03:31:27 78G 82.3
50 03:32:27 78G 70.8
50 03:33:27 78G 63.0
50 03:34:27 78G 69.2
50 03:35:27 78G 42.8
50 03:36:27 78G 70.6
50 03:37:27 78G 43.1
50 03:38:27 78G 69.0
50 03:39:27 78G 79.2
50 03:40:27 78G 70.3
50 03:41:27 78G 59.3
50 03:42:27 78G 74.1
50 03:43:27 78G 84.2
50 03:44:27 78G 66.4
50 03:45:27 78G 68.0
50 03:46:27 78G 72.9
50 03:47:27 78G 55.8
50 03:48:27 78G 64.1
50 03:49:27 78G 78.0
50 03:50:27 78G 46.6
50 03:51:27 78G 82.5
50 03:52:27 78G 65.8
50 03:53:27 78G 54.7
50 03:54:27 78G 52.5
50 03:55:27 78G 81.0
50 03:56:27 78G 79.3
50 03:57:27 78G 79.4
50 03:58:27 78G 67.1
50 03:59:27 78G 75.3
50 04:00:27 78G 64.0
50 04:01:27 78G 68.5
50 04:02:27 78G 81.2
50 04:03:27 78G 55.1
50 04:04:27 78G 80.3
50 04:05:27 78G 78.0
50 04:06:27 78G 64.5
50 04:07:27 78G 65.3
50 04:08:27 78G 60.0
50 04:09:27 78G 77.7
50 04:10:27 78G 68.0
50 04:11:27 78G 55.9
50 04:12:27 78G 68.7
50 04:13:27 78G 67.8
50 04:14:27 78G 84.4
50 04:15:27 78G 56.1
50 04:16:27 78G 74.8
50 04:17:27 78G 71.3
50 04:18:27 78G 46.0
50 04:19:27 78G 78.5
50 04:20:27 78G 65.8
50 04:21:27 78G 87.0
50 04:22:27 78G 59.3
50 04:23:27 78G 63.2
50 04:24:33 80G 10.9
50 04:25:27 80G 0.7
50 05:29:46 81G 0.8
50 05:30:28 81G 0.6
50 04:26:28 80G 0.5
50 06:49:56 82G 1.5
50 06:49:56 82G 1.5
50 06:49:56 82G 1.6
50 07:30:57 81G 1.9
50 07:31:28 80G 1.9
50 07:32:28 80G 2.3
50 07:33:28 80G 1.8
50 07:34:28 80G 1.7
50 07:35:28 80G 1.8
50 07:36:27 79G 1.9
50 07:37:28 79G 1.8
50 07:38:28 79G 1.8
50 07:39:28 79G 1.8
50 07:40:27 79G 2.3
50 07:41:27 79G 2.0
50 07:42:27 79G 2.5
50 07:43:28 79G 2.3
50 07:44:28 79G 2.4
50 07:45:28 79G 2.1
50 07:46:28 80G 1.9
50 07:47:28 80G 1.6
50 07:48:28 80G 1.9
50 07:49:28 79G 1.4
50 07:50:28 79G 0.9
50 07:58:52 80G 0.7
50 07:59:28 80G 0.7
50 08:00:28 80G 0.8
50 08:01:28 80G 0.9
50 08:11:57 80G 0.6
50 08:02:28 80G 0.7
50 08:41:28 80G 1.5
50 10:30:27 80G 1.5
50 10:02:39 81G 1.5
50 10:06:25 81G 1.5
50 08:43:28 80G 1.5
50 08:42:28 81G 1.5
50 10:31:27 80G 1.5
50 10:03:27 81G 1.5
50 10:09:28 81G 1.5
50 10:29:39 80G 1.5
50 10:32:28 80G 0.6
50 10:06:27 81G 0.8
50 10:33:27 80G 0.9
50 10:34:27 80G 1.3
50 10:08:28 81G 0.7
50 10:04:27 81G 1.0
50 10:35:27 80G 0.7
50 10:36:27 79G 0.6
50 08:40:28 80G 0.8
50 10:37:27 79G 0.6
50 10:38:27 79G 0.8
50 10:39:27 79G 0.7
50 08:39:58 80G 0.9
50 08:44:28 80G 1.0
50 10:40:27 79G 1.0
50 10:41:27 79G 0.8
50 08:45:27 81G 0.8
50 10:42:27 79G 0.8
50 10:43:27 79G 0.6
50 10:44:27 79G 0.7
50 10:45:28 79G 1.4
50 10:46:28 79G 1.3
50 10:47:28 78G 1.4
50 10:48:28 78G 1.3
50 10:49:28 78G 1.4
50 10:50:28 78G 1.1
50 10:51:28 78G 1.3
50 10:07:27 81G 1.7
50 10:52:28 78G 1.7
50 10:53:28 78G 1.4
50 10:54:28 78G 1.4
50 10:55:28 78G 2.3
50 10:56:28 78G 0.3
50 11:04:38 78G 0.9
50 11:01:01 78G 0.9
50 11:44:01 78G 0.8
50 11:44:27 78G 0.7
50 12:10:30 78G 0.7
50 12:11:27 78G 0.5
50 12:12:28 78G 0.6
5 21:51:31 12G 11.7
